[ 39%] Built target collision_monitor_core
[ 47%] Built target gtest_main
[ 56%] Built target gtest
[ 65%] Built target collision_monitor
[ 73%] Built target kinematics_test
[ 82%] Built target sources_test
[ 91%] Built target polygons_test
[100%] Built target collision_monitor_node_test
-- Install configuration: "Release"
-- Up-to-date: /home/hazem/GolfCar_ws/install/nav2_collision_monitor/lib/libcollision_monitor_core.so
-- Up-to-date: /home/hazem/GolfCar_ws/install/nav2_collision_monitor/lib/nav2_collision_monitor/collision_monitor
-- Up-to-date: /home/hazem/GolfCar_ws/install/nav2_collision_monitor/include/
-- Up-to-date: /home/hazem/GolfCar_ws/install/nav2_collision_monitor/include//nav2_collision_monitor
-- Up-to-date: /home/hazem/GolfCar_ws/install/nav2_collision_monitor/include//nav2_collision_monitor/range.hpp
-- Up-to-date: /home/hazem/GolfCar_ws/install/nav2_collision_monitor/include//nav2_collision_monitor/kinematics.hpp
-- Up-to-date: /home/hazem/GolfCar_ws/install/nav2_collision_monitor/include//nav2_collision_monitor/polygon.hpp
-- Up-to-date: /home/hazem/GolfCar_ws/install/nav2_collision_monitor/include//nav2_collision_monitor/circle.hpp
-- Up-to-date: /home/hazem/GolfCar_ws/install/nav2_collision_monitor/include//nav2_collision_monitor/types.hpp
-- Up-to-date: /home/hazem/GolfCar_ws/install/nav2_collision_monitor/include//nav2_collision_monitor/collision_monitor_node.hpp
-- Up-to-date: /home/hazem/GolfCar_ws/install/nav2_collision_monitor/include//nav2_collision_monitor/source.hpp
-- Up-to-date: /home/hazem/GolfCar_ws/install/nav2_collision_monitor/include//nav2_collision_monitor/scan.hpp
-- Up-to-date: /home/hazem/GolfCar_ws/install/nav2_collision_monitor/include//nav2_collision_monitor/pointcloud.hpp
-- Up-to-date: /home/hazem/GolfCar_ws/install/nav2_collision_monitor/share/nav2_collision_monitor/launch
-- Up-to-date: /home/hazem/GolfCar_ws/install/nav2_collision_monitor/share/nav2_collision_monitor/launch/collision_monitor_node.launch.py
-- Up-to-date: /home/hazem/GolfCar_ws/install/nav2_collision_monitor/share/nav2_collision_monitor/params
-- Up-to-date: /home/hazem/GolfCar_ws/install/nav2_collision_monitor/share/nav2_collision_monitor/params/collision_monitor_params.yaml
-- Up-to-date: /home/hazem/GolfCar_ws/install/nav2_collision_monitor/share/nav2_collision_monitor/environment/library_path.sh
-- Up-to-date: /home/hazem/GolfCar_ws/install/nav2_collision_monitor/share/nav2_collision_monitor/environment/library_path.dsv
-- Up-to-date: /home/hazem/GolfCar_ws/install/nav2_collision_monitor/share/ament_index/resource_index/package_run_dependencies/nav2_collision_monitor
-- Up-to-date: /home/hazem/GolfCar_ws/install/nav2_collision_monitor/share/ament_index/resource_index/parent_prefix_path/nav2_collision_monitor
-- Up-to-date: /home/hazem/GolfCar_ws/install/nav2_collision_monitor/share/nav2_collision_monitor/environment/ament_prefix_path.sh
-- Up-to-date: /home/hazem/GolfCar_ws/install/nav2_collision_monitor/share/nav2_collision_monitor/environment/ament_prefix_path.dsv
-- Up-to-date: /home/hazem/GolfCar_ws/install/nav2_collision_monitor/share/nav2_collision_monitor/environment/path.sh
-- Up-to-date: /home/hazem/GolfCar_ws/install/nav2_collision_monitor/share/nav2_collision_monitor/environment/path.dsv
-- Up-to-date: /home/hazem/GolfCar_ws/install/nav2_collision_monitor/share/nav2_collision_monitor/local_setup.bash
-- Up-to-date: /home/hazem/GolfCar_ws/install/nav2_collision_monitor/share/nav2_collision_monitor/local_setup.sh
-- Up-to-date: /home/hazem/GolfCar_ws/install/nav2_collision_monitor/share/nav2_collision_monitor/local_setup.zsh
-- Up-to-date: /home/hazem/GolfCar_ws/install/nav2_collision_monitor/share/nav2_collision_monitor/local_setup.dsv
-- Installing: /home/hazem/GolfCar_ws/install/nav2_collision_monitor/share/nav2_collision_monitor/package.dsv
-- Up-to-date: /home/hazem/GolfCar_ws/install/nav2_collision_monitor/share/ament_index/resource_index/packages/nav2_collision_monitor
-- Up-to-date: /home/hazem/GolfCar_ws/install/nav2_collision_monitor/share/ament_index/resource_index/rclcpp_components/nav2_collision_monitor
-- Up-to-date: /home/hazem/GolfCar_ws/install/nav2_collision_monitor/share/nav2_collision_monitor/cmake/ament_cmake_export_include_directories-extras.cmake
-- Up-to-date: /home/hazem/GolfCar_ws/install/nav2_collision_monitor/share/nav2_collision_monitor/cmake/ament_cmake_export_libraries-extras.cmake
-- Up-to-date: /home/hazem/GolfCar_ws/install/nav2_collision_monitor/share/nav2_collision_monitor/cmake/ament_cmake_export_dependencies-extras.cmake
-- Up-to-date: /home/hazem/GolfCar_ws/install/nav2_collision_monitor/share/nav2_collision_monitor/cmake/nav2_collision_monitorConfig.cmake
-- Up-to-date: /home/hazem/GolfCar_ws/install/nav2_collision_monitor/share/nav2_collision_monitor/cmake/nav2_collision_monitorConfig-version.cmake
-- Up-to-date: /home/hazem/GolfCar_ws/install/nav2_collision_monitor/share/nav2_collision_monitor/package.xml
