-- Install configuration: ""
-- Up-to-date: /home/hazem/GolfCar_ws/install/velodyne/share/velodyne/launch
-- Up-to-date: /home/hazem/GolfCar_ws/install/velodyne/share/velodyne/launch/velodyne-all-nodes-VLP32C-launch.py
-- Up-to-date: /home/hazem/GolfCar_ws/install/velodyne/share/velodyne/launch/velodyne-all-nodes-VLS128-composed-launch.py
-- Up-to-date: /home/hazem/GolfCar_ws/install/velodyne/share/velodyne/launch/velodyne-all-nodes-VLP16-composed-launch.py
-- Up-to-date: /home/hazem/GolfCar_ws/install/velodyne/share/velodyne/launch/velodyne-all-nodes-VLP32C-composed-launch.py
-- Up-to-date: /home/hazem/GolfCar_ws/install/velodyne/share/velodyne/launch/velodyne-all-nodes-VLS128-launch.py
-- Up-to-date: /home/hazem/GolfCar_ws/install/velodyne/share/velodyne/launch/velodyne-all-nodes-VLP16-launch.py
-- Up-to-date: /home/hazem/GolfCar_ws/install/velodyne/share/ament_index/resource_index/package_run_dependencies/velodyne
-- Up-to-date: /home/hazem/GolfCar_ws/install/velodyne/share/ament_index/resource_index/parent_prefix_path/velodyne
-- Up-to-date: /home/hazem/GolfCar_ws/install/velodyne/share/velodyne/environment/ament_prefix_path.sh
-- Up-to-date: /home/hazem/GolfCar_ws/install/velodyne/share/velodyne/environment/ament_prefix_path.dsv
-- Up-to-date: /home/hazem/GolfCar_ws/install/velodyne/share/velodyne/environment/path.sh
-- Up-to-date: /home/hazem/GolfCar_ws/install/velodyne/share/velodyne/environment/path.dsv
-- Up-to-date: /home/hazem/GolfCar_ws/install/velodyne/share/velodyne/local_setup.bash
-- Up-to-date: /home/hazem/GolfCar_ws/install/velodyne/share/velodyne/local_setup.sh
-- Up-to-date: /home/hazem/GolfCar_ws/install/velodyne/share/velodyne/local_setup.zsh
-- Up-to-date: /home/hazem/GolfCar_ws/install/velodyne/share/velodyne/local_setup.dsv
-- Installing: /home/hazem/GolfCar_ws/install/velodyne/share/velodyne/package.dsv
-- Up-to-date: /home/hazem/GolfCar_ws/install/velodyne/share/ament_index/resource_index/packages/velodyne
-- Up-to-date: /home/hazem/GolfCar_ws/install/velodyne/share/velodyne/cmake/velodyneConfig.cmake
-- Up-to-date: /home/hazem/GolfCar_ws/install/velodyne/share/velodyne/cmake/velodyneConfig-version.cmake
-- Up-to-date: /home/hazem/GolfCar_ws/install/velodyne/share/velodyne/package.xml
