[ 20%] Built target gtest_main
[ 40%] Built target velocity_smoother_core
[ 60%] Built target gtest
[ 80%] Built target velocity_smoother
[100%] Built target velocity_smoother_tests
-- Install configuration: "Release"
-- Up-to-date: /home/hazem/GolfCar_ws/install/nav2_velocity_smoother/lib/libvelocity_smoother_core.so
-- Up-to-date: /home/hazem/GolfCar_ws/install/nav2_velocity_smoother/lib/nav2_velocity_smoother/velocity_smoother
-- Up-to-date: /home/hazem/GolfCar_ws/install/nav2_velocity_smoother/include/
-- Up-to-date: /home/hazem/GolfCar_ws/install/nav2_velocity_smoother/include//nav2_velocity_smoother
-- Up-to-date: /home/hazem/GolfCar_ws/install/nav2_velocity_smoother/include//nav2_velocity_smoother/velocity_smoother.hpp
-- Up-to-date: /home/hazem/GolfCar_ws/install/nav2_velocity_smoother/share/nav2_velocity_smoother/environment/library_path.sh
-- Up-to-date: /home/hazem/GolfCar_ws/install/nav2_velocity_smoother/share/nav2_velocity_smoother/environment/library_path.dsv
-- Up-to-date: /home/hazem/GolfCar_ws/install/nav2_velocity_smoother/share/ament_index/resource_index/package_run_dependencies/nav2_velocity_smoother
-- Up-to-date: /home/hazem/GolfCar_ws/install/nav2_velocity_smoother/share/ament_index/resource_index/parent_prefix_path/nav2_velocity_smoother
-- Up-to-date: /home/hazem/GolfCar_ws/install/nav2_velocity_smoother/share/nav2_velocity_smoother/environment/ament_prefix_path.sh
-- Up-to-date: /home/hazem/GolfCar_ws/install/nav2_velocity_smoother/share/nav2_velocity_smoother/environment/ament_prefix_path.dsv
-- Up-to-date: /home/hazem/GolfCar_ws/install/nav2_velocity_smoother/share/nav2_velocity_smoother/environment/path.sh
-- Up-to-date: /home/hazem/GolfCar_ws/install/nav2_velocity_smoother/share/nav2_velocity_smoother/environment/path.dsv
-- Up-to-date: /home/hazem/GolfCar_ws/install/nav2_velocity_smoother/share/nav2_velocity_smoother/local_setup.bash
-- Up-to-date: /home/hazem/GolfCar_ws/install/nav2_velocity_smoother/share/nav2_velocity_smoother/local_setup.sh
-- Up-to-date: /home/hazem/GolfCar_ws/install/nav2_velocity_smoother/share/nav2_velocity_smoother/local_setup.zsh
-- Up-to-date: /home/hazem/GolfCar_ws/install/nav2_velocity_smoother/share/nav2_velocity_smoother/local_setup.dsv
-- Installing: /home/hazem/GolfCar_ws/install/nav2_velocity_smoother/share/nav2_velocity_smoother/package.dsv
-- Up-to-date: /home/hazem/GolfCar_ws/install/nav2_velocity_smoother/share/ament_index/resource_index/packages/nav2_velocity_smoother
-- Up-to-date: /home/hazem/GolfCar_ws/install/nav2_velocity_smoother/share/ament_index/resource_index/rclcpp_components/nav2_velocity_smoother
-- Up-to-date: /home/hazem/GolfCar_ws/install/nav2_velocity_smoother/share/nav2_velocity_smoother/cmake/ament_cmake_export_include_directories-extras.cmake
-- Up-to-date: /home/hazem/GolfCar_ws/install/nav2_velocity_smoother/share/nav2_velocity_smoother/cmake/ament_cmake_export_libraries-extras.cmake
-- Up-to-date: /home/hazem/GolfCar_ws/install/nav2_velocity_smoother/share/nav2_velocity_smoother/cmake/ament_cmake_export_dependencies-extras.cmake
-- Up-to-date: /home/hazem/GolfCar_ws/install/nav2_velocity_smoother/share/nav2_velocity_smoother/cmake/nav2_velocity_smootherConfig.cmake
-- Up-to-date: /home/hazem/GolfCar_ws/install/nav2_velocity_smoother/share/nav2_velocity_smoother/cmake/nav2_velocity_smootherConfig-version.cmake
-- Up-to-date: /home/hazem/GolfCar_ws/install/nav2_velocity_smoother/share/nav2_velocity_smoother/package.xml
