[ 20%] Built target nav2_constrained_smoother
[ 40%] Built target gtest_main
[ 60%] Built target gtest
[ 80%] Built target test_constrained_smoother
[100%] Built target test_smoother_cost_function
-- Install configuration: "Release"
-- Up-to-date: /home/hazem/GolfCar_ws/install/nav2_constrained_smoother/lib/libnav2_constrained_smoother.so
-- Up-to-date: /home/hazem/GolfCar_ws/install/nav2_constrained_smoother/include/
-- Up-to-date: /home/hazem/GolfCar_ws/install/nav2_constrained_smoother/include//nav2_constrained_smoother
-- Up-to-date: /home/hazem/GolfCar_ws/install/nav2_constrained_smoother/include//nav2_constrained_smoother/smoother.hpp
-- Up-to-date: /home/hazem/GolfCar_ws/install/nav2_constrained_smoother/include//nav2_constrained_smoother/options.hpp
-- Up-to-date: /home/hazem/GolfCar_ws/install/nav2_constrained_smoother/include//nav2_constrained_smoother/constrained_smoother.hpp
-- Up-to-date: /home/hazem/GolfCar_ws/install/nav2_constrained_smoother/include//nav2_constrained_smoother/utils.hpp
-- Up-to-date: /home/hazem/GolfCar_ws/install/nav2_constrained_smoother/include//nav2_constrained_smoother/smoother_cost_function.hpp
-- Up-to-date: /home/hazem/GolfCar_ws/install/nav2_constrained_smoother/share/nav2_constrained_smoother/environment/library_path.sh
-- Up-to-date: /home/hazem/GolfCar_ws/install/nav2_constrained_smoother/share/nav2_constrained_smoother/environment/library_path.dsv
-- Up-to-date: /home/hazem/GolfCar_ws/install/nav2_constrained_smoother/share/nav2_constrained_smoother/nav2_constrained_smoother.xml
-- Up-to-date: /home/hazem/GolfCar_ws/install/nav2_constrained_smoother/share/ament_index/resource_index/package_run_dependencies/nav2_constrained_smoother
-- Up-to-date: /home/hazem/GolfCar_ws/install/nav2_constrained_smoother/share/ament_index/resource_index/parent_prefix_path/nav2_constrained_smoother
-- Up-to-date: /home/hazem/GolfCar_ws/install/nav2_constrained_smoother/share/nav2_constrained_smoother/environment/ament_prefix_path.sh
-- Up-to-date: /home/hazem/GolfCar_ws/install/nav2_constrained_smoother/share/nav2_constrained_smoother/environment/ament_prefix_path.dsv
-- Up-to-date: /home/hazem/GolfCar_ws/install/nav2_constrained_smoother/share/nav2_constrained_smoother/environment/path.sh
-- Up-to-date: /home/hazem/GolfCar_ws/install/nav2_constrained_smoother/share/nav2_constrained_smoother/environment/path.dsv
-- Up-to-date: /home/hazem/GolfCar_ws/install/nav2_constrained_smoother/share/nav2_constrained_smoother/local_setup.bash
-- Up-to-date: /home/hazem/GolfCar_ws/install/nav2_constrained_smoother/share/nav2_constrained_smoother/local_setup.sh
-- Up-to-date: /home/hazem/GolfCar_ws/install/nav2_constrained_smoother/share/nav2_constrained_smoother/local_setup.zsh
-- Up-to-date: /home/hazem/GolfCar_ws/install/nav2_constrained_smoother/share/nav2_constrained_smoother/local_setup.dsv
-- Installing: /home/hazem/GolfCar_ws/install/nav2_constrained_smoother/share/nav2_constrained_smoother/package.dsv
-- Up-to-date: /home/hazem/GolfCar_ws/install/nav2_constrained_smoother/share/ament_index/resource_index/packages/nav2_constrained_smoother
-- Up-to-date: /home/hazem/GolfCar_ws/install/nav2_constrained_smoother/share/ament_index/resource_index/nav2_core__pluginlib__plugin/nav2_constrained_smoother
-- Up-to-date: /home/hazem/GolfCar_ws/install/nav2_constrained_smoother/share/nav2_constrained_smoother/cmake/ament_cmake_export_include_directories-extras.cmake
-- Up-to-date: /home/hazem/GolfCar_ws/install/nav2_constrained_smoother/share/nav2_constrained_smoother/cmake/ament_cmake_export_libraries-extras.cmake
-- Up-to-date: /home/hazem/GolfCar_ws/install/nav2_constrained_smoother/share/nav2_constrained_smoother/cmake/ament_cmake_export_dependencies-extras.cmake
-- Up-to-date: /home/hazem/GolfCar_ws/install/nav2_constrained_smoother/share/nav2_constrained_smoother/cmake/nav2_constrained_smootherConfig.cmake
-- Up-to-date: /home/hazem/GolfCar_ws/install/nav2_constrained_smoother/share/nav2_constrained_smoother/cmake/nav2_constrained_smootherConfig-version.cmake
-- Up-to-date: /home/hazem/GolfCar_ws/install/nav2_constrained_smoother/share/nav2_constrained_smoother/package.xml
