[ 11%] Built target smoother_server_core
[ 22%] Built target simple_smoother
[ 33%] Built target savitzky_golay_smoother
[ 44%] Built target gtest_main
[ 55%] Built target gtest
[ 66%] Built target smoother_server
[ 77%] Built target test_smoother_server
[ 88%] Built target test_simple_smoother
[100%] Built target test_savitzky_golay_smoother
-- Install configuration: "Release"
-- Up-to-date: /home/hazem/GolfCar_ws/install/nav2_smoother/share/nav2_smoother/plugins.xml
-- Up-to-date: /home/hazem/GolfCar_ws/install/nav2_smoother/lib/libsmoother_server_core.so
-- Up-to-date: /home/hazem/GolfCar_ws/install/nav2_smoother/lib/libsimple_smoother.so
-- Up-to-date: /home/hazem/GolfCar_ws/install/nav2_smoother/lib/libsavitzky_golay_smoother.so
-- Up-to-date: /home/hazem/GolfCar_ws/install/nav2_smoother/lib/nav2_smoother/smoother_server
-- Up-to-date: /home/hazem/GolfCar_ws/install/nav2_smoother/include/
-- Up-to-date: /home/hazem/GolfCar_ws/install/nav2_smoother/include//nav2_smoother
-- Up-to-date: /home/hazem/GolfCar_ws/install/nav2_smoother/include//nav2_smoother/savitzky_golay_smoother.hpp
-- Up-to-date: /home/hazem/GolfCar_ws/install/nav2_smoother/include//nav2_smoother/simple_smoother.hpp
-- Up-to-date: /home/hazem/GolfCar_ws/install/nav2_smoother/include//nav2_smoother/smoother_utils.hpp
-- Up-to-date: /home/hazem/GolfCar_ws/install/nav2_smoother/include//nav2_smoother/nav2_smoother.hpp
-- Up-to-date: /home/hazem/GolfCar_ws/install/nav2_smoother/share/nav2_smoother/environment/library_path.sh
-- Up-to-date: /home/hazem/GolfCar_ws/install/nav2_smoother/share/nav2_smoother/environment/library_path.dsv
-- Up-to-date: /home/hazem/GolfCar_ws/install/nav2_smoother/share/ament_index/resource_index/package_run_dependencies/nav2_smoother
-- Up-to-date: /home/hazem/GolfCar_ws/install/nav2_smoother/share/ament_index/resource_index/parent_prefix_path/nav2_smoother
-- Up-to-date: /home/hazem/GolfCar_ws/install/nav2_smoother/share/nav2_smoother/environment/ament_prefix_path.sh
-- Up-to-date: /home/hazem/GolfCar_ws/install/nav2_smoother/share/nav2_smoother/environment/ament_prefix_path.dsv
-- Up-to-date: /home/hazem/GolfCar_ws/install/nav2_smoother/share/nav2_smoother/environment/path.sh
-- Up-to-date: /home/hazem/GolfCar_ws/install/nav2_smoother/share/nav2_smoother/environment/path.dsv
-- Up-to-date: /home/hazem/GolfCar_ws/install/nav2_smoother/share/nav2_smoother/local_setup.bash
-- Up-to-date: /home/hazem/GolfCar_ws/install/nav2_smoother/share/nav2_smoother/local_setup.sh
-- Up-to-date: /home/hazem/GolfCar_ws/install/nav2_smoother/share/nav2_smoother/local_setup.zsh
-- Up-to-date: /home/hazem/GolfCar_ws/install/nav2_smoother/share/nav2_smoother/local_setup.dsv
-- Installing: /home/hazem/GolfCar_ws/install/nav2_smoother/share/nav2_smoother/package.dsv
-- Up-to-date: /home/hazem/GolfCar_ws/install/nav2_smoother/share/ament_index/resource_index/packages/nav2_smoother
-- Up-to-date: /home/hazem/GolfCar_ws/install/nav2_smoother/share/ament_index/resource_index/nav2_core__pluginlib__plugin/nav2_smoother
-- Up-to-date: /home/hazem/GolfCar_ws/install/nav2_smoother/share/ament_index/resource_index/rclcpp_components/nav2_smoother
-- Up-to-date: /home/hazem/GolfCar_ws/install/nav2_smoother/share/nav2_smoother/cmake/ament_cmake_export_include_directories-extras.cmake
-- Up-to-date: /home/hazem/GolfCar_ws/install/nav2_smoother/share/nav2_smoother/cmake/ament_cmake_export_libraries-extras.cmake
-- Up-to-date: /home/hazem/GolfCar_ws/install/nav2_smoother/share/nav2_smoother/cmake/ament_cmake_export_dependencies-extras.cmake
-- Up-to-date: /home/hazem/GolfCar_ws/install/nav2_smoother/share/nav2_smoother/cmake/nav2_smootherConfig.cmake
-- Up-to-date: /home/hazem/GolfCar_ws/install/nav2_smoother/share/nav2_smoother/cmake/nav2_smootherConfig-version.cmake
-- Up-to-date: /home/hazem/GolfCar_ws/install/nav2_smoother/share/nav2_smoother/package.xml
