Built target ament_cmake_python_copy_nav2_common
running egg_info
writing nav2_common.egg-info/PKG-INFO
writing dependency_links to nav2_common.egg-info/dependency_links.txt
writing top-level names to nav2_common.egg-info/top_level.txt
reading manifest file 'nav2_common.egg-info/SOURCES.txt'
writing manifest file 'nav2_common.egg-info/SOURCES.txt'
Built target ament_cmake_python_build_nav2_common_egg
-- Install configuration: ""
-- Up-to-date: /home/hazem/GolfCar_ws/install/nav2_common/share/nav2_common/environment/pythonpath.sh
-- Up-to-date: /home/hazem/GolfCar_ws/install/nav2_common/share/nav2_common/environment/pythonpath.dsv
-- Up-to-date: /home/hazem/GolfCar_ws/install/nav2_common/local/lib/python3.10/dist-packages/nav2_common-1.1.14-py3.10.egg-info
-- Installing: /home/hazem/GolfCar_ws/install/nav2_common/local/lib/python3.10/dist-packages/nav2_common-1.1.14-py3.10.egg-info/top_level.txt
-- Installing: /home/hazem/GolfCar_ws/install/nav2_common/local/lib/python3.10/dist-packages/nav2_common-1.1.14-py3.10.egg-info/PKG-INFO
-- Installing: /home/hazem/GolfCar_ws/install/nav2_common/local/lib/python3.10/dist-packages/nav2_common-1.1.14-py3.10.egg-info/SOURCES.txt
-- Installing: /home/hazem/GolfCar_ws/install/nav2_common/local/lib/python3.10/dist-packages/nav2_common-1.1.14-py3.10.egg-info/dependency_links.txt
-- Up-to-date: /home/hazem/GolfCar_ws/install/nav2_common/local/lib/python3.10/dist-packages/nav2_common
-- Up-to-date: /home/hazem/GolfCar_ws/install/nav2_common/local/lib/python3.10/dist-packages/nav2_common/__init__.py
-- Up-to-date: /home/hazem/GolfCar_ws/install/nav2_common/local/lib/python3.10/dist-packages/nav2_common/launch
-- Up-to-date: /home/hazem/GolfCar_ws/install/nav2_common/local/lib/python3.10/dist-packages/nav2_common/launch/has_node_params.py
-- Up-to-date: /home/hazem/GolfCar_ws/install/nav2_common/local/lib/python3.10/dist-packages/nav2_common/launch/__init__.py
-- Up-to-date: /home/hazem/GolfCar_ws/install/nav2_common/local/lib/python3.10/dist-packages/nav2_common/launch/rewritten_yaml.py
-- Up-to-date: /home/hazem/GolfCar_ws/install/nav2_common/local/lib/python3.10/dist-packages/nav2_common/launch/parse_multirobot_pose.py
-- Up-to-date: /home/hazem/GolfCar_ws/install/nav2_common/local/lib/python3.10/dist-packages/nav2_common/launch/replace_string.py
Listing '/home/hazem/GolfCar_ws/install/nav2_common/local/lib/python3.10/dist-packages/nav2_common'...
Listing '/home/hazem/GolfCar_ws/install/nav2_common/local/lib/python3.10/dist-packages/nav2_common/launch'...
-- Up-to-date: /home/hazem/GolfCar_ws/install/nav2_common/share/ament_index/resource_index/package_run_dependencies/nav2_common
-- Up-to-date: /home/hazem/GolfCar_ws/install/nav2_common/share/ament_index/resource_index/parent_prefix_path/nav2_common
-- Up-to-date: /home/hazem/GolfCar_ws/install/nav2_common/share/nav2_common/environment/ament_prefix_path.sh
-- Up-to-date: /home/hazem/GolfCar_ws/install/nav2_common/share/nav2_common/environment/ament_prefix_path.dsv
-- Up-to-date: /home/hazem/GolfCar_ws/install/nav2_common/share/nav2_common/environment/path.sh
-- Up-to-date: /home/hazem/GolfCar_ws/install/nav2_common/share/nav2_common/environment/path.dsv
-- Up-to-date: /home/hazem/GolfCar_ws/install/nav2_common/share/nav2_common/local_setup.bash
-- Up-to-date: /home/hazem/GolfCar_ws/install/nav2_common/share/nav2_common/local_setup.sh
-- Up-to-date: /home/hazem/GolfCar_ws/install/nav2_common/share/nav2_common/local_setup.zsh
-- Up-to-date: /home/hazem/GolfCar_ws/install/nav2_common/share/nav2_common/local_setup.dsv
-- Installing: /home/hazem/GolfCar_ws/install/nav2_common/share/nav2_common/package.dsv
-- Up-to-date: /home/hazem/GolfCar_ws/install/nav2_common/share/ament_index/resource_index/packages/nav2_common
-- Up-to-date: /home/hazem/GolfCar_ws/install/nav2_common/share/nav2_common/cmake/nav2_common-extras.cmake
-- Up-to-date: /home/hazem/GolfCar_ws/install/nav2_common/share/nav2_common/cmake/nav2_commonConfig.cmake
-- Up-to-date: /home/hazem/GolfCar_ws/install/nav2_common/share/nav2_common/cmake/nav2_commonConfig-version.cmake
-- Up-to-date: /home/hazem/GolfCar_ws/install/nav2_common/share/nav2_common/package.xml
-- Up-to-date: /home/hazem/GolfCar_ws/install/nav2_common/share/nav2_common/cmake
-- Up-to-date: /home/hazem/GolfCar_ws/install/nav2_common/share/nav2_common/cmake/nav2_package.cmake
