[0.028s] Invoking command in '/home/hazem/GolfCar_ws/build/nav2_common': CMAKE_PREFIX_PATH=${CMAKE_PREFIX_PATH}:/home/hazem/GolfCar_ws/install/nav2_simple_commander:/opt/ros/humble /usr/bin/cmake --build /home/hazem/GolfCar_ws/build/nav2_common -- -j2 -l2
[0.160s] Built target ament_cmake_python_copy_nav2_common
[0.482s] running egg_info
[0.484s] writing nav2_common.egg-info/PKG-INFO
[0.485s] writing dependency_links to nav2_common.egg-info/dependency_links.txt
[0.485s] writing top-level names to nav2_common.egg-info/top_level.txt
[0.488s] reading manifest file 'nav2_common.egg-info/SOURCES.txt'
[0.489s] writing manifest file 'nav2_common.egg-info/SOURCES.txt'
[0.546s] Built target ament_cmake_python_build_nav2_common_egg
[0.564s] Invoked command in '/home/hazem/GolfCar_ws/build/nav2_common' returned '0': CMAKE_PREFIX_PATH=${CMAKE_PREFIX_PATH}:/home/hazem/GolfCar_ws/install/nav2_simple_commander:/opt/ros/humble /usr/bin/cmake --build /home/hazem/GolfCar_ws/build/nav2_common -- -j2 -l2
[0.694s] Invoking command in '/home/hazem/GolfCar_ws/build/nav2_common': CMAKE_PREFIX_PATH=${CMAKE_PREFIX_PATH}:/home/hazem/GolfCar_ws/install/nav2_simple_commander:/opt/ros/humble /usr/bin/cmake --install /home/hazem/GolfCar_ws/build/nav2_common
[0.712s] -- Install configuration: ""
[0.712s] -- Up-to-date: /home/hazem/GolfCar_ws/install/nav2_common/share/nav2_common/environment/pythonpath.sh
[0.712s] -- Up-to-date: /home/hazem/GolfCar_ws/install/nav2_common/share/nav2_common/environment/pythonpath.dsv
[0.712s] -- Up-to-date: /home/hazem/GolfCar_ws/install/nav2_common/local/lib/python3.10/dist-packages/nav2_common-1.1.14-py3.10.egg-info
[0.712s] -- Installing: /home/hazem/GolfCar_ws/install/nav2_common/local/lib/python3.10/dist-packages/nav2_common-1.1.14-py3.10.egg-info/top_level.txt
[0.712s] -- Installing: /home/hazem/GolfCar_ws/install/nav2_common/local/lib/python3.10/dist-packages/nav2_common-1.1.14-py3.10.egg-info/PKG-INFO
[0.712s] -- Installing: /home/hazem/GolfCar_ws/install/nav2_common/local/lib/python3.10/dist-packages/nav2_common-1.1.14-py3.10.egg-info/SOURCES.txt
[0.713s] -- Installing: /home/hazem/GolfCar_ws/install/nav2_common/local/lib/python3.10/dist-packages/nav2_common-1.1.14-py3.10.egg-info/dependency_links.txt
[0.713s] -- Up-to-date: /home/hazem/GolfCar_ws/install/nav2_common/local/lib/python3.10/dist-packages/nav2_common
[0.713s] -- Up-to-date: /home/hazem/GolfCar_ws/install/nav2_common/local/lib/python3.10/dist-packages/nav2_common/__init__.py
[0.713s] -- Up-to-date: /home/hazem/GolfCar_ws/install/nav2_common/local/lib/python3.10/dist-packages/nav2_common/launch
[0.713s] -- Up-to-date: /home/hazem/GolfCar_ws/install/nav2_common/local/lib/python3.10/dist-packages/nav2_common/launch/has_node_params.py
[0.713s] -- Up-to-date: /home/hazem/GolfCar_ws/install/nav2_common/local/lib/python3.10/dist-packages/nav2_common/launch/__init__.py
[0.713s] -- Up-to-date: /home/hazem/GolfCar_ws/install/nav2_common/local/lib/python3.10/dist-packages/nav2_common/launch/rewritten_yaml.py
[0.713s] -- Up-to-date: /home/hazem/GolfCar_ws/install/nav2_common/local/lib/python3.10/dist-packages/nav2_common/launch/parse_multirobot_pose.py
[0.713s] -- Up-to-date: /home/hazem/GolfCar_ws/install/nav2_common/local/lib/python3.10/dist-packages/nav2_common/launch/replace_string.py
[0.753s] Listing '/home/hazem/GolfCar_ws/install/nav2_common/local/lib/python3.10/dist-packages/nav2_common'...
[0.753s] Listing '/home/hazem/GolfCar_ws/install/nav2_common/local/lib/python3.10/dist-packages/nav2_common/launch'...
[0.756s] -- Up-to-date: /home/hazem/GolfCar_ws/install/nav2_common/share/ament_index/resource_index/package_run_dependencies/nav2_common
[0.757s] -- Up-to-date: /home/hazem/GolfCar_ws/install/nav2_common/share/ament_index/resource_index/parent_prefix_path/nav2_common
[0.757s] -- Up-to-date: /home/hazem/GolfCar_ws/install/nav2_common/share/nav2_common/environment/ament_prefix_path.sh
[0.757s] -- Up-to-date: /home/hazem/GolfCar_ws/install/nav2_common/share/nav2_common/environment/ament_prefix_path.dsv
[0.757s] -- Up-to-date: /home/hazem/GolfCar_ws/install/nav2_common/share/nav2_common/environment/path.sh
[0.757s] -- Up-to-date: /home/hazem/GolfCar_ws/install/nav2_common/share/nav2_common/environment/path.dsv
[0.757s] -- Up-to-date: /home/hazem/GolfCar_ws/install/nav2_common/share/nav2_common/local_setup.bash
[0.757s] -- Up-to-date: /home/hazem/GolfCar_ws/install/nav2_common/share/nav2_common/local_setup.sh
[0.757s] -- Up-to-date: /home/hazem/GolfCar_ws/install/nav2_common/share/nav2_common/local_setup.zsh
[0.757s] -- Up-to-date: /home/hazem/GolfCar_ws/install/nav2_common/share/nav2_common/local_setup.dsv
[0.757s] -- Installing: /home/hazem/GolfCar_ws/install/nav2_common/share/nav2_common/package.dsv
[0.757s] -- Up-to-date: /home/hazem/GolfCar_ws/install/nav2_common/share/ament_index/resource_index/packages/nav2_common
[0.757s] -- Up-to-date: /home/hazem/GolfCar_ws/install/nav2_common/share/nav2_common/cmake/nav2_common-extras.cmake
[0.758s] -- Up-to-date: /home/hazem/GolfCar_ws/install/nav2_common/share/nav2_common/cmake/nav2_commonConfig.cmake
[0.758s] -- Up-to-date: /home/hazem/GolfCar_ws/install/nav2_common/share/nav2_common/cmake/nav2_commonConfig-version.cmake
[0.758s] -- Up-to-date: /home/hazem/GolfCar_ws/install/nav2_common/share/nav2_common/package.xml
[0.758s] -- Up-to-date: /home/hazem/GolfCar_ws/install/nav2_common/share/nav2_common/cmake
[0.758s] -- Up-to-date: /home/hazem/GolfCar_ws/install/nav2_common/share/nav2_common/cmake/nav2_package.cmake
[0.760s] Invoked command in '/home/hazem/GolfCar_ws/build/nav2_common' returned '0': CMAKE_PREFIX_PATH=${CMAKE_PREFIX_PATH}:/home/hazem/GolfCar_ws/install/nav2_simple_commander:/opt/ros/humble /usr/bin/cmake --install /home/hazem/GolfCar_ws/build/nav2_common
