[0.017s] Invoking command in '/home/hazem/GolfCar_ws/build/velodyne_msgs': CMAKE_PREFIX_PATH=${CMAKE_PREFIX_PATH}:/home/hazem/GolfCar_ws/install/nav2_simple_commander:/opt/ros/humble /usr/bin/cmake --build /home/hazem/GolfCar_ws/build/velodyne_msgs -- -j2 -l2
[0.116s] [  2%] Built target velodyne_msgs__cpp
[0.128s] [ 12%] Built target velodyne_msgs__rosidl_generator_c
[0.171s] [ 23%] Built target velodyne_msgs__rosidl_typesupport_cpp
[0.183s] [ 23%] Built target ament_cmake_python_copy_velodyne_msgs
[0.217s] [ 33%] Built target velodyne_msgs__rosidl_typesupport_fastrtps_c
[0.243s] [ 43%] Built target velodyne_msgs__rosidl_typesupport_fastrtps_cpp
[0.270s] [ 53%] Built target velodyne_msgs__rosidl_typesupport_introspection_c
[0.295s] [ 64%] Built target velodyne_msgs__rosidl_typesupport_c
[0.323s] [ 74%] Built target velodyne_msgs__rosidl_typesupport_introspection_cpp
[0.371s] [ 74%] Built target velodyne_msgs
[0.408s] [ 76%] Built target velodyne_msgs__py
[0.453s] [ 84%] Built target velodyne_msgs__rosidl_generator_py
[0.501s] [ 89%] Built target velodyne_msgs__rosidl_typesupport_fastrtps_c__pyext
[0.549s] [ 94%] Built target velodyne_msgs__rosidl_typesupport_introspection_c__pyext
[0.594s] [100%] Built target velodyne_msgs__rosidl_typesupport_c__pyext
[0.623s] running egg_info
[0.623s] writing velodyne_msgs.egg-info/PKG-INFO
[0.624s] writing dependency_links to velodyne_msgs.egg-info/dependency_links.txt
[0.624s] writing top-level names to velodyne_msgs.egg-info/top_level.txt
[0.626s] reading manifest file 'velodyne_msgs.egg-info/SOURCES.txt'
[0.627s] writing manifest file 'velodyne_msgs.egg-info/SOURCES.txt'
[0.661s] [100%] Built target ament_cmake_python_build_velodyne_msgs_egg
[0.678s] Invoked command in '/home/hazem/GolfCar_ws/build/velodyne_msgs' returned '0': CMAKE_PREFIX_PATH=${CMAKE_PREFIX_PATH}:/home/hazem/GolfCar_ws/install/nav2_simple_commander:/opt/ros/humble /usr/bin/cmake --build /home/hazem/GolfCar_ws/build/velodyne_msgs -- -j2 -l2
[0.897s] Invoking command in '/home/hazem/GolfCar_ws/build/velodyne_msgs': CMAKE_PREFIX_PATH=${CMAKE_PREFIX_PATH}:/home/hazem/GolfCar_ws/install/nav2_simple_commander:/opt/ros/humble /usr/bin/cmake --install /home/hazem/GolfCar_ws/build/velodyne_msgs
[0.910s] -- Install configuration: ""
[0.911s] -- Up-to-date: /home/hazem/GolfCar_ws/install/velodyne_msgs/share/ament_index/resource_index/rosidl_interfaces/velodyne_msgs
[0.911s] -- Up-to-date: /home/hazem/GolfCar_ws/install/velodyne_msgs/include/velodyne_msgs/velodyne_msgs
[0.912s] -- Up-to-date: /home/hazem/GolfCar_ws/install/velodyne_msgs/include/velodyne_msgs/velodyne_msgs/msg
[0.912s] -- Up-to-date: /home/hazem/GolfCar_ws/install/velodyne_msgs/include/velodyne_msgs/velodyne_msgs/msg/velodyne_scan.h
[0.913s] -- Up-to-date: /home/hazem/GolfCar_ws/install/velodyne_msgs/include/velodyne_msgs/velodyne_msgs/msg/detail
[0.913s] -- Up-to-date: /home/hazem/GolfCar_ws/install/velodyne_msgs/include/velodyne_msgs/velodyne_msgs/msg/detail/velodyne_packet__functions.c
[0.913s] -- Up-to-date: /home/hazem/GolfCar_ws/install/velodyne_msgs/include/velodyne_msgs/velodyne_msgs/msg/detail/velodyne_packet__type_support.h
[0.913s] -- Up-to-date: /home/hazem/GolfCar_ws/install/velodyne_msgs/include/velodyne_msgs/velodyne_msgs/msg/detail/velodyne_packet__struct.h
[0.913s] -- Up-to-date: /home/hazem/GolfCar_ws/install/velodyne_msgs/include/velodyne_msgs/velodyne_msgs/msg/detail/velodyne_scan__functions.h
[0.913s] -- Up-to-date: /home/hazem/GolfCar_ws/install/velodyne_msgs/include/velodyne_msgs/velodyne_msgs/msg/detail/velodyne_scan__type_support.h
[0.913s] -- Up-to-date: /home/hazem/GolfCar_ws/install/velodyne_msgs/include/velodyne_msgs/velodyne_msgs/msg/detail/velodyne_packet__functions.h
[0.913s] -- Up-to-date: /home/hazem/GolfCar_ws/install/velodyne_msgs/include/velodyne_msgs/velodyne_msgs/msg/detail/velodyne_scan__struct.h
[0.914s] -- Up-to-date: /home/hazem/GolfCar_ws/install/velodyne_msgs/include/velodyne_msgs/velodyne_msgs/msg/detail/velodyne_scan__functions.c
[0.914s] -- Up-to-date: /home/hazem/GolfCar_ws/install/velodyne_msgs/include/velodyne_msgs/velodyne_msgs/msg/velodyne_packet.h
[0.914s] -- Up-to-date: /home/hazem/GolfCar_ws/install/velodyne_msgs/include/velodyne_msgs/velodyne_msgs/msg/rosidl_generator_c__visibility_control.h
[0.914s] -- Up-to-date: /home/hazem/GolfCar_ws/install/velodyne_msgs/share/velodyne_msgs/environment/library_path.sh
[0.914s] -- Up-to-date: /home/hazem/GolfCar_ws/install/velodyne_msgs/share/velodyne_msgs/environment/library_path.dsv
[0.914s] -- Up-to-date: /home/hazem/GolfCar_ws/install/velodyne_msgs/lib/libvelodyne_msgs__rosidl_generator_c.so
[0.915s] -- Up-to-date: /home/hazem/GolfCar_ws/install/velodyne_msgs/include/velodyne_msgs/velodyne_msgs
[0.915s] -- Up-to-date: /home/hazem/GolfCar_ws/install/velodyne_msgs/include/velodyne_msgs/velodyne_msgs/msg
[0.915s] -- Up-to-date: /home/hazem/GolfCar_ws/install/velodyne_msgs/include/velodyne_msgs/velodyne_msgs/msg/rosidl_typesupport_fastrtps_c__visibility_control.h
[0.915s] -- Up-to-date: /home/hazem/GolfCar_ws/install/velodyne_msgs/include/velodyne_msgs/velodyne_msgs/msg/detail
[0.915s] -- Up-to-date: /home/hazem/GolfCar_ws/install/velodyne_msgs/include/velodyne_msgs/velodyne_msgs/msg/detail/velodyne_packet__rosidl_typesupport_fastrtps_c.h
[0.915s] -- Up-to-date: /home/hazem/GolfCar_ws/install/velodyne_msgs/include/velodyne_msgs/velodyne_msgs/msg/detail/velodyne_scan__rosidl_typesupport_fastrtps_c.h
[0.915s] -- Up-to-date: /home/hazem/GolfCar_ws/install/velodyne_msgs/lib/libvelodyne_msgs__rosidl_typesupport_fastrtps_c.so
[0.915s] -- Up-to-date: /home/hazem/GolfCar_ws/install/velodyne_msgs/include/velodyne_msgs/velodyne_msgs
[0.916s] -- Up-to-date: /home/hazem/GolfCar_ws/install/velodyne_msgs/include/velodyne_msgs/velodyne_msgs/msg
[0.916s] -- Up-to-date: /home/hazem/GolfCar_ws/install/velodyne_msgs/include/velodyne_msgs/velodyne_msgs/msg/detail
[0.917s] -- Up-to-date: /home/hazem/GolfCar_ws/install/velodyne_msgs/include/velodyne_msgs/velodyne_msgs/msg/detail/velodyne_packet__builder.hpp
[0.917s] -- Up-to-date: /home/hazem/GolfCar_ws/install/velodyne_msgs/include/velodyne_msgs/velodyne_msgs/msg/detail/velodyne_scan__struct.hpp
[0.917s] -- Up-to-date: /home/hazem/GolfCar_ws/install/velodyne_msgs/include/velodyne_msgs/velodyne_msgs/msg/detail/velodyne_packet__traits.hpp
[0.917s] -- Up-to-date: /home/hazem/GolfCar_ws/install/velodyne_msgs/include/velodyne_msgs/velodyne_msgs/msg/detail/velodyne_scan__builder.hpp
[0.917s] -- Up-to-date: /home/hazem/GolfCar_ws/install/velodyne_msgs/include/velodyne_msgs/velodyne_msgs/msg/detail/velodyne_scan__traits.hpp
[0.917s] -- Up-to-date: /home/hazem/GolfCar_ws/install/velodyne_msgs/include/velodyne_msgs/velodyne_msgs/msg/detail/velodyne_packet__struct.hpp
[0.917s] -- Up-to-date: /home/hazem/GolfCar_ws/install/velodyne_msgs/include/velodyne_msgs/velodyne_msgs/msg/velodyne_scan.hpp
[0.918s] -- Up-to-date: /home/hazem/GolfCar_ws/install/velodyne_msgs/include/velodyne_msgs/velodyne_msgs/msg/velodyne_packet.hpp
[0.918s] -- Up-to-date: /home/hazem/GolfCar_ws/install/velodyne_msgs/include/velodyne_msgs/velodyne_msgs
[0.918s] -- Up-to-date: /home/hazem/GolfCar_ws/install/velodyne_msgs/include/velodyne_msgs/velodyne_msgs/msg
[0.918s] -- Up-to-date: /home/hazem/GolfCar_ws/install/velodyne_msgs/include/velodyne_msgs/velodyne_msgs/msg/detail
[0.919s] -- Up-to-date: /home/hazem/GolfCar_ws/install/velodyne_msgs/include/velodyne_msgs/velodyne_msgs/msg/detail/velodyne_packet__rosidl_typesupport_fastrtps_cpp.hpp
[0.919s] -- Up-to-date: /home/hazem/GolfCar_ws/install/velodyne_msgs/include/velodyne_msgs/velodyne_msgs/msg/detail/dds_fastrtps
[0.919s] -- Up-to-date: /home/hazem/GolfCar_ws/install/velodyne_msgs/include/velodyne_msgs/velodyne_msgs/msg/detail/velodyne_scan__rosidl_typesupport_fastrtps_cpp.hpp
[0.919s] -- Up-to-date: /home/hazem/GolfCar_ws/install/velodyne_msgs/include/velodyne_msgs/velodyne_msgs/msg/rosidl_typesupport_fastrtps_cpp__visibility_control.h
[0.919s] -- Up-to-date: /home/hazem/GolfCar_ws/install/velodyne_msgs/lib/libvelodyne_msgs__rosidl_typesupport_fastrtps_cpp.so
[0.920s] -- Up-to-date: /home/hazem/GolfCar_ws/install/velodyne_msgs/include/velodyne_msgs/velodyne_msgs
[0.920s] -- Up-to-date: /home/hazem/GolfCar_ws/install/velodyne_msgs/include/velodyne_msgs/velodyne_msgs/msg
[0.920s] -- Up-to-date: /home/hazem/GolfCar_ws/install/velodyne_msgs/include/velodyne_msgs/velodyne_msgs/msg/detail
[0.920s] -- Up-to-date: /home/hazem/GolfCar_ws/install/velodyne_msgs/include/velodyne_msgs/velodyne_msgs/msg/detail/velodyne_scan__type_support.c
[0.920s] -- Up-to-date: /home/hazem/GolfCar_ws/install/velodyne_msgs/include/velodyne_msgs/velodyne_msgs/msg/detail/velodyne_scan__rosidl_typesupport_introspection_c.h
[0.921s] -- Up-to-date: /home/hazem/GolfCar_ws/install/velodyne_msgs/include/velodyne_msgs/velodyne_msgs/msg/detail/velodyne_packet__type_support.c
[0.921s] -- Up-to-date: /home/hazem/GolfCar_ws/install/velodyne_msgs/include/velodyne_msgs/velodyne_msgs/msg/detail/velodyne_packet__rosidl_typesupport_introspection_c.h
[0.921s] -- Up-to-date: /home/hazem/GolfCar_ws/install/velodyne_msgs/include/velodyne_msgs/velodyne_msgs/msg/rosidl_typesupport_introspection_c__visibility_control.h
[0.921s] -- Up-to-date: /home/hazem/GolfCar_ws/install/velodyne_msgs/lib/libvelodyne_msgs__rosidl_typesupport_introspection_c.so
[0.921s] -- Up-to-date: /home/hazem/GolfCar_ws/install/velodyne_msgs/lib/libvelodyne_msgs__rosidl_typesupport_c.so
[0.922s] -- Up-to-date: /home/hazem/GolfCar_ws/install/velodyne_msgs/include/velodyne_msgs/velodyne_msgs
[0.922s] -- Up-to-date: /home/hazem/GolfCar_ws/install/velodyne_msgs/include/velodyne_msgs/velodyne_msgs/msg
[0.922s] -- Up-to-date: /home/hazem/GolfCar_ws/install/velodyne_msgs/include/velodyne_msgs/velodyne_msgs/msg/detail
[0.922s] -- Up-to-date: /home/hazem/GolfCar_ws/install/velodyne_msgs/include/velodyne_msgs/velodyne_msgs/msg/detail/velodyne_scan__type_support.cpp
[0.922s] -- Up-to-date: /home/hazem/GolfCar_ws/install/velodyne_msgs/include/velodyne_msgs/velodyne_msgs/msg/detail/velodyne_packet__type_support.cpp
[0.922s] -- Up-to-date: /home/hazem/GolfCar_ws/install/velodyne_msgs/include/velodyne_msgs/velodyne_msgs/msg/detail/velodyne_packet__rosidl_typesupport_introspection_cpp.hpp
[0.922s] -- Up-to-date: /home/hazem/GolfCar_ws/install/velodyne_msgs/include/velodyne_msgs/velodyne_msgs/msg/detail/velodyne_scan__rosidl_typesupport_introspection_cpp.hpp
[0.923s] -- Up-to-date: /home/hazem/GolfCar_ws/install/velodyne_msgs/lib/libvelodyne_msgs__rosidl_typesupport_introspection_cpp.so
[0.923s] -- Up-to-date: /home/hazem/GolfCar_ws/install/velodyne_msgs/lib/libvelodyne_msgs__rosidl_typesupport_cpp.so
[0.923s] -- Up-to-date: /home/hazem/GolfCar_ws/install/velodyne_msgs/share/velodyne_msgs/environment/pythonpath.sh
[0.923s] -- Up-to-date: /home/hazem/GolfCar_ws/install/velodyne_msgs/share/velodyne_msgs/environment/pythonpath.dsv
[0.923s] -- Up-to-date: /home/hazem/GolfCar_ws/install/velodyne_msgs/local/lib/python3.10/dist-packages/velodyne_msgs-2.4.0-py3.10.egg-info
[0.923s] -- Installing: /home/hazem/GolfCar_ws/install/velodyne_msgs/local/lib/python3.10/dist-packages/velodyne_msgs-2.4.0-py3.10.egg-info/top_level.txt
[0.923s] -- Installing: /home/hazem/GolfCar_ws/install/velodyne_msgs/local/lib/python3.10/dist-packages/velodyne_msgs-2.4.0-py3.10.egg-info/PKG-INFO
[0.924s] -- Installing: /home/hazem/GolfCar_ws/install/velodyne_msgs/local/lib/python3.10/dist-packages/velodyne_msgs-2.4.0-py3.10.egg-info/SOURCES.txt
[0.924s] -- Installing: /home/hazem/GolfCar_ws/install/velodyne_msgs/local/lib/python3.10/dist-packages/velodyne_msgs-2.4.0-py3.10.egg-info/dependency_links.txt
[0.924s] -- Up-to-date: /home/hazem/GolfCar_ws/install/velodyne_msgs/local/lib/python3.10/dist-packages/velodyne_msgs
[0.925s] -- Up-to-date: /home/hazem/GolfCar_ws/install/velodyne_msgs/local/lib/python3.10/dist-packages/velodyne_msgs/velodyne_msgs_s__rosidl_typesupport_fastrtps_c.cpython-310-x86_64-linux-gnu.so
[0.925s] -- Up-to-date: /home/hazem/GolfCar_ws/install/velodyne_msgs/local/lib/python3.10/dist-packages/velodyne_msgs/msg
[0.925s] -- Up-to-date: /home/hazem/GolfCar_ws/install/velodyne_msgs/local/lib/python3.10/dist-packages/velodyne_msgs/msg/_velodyne_scan_s.c
[0.925s] -- Up-to-date: /home/hazem/GolfCar_ws/install/velodyne_msgs/local/lib/python3.10/dist-packages/velodyne_msgs/msg/__init__.py
[0.927s] -- Up-to-date: /home/hazem/GolfCar_ws/install/velodyne_msgs/local/lib/python3.10/dist-packages/velodyne_msgs/msg/_velodyne_packet_s.c
[0.927s] -- Up-to-date: /home/hazem/GolfCar_ws/install/velodyne_msgs/local/lib/python3.10/dist-packages/velodyne_msgs/msg/_velodyne_scan.py
[0.927s] -- Up-to-date: /home/hazem/GolfCar_ws/install/velodyne_msgs/local/lib/python3.10/dist-packages/velodyne_msgs/msg/_velodyne_packet.py
[0.927s] -- Up-to-date: /home/hazem/GolfCar_ws/install/velodyne_msgs/local/lib/python3.10/dist-packages/velodyne_msgs/libvelodyne_msgs__rosidl_generator_py.so
[0.927s] -- Up-to-date: /home/hazem/GolfCar_ws/install/velodyne_msgs/local/lib/python3.10/dist-packages/velodyne_msgs/velodyne_msgs_s__rosidl_typesupport_c.cpython-310-x86_64-linux-gnu.so
[0.927s] -- Up-to-date: /home/hazem/GolfCar_ws/install/velodyne_msgs/local/lib/python3.10/dist-packages/velodyne_msgs/__init__.py
[0.927s] -- Up-to-date: /home/hazem/GolfCar_ws/install/velodyne_msgs/local/lib/python3.10/dist-packages/velodyne_msgs/_velodyne_msgs_s.ep.rosidl_typesupport_c.c
[0.927s] -- Up-to-date: /home/hazem/GolfCar_ws/install/velodyne_msgs/local/lib/python3.10/dist-packages/velodyne_msgs/_velodyne_msgs_s.ep.rosidl_typesupport_introspection_c.c
[0.928s] -- Up-to-date: /home/hazem/GolfCar_ws/install/velodyne_msgs/local/lib/python3.10/dist-packages/velodyne_msgs/velodyne_msgs_s__rosidl_typesupport_introspection_c.cpython-310-x86_64-linux-gnu.so
[0.928s] -- Up-to-date: /home/hazem/GolfCar_ws/install/velodyne_msgs/local/lib/python3.10/dist-packages/velodyne_msgs/_velodyne_msgs_s.ep.rosidl_typesupport_fastrtps_c.c
[0.967s] Listing '/home/hazem/GolfCar_ws/install/velodyne_msgs/local/lib/python3.10/dist-packages/velodyne_msgs'...
[0.967s] Listing '/home/hazem/GolfCar_ws/install/velodyne_msgs/local/lib/python3.10/dist-packages/velodyne_msgs/msg'...
[0.973s] -- Up-to-date: /home/hazem/GolfCar_ws/install/velodyne_msgs/local/lib/python3.10/dist-packages/velodyne_msgs/velodyne_msgs_s__rosidl_typesupport_fastrtps_c.cpython-310-x86_64-linux-gnu.so
[0.973s] -- Up-to-date: /home/hazem/GolfCar_ws/install/velodyne_msgs/local/lib/python3.10/dist-packages/velodyne_msgs/velodyne_msgs_s__rosidl_typesupport_introspection_c.cpython-310-x86_64-linux-gnu.so
[0.973s] -- Up-to-date: /home/hazem/GolfCar_ws/install/velodyne_msgs/local/lib/python3.10/dist-packages/velodyne_msgs/velodyne_msgs_s__rosidl_typesupport_c.cpython-310-x86_64-linux-gnu.so
[0.975s] -- Up-to-date: /home/hazem/GolfCar_ws/install/velodyne_msgs/lib/libvelodyne_msgs__rosidl_generator_py.so
[0.975s] -- Up-to-date: /home/hazem/GolfCar_ws/install/velodyne_msgs/share/velodyne_msgs/msg/VelodynePacket.idl
[0.975s] -- Up-to-date: /home/hazem/GolfCar_ws/install/velodyne_msgs/share/velodyne_msgs/msg/VelodyneScan.idl
[0.976s] -- Up-to-date: /home/hazem/GolfCar_ws/install/velodyne_msgs/share/velodyne_msgs/msg/VelodynePacket.msg
[0.976s] -- Up-to-date: /home/hazem/GolfCar_ws/install/velodyne_msgs/share/velodyne_msgs/msg/VelodyneScan.msg
[0.976s] -- Up-to-date: /home/hazem/GolfCar_ws/install/velodyne_msgs/share/ament_index/resource_index/package_run_dependencies/velodyne_msgs
[0.976s] -- Up-to-date: /home/hazem/GolfCar_ws/install/velodyne_msgs/share/ament_index/resource_index/parent_prefix_path/velodyne_msgs
[0.976s] -- Up-to-date: /home/hazem/GolfCar_ws/install/velodyne_msgs/share/velodyne_msgs/environment/ament_prefix_path.sh
[0.976s] -- Up-to-date: /home/hazem/GolfCar_ws/install/velodyne_msgs/share/velodyne_msgs/environment/ament_prefix_path.dsv
[0.976s] -- Up-to-date: /home/hazem/GolfCar_ws/install/velodyne_msgs/share/velodyne_msgs/environment/path.sh
[0.976s] -- Up-to-date: /home/hazem/GolfCar_ws/install/velodyne_msgs/share/velodyne_msgs/environment/path.dsv
[0.977s] -- Up-to-date: /home/hazem/GolfCar_ws/install/velodyne_msgs/share/velodyne_msgs/local_setup.bash
[0.977s] -- Up-to-date: /home/hazem/GolfCar_ws/install/velodyne_msgs/share/velodyne_msgs/local_setup.sh
[0.977s] -- Up-to-date: /home/hazem/GolfCar_ws/install/velodyne_msgs/share/velodyne_msgs/local_setup.zsh
[0.977s] -- Up-to-date: /home/hazem/GolfCar_ws/install/velodyne_msgs/share/velodyne_msgs/local_setup.dsv
[0.977s] -- Installing: /home/hazem/GolfCar_ws/install/velodyne_msgs/share/velodyne_msgs/package.dsv
[0.977s] -- Up-to-date: /home/hazem/GolfCar_ws/install/velodyne_msgs/share/ament_index/resource_index/packages/velodyne_msgs
[0.978s] -- Up-to-date: /home/hazem/GolfCar_ws/install/velodyne_msgs/share/velodyne_msgs/cmake/export_velodyne_msgs__rosidl_generator_cExport.cmake
[0.978s] -- Up-to-date: /home/hazem/GolfCar_ws/install/velodyne_msgs/share/velodyne_msgs/cmake/export_velodyne_msgs__rosidl_generator_cExport-noconfig.cmake
[0.978s] -- Up-to-date: /home/hazem/GolfCar_ws/install/velodyne_msgs/share/velodyne_msgs/cmake/export_velodyne_msgs__rosidl_typesupport_fastrtps_cExport.cmake
[0.978s] -- Up-to-date: /home/hazem/GolfCar_ws/install/velodyne_msgs/share/velodyne_msgs/cmake/export_velodyne_msgs__rosidl_typesupport_fastrtps_cExport-noconfig.cmake
[0.978s] -- Up-to-date: /home/hazem/GolfCar_ws/install/velodyne_msgs/share/velodyne_msgs/cmake/export_velodyne_msgs__rosidl_generator_cppExport.cmake
[0.978s] -- Up-to-date: /home/hazem/GolfCar_ws/install/velodyne_msgs/share/velodyne_msgs/cmake/export_velodyne_msgs__rosidl_typesupport_fastrtps_cppExport.cmake
[0.979s] -- Up-to-date: /home/hazem/GolfCar_ws/install/velodyne_msgs/share/velodyne_msgs/cmake/export_velodyne_msgs__rosidl_typesupport_fastrtps_cppExport-noconfig.cmake
[0.979s] -- Up-to-date: /home/hazem/GolfCar_ws/install/velodyne_msgs/share/velodyne_msgs/cmake/velodyne_msgs__rosidl_typesupport_introspection_cExport.cmake
[0.979s] -- Up-to-date: /home/hazem/GolfCar_ws/install/velodyne_msgs/share/velodyne_msgs/cmake/velodyne_msgs__rosidl_typesupport_introspection_cExport-noconfig.cmake
[0.979s] -- Up-to-date: /home/hazem/GolfCar_ws/install/velodyne_msgs/share/velodyne_msgs/cmake/velodyne_msgs__rosidl_typesupport_cExport.cmake
[0.979s] -- Up-to-date: /home/hazem/GolfCar_ws/install/velodyne_msgs/share/velodyne_msgs/cmake/velodyne_msgs__rosidl_typesupport_cExport-noconfig.cmake
[0.980s] -- Up-to-date: /home/hazem/GolfCar_ws/install/velodyne_msgs/share/velodyne_msgs/cmake/velodyne_msgs__rosidl_typesupport_introspection_cppExport.cmake
[0.980s] -- Up-to-date: /home/hazem/GolfCar_ws/install/velodyne_msgs/share/velodyne_msgs/cmake/velodyne_msgs__rosidl_typesupport_introspection_cppExport-noconfig.cmake
[0.980s] -- Up-to-date: /home/hazem/GolfCar_ws/install/velodyne_msgs/share/velodyne_msgs/cmake/velodyne_msgs__rosidl_typesupport_cppExport.cmake
[0.980s] -- Up-to-date: /home/hazem/GolfCar_ws/install/velodyne_msgs/share/velodyne_msgs/cmake/velodyne_msgs__rosidl_typesupport_cppExport-noconfig.cmake
[0.980s] -- Up-to-date: /home/hazem/GolfCar_ws/install/velodyne_msgs/share/velodyne_msgs/cmake/export_velodyne_msgs__rosidl_generator_pyExport.cmake
[0.980s] -- Up-to-date: /home/hazem/GolfCar_ws/install/velodyne_msgs/share/velodyne_msgs/cmake/export_velodyne_msgs__rosidl_generator_pyExport-noconfig.cmake
[0.980s] -- Up-to-date: /home/hazem/GolfCar_ws/install/velodyne_msgs/share/velodyne_msgs/cmake/rosidl_cmake-extras.cmake
[0.981s] -- Up-to-date: /home/hazem/GolfCar_ws/install/velodyne_msgs/share/velodyne_msgs/cmake/ament_cmake_export_dependencies-extras.cmake
[0.981s] -- Up-to-date: /home/hazem/GolfCar_ws/install/velodyne_msgs/share/velodyne_msgs/cmake/ament_cmake_export_include_directories-extras.cmake
[0.981s] -- Up-to-date: /home/hazem/GolfCar_ws/install/velodyne_msgs/share/velodyne_msgs/cmake/ament_cmake_export_libraries-extras.cmake
[0.981s] -- Up-to-date: /home/hazem/GolfCar_ws/install/velodyne_msgs/share/velodyne_msgs/cmake/ament_cmake_export_targets-extras.cmake
[0.981s] -- Up-to-date: /home/hazem/GolfCar_ws/install/velodyne_msgs/share/velodyne_msgs/cmake/rosidl_cmake_export_typesupport_targets-extras.cmake
[0.981s] -- Up-to-date: /home/hazem/GolfCar_ws/install/velodyne_msgs/share/velodyne_msgs/cmake/rosidl_cmake_export_typesupport_libraries-extras.cmake
[0.981s] -- Up-to-date: /home/hazem/GolfCar_ws/install/velodyne_msgs/share/velodyne_msgs/cmake/velodyne_msgsConfig.cmake
[0.981s] -- Up-to-date: /home/hazem/GolfCar_ws/install/velodyne_msgs/share/velodyne_msgs/cmake/velodyne_msgsConfig-version.cmake
[0.981s] -- Up-to-date: /home/hazem/GolfCar_ws/install/velodyne_msgs/share/velodyne_msgs/package.xml
[0.983s] Invoked command in '/home/hazem/GolfCar_ws/build/velodyne_msgs' returned '0': CMAKE_PREFIX_PATH=${CMAKE_PREFIX_PATH}:/home/hazem/GolfCar_ws/install/nav2_simple_commander:/opt/ros/humble /usr/bin/cmake --install /home/hazem/GolfCar_ws/build/velodyne_msgs
