[ 16%] Built target velodyne_cloud_types
[ 33%] Built target velodyne_rawdata
[ 44%] Built target gtest_main
[ 55%] Built target gtest
[ 66%] Built target transform
[ 77%] Built target test_row_step
[ 88%] Built target test_calibration
[100%] Built target velodyne_transform_node
-- Install configuration: ""
-- Up-to-date: /home/hazem/GolfCar_ws/install/velodyne_pointcloud/lib/libtransform.so
-- Up-to-date: /home/hazem/GolfCar_ws/install/velodyne_pointcloud/lib/velodyne_pointcloud/velodyne_transform_node
-- Up-to-date: /home/hazem/GolfCar_ws/install/velodyne_pointcloud/include/velodyne_pointcloud
-- Up-to-date: /home/hazem/GolfCar_ws/install/velodyne_pointcloud/include/velodyne_pointcloud/organized_cloudXYZIRT.hpp
-- Up-to-date: /home/hazem/GolfCar_ws/install/velodyne_pointcloud/include/velodyne_pointcloud/pointcloudXYZIRT.hpp
-- Up-to-date: /home/hazem/GolfCar_ws/install/velodyne_pointcloud/include/velodyne_pointcloud/calibration.hpp
-- Up-to-date: /home/hazem/GolfCar_ws/install/velodyne_pointcloud/include/velodyne_pointcloud/datacontainerbase.hpp
-- Up-to-date: /home/hazem/GolfCar_ws/install/velodyne_pointcloud/include/velodyne_pointcloud/rawdata.hpp
-- Up-to-date: /home/hazem/GolfCar_ws/install/velodyne_pointcloud/include/velodyne_pointcloud/transform.hpp
-- Up-to-date: /home/hazem/GolfCar_ws/install/velodyne_pointcloud/share/velodyne_pointcloud/config
-- Up-to-date: /home/hazem/GolfCar_ws/install/velodyne_pointcloud/share/velodyne_pointcloud/config/VLP32C-velodyne_transform_node-params.yaml
-- Up-to-date: /home/hazem/GolfCar_ws/install/velodyne_pointcloud/share/velodyne_pointcloud/config/VLS128-velodyne_transform_node-params.yaml
-- Up-to-date: /home/hazem/GolfCar_ws/install/velodyne_pointcloud/share/velodyne_pointcloud/config/VLP16-velodyne_transform_node-params.yaml
-- Up-to-date: /home/hazem/GolfCar_ws/install/velodyne_pointcloud/share/velodyne_pointcloud/launch
-- Up-to-date: /home/hazem/GolfCar_ws/install/velodyne_pointcloud/share/velodyne_pointcloud/launch/velodyne_transform_node-VLP16-launch.py
-- Up-to-date: /home/hazem/GolfCar_ws/install/velodyne_pointcloud/share/velodyne_pointcloud/launch/velodyne_transform_node-VLS128-composed-launch.py
-- Up-to-date: /home/hazem/GolfCar_ws/install/velodyne_pointcloud/share/velodyne_pointcloud/launch/velodyne_transform_node-VLP16-composed-launch.py
-- Up-to-date: /home/hazem/GolfCar_ws/install/velodyne_pointcloud/share/velodyne_pointcloud/launch/velodyne_transform_node-VLP32C-composed-launch.py
-- Up-to-date: /home/hazem/GolfCar_ws/install/velodyne_pointcloud/share/velodyne_pointcloud/launch/velodyne_transform_node-VLS128-launch.py
-- Up-to-date: /home/hazem/GolfCar_ws/install/velodyne_pointcloud/share/velodyne_pointcloud/launch/velodyne_transform_node-VLP32C-launch.py
-- Up-to-date: /home/hazem/GolfCar_ws/install/velodyne_pointcloud/share/velodyne_pointcloud/params
-- Up-to-date: /home/hazem/GolfCar_ws/install/velodyne_pointcloud/share/velodyne_pointcloud/params/32db.yaml
-- Up-to-date: /home/hazem/GolfCar_ws/install/velodyne_pointcloud/share/velodyne_pointcloud/params/VLP16_hires_db.yaml
-- Up-to-date: /home/hazem/GolfCar_ws/install/velodyne_pointcloud/share/velodyne_pointcloud/params/64e_s2.1-sztaki.yaml
-- Up-to-date: /home/hazem/GolfCar_ws/install/velodyne_pointcloud/share/velodyne_pointcloud/params/rviz_points.vcg
-- Up-to-date: /home/hazem/GolfCar_ws/install/velodyne_pointcloud/share/velodyne_pointcloud/params/VLP16db.yaml
-- Up-to-date: /home/hazem/GolfCar_ws/install/velodyne_pointcloud/share/velodyne_pointcloud/params/64e_utexas.yaml
-- Up-to-date: /home/hazem/GolfCar_ws/install/velodyne_pointcloud/share/velodyne_pointcloud/params/64e_s3-xiesc.yaml
-- Up-to-date: /home/hazem/GolfCar_ws/install/velodyne_pointcloud/share/velodyne_pointcloud/params/issue_84_float_intensities.yaml
-- Up-to-date: /home/hazem/GolfCar_ws/install/velodyne_pointcloud/share/velodyne_pointcloud/params/VeloView-VLP-32C.yaml
-- Up-to-date: /home/hazem/GolfCar_ws/install/velodyne_pointcloud/share/velodyne_pointcloud/params/VLS128.yaml
-- Up-to-date: /home/hazem/GolfCar_ws/install/velodyne_pointcloud/share/ament_index/resource_index/package_run_dependencies/velodyne_pointcloud
-- Up-to-date: /home/hazem/GolfCar_ws/install/velodyne_pointcloud/share/ament_index/resource_index/parent_prefix_path/velodyne_pointcloud
-- Up-to-date: /home/hazem/GolfCar_ws/install/velodyne_pointcloud/share/velodyne_pointcloud/environment/ament_prefix_path.sh
-- Up-to-date: /home/hazem/GolfCar_ws/install/velodyne_pointcloud/share/velodyne_pointcloud/environment/ament_prefix_path.dsv
-- Up-to-date: /home/hazem/GolfCar_ws/install/velodyne_pointcloud/share/velodyne_pointcloud/environment/path.sh
-- Up-to-date: /home/hazem/GolfCar_ws/install/velodyne_pointcloud/share/velodyne_pointcloud/environment/path.dsv
-- Up-to-date: /home/hazem/GolfCar_ws/install/velodyne_pointcloud/share/velodyne_pointcloud/local_setup.bash
-- Up-to-date: /home/hazem/GolfCar_ws/install/velodyne_pointcloud/share/velodyne_pointcloud/local_setup.sh
-- Up-to-date: /home/hazem/GolfCar_ws/install/velodyne_pointcloud/share/velodyne_pointcloud/local_setup.zsh
-- Up-to-date: /home/hazem/GolfCar_ws/install/velodyne_pointcloud/share/velodyne_pointcloud/local_setup.dsv
-- Installing: /home/hazem/GolfCar_ws/install/velodyne_pointcloud/share/velodyne_pointcloud/package.dsv
-- Up-to-date: /home/hazem/GolfCar_ws/install/velodyne_pointcloud/share/ament_index/resource_index/packages/velodyne_pointcloud
-- Up-to-date: /home/hazem/GolfCar_ws/install/velodyne_pointcloud/share/ament_index/resource_index/rclcpp_components/velodyne_pointcloud
-- Up-to-date: /home/hazem/GolfCar_ws/install/velodyne_pointcloud/share/velodyne_pointcloud/cmake/velodyne_pointcloudConfig.cmake
-- Up-to-date: /home/hazem/GolfCar_ws/install/velodyne_pointcloud/share/velodyne_pointcloud/cmake/velodyne_pointcloudConfig-version.cmake
-- Up-to-date: /home/hazem/GolfCar_ws/install/velodyne_pointcloud/share/velodyne_pointcloud/package.xml
-- Up-to-date: /home/hazem/GolfCar_ws/install/velodyne_pointcloud/lib/libvelodyne_cloud_types.so
-- Up-to-date: /home/hazem/GolfCar_ws/install/velodyne_pointcloud/lib/libvelodyne_rawdata.so
