[ 13%] Built target smooth_control_law
[ 26%] Built target gtest
[ 40%] Built target gtest_main
[ 73%] Built target nav2_graceful_controller
[ 86%] Built target test_egopolar
[100%] Built target test_graceful_controller
-- Install configuration: "Release"
-- Up-to-date: /home/hazem/GolfCar_ws/install/nav2_graceful_controller/lib/libsmooth_control_law.so
-- Up-to-date: /home/hazem/GolfCar_ws/install/nav2_graceful_controller/lib/libnav2_graceful_controller.so
-- Up-to-date: /home/hazem/GolfCar_ws/install/nav2_graceful_controller/include/
-- Up-to-date: /home/hazem/GolfCar_ws/install/nav2_graceful_controller/include//nav2_graceful_controller
-- Up-to-date: /home/hazem/GolfCar_ws/install/nav2_graceful_controller/include//nav2_graceful_controller/smooth_control_law.hpp
-- Up-to-date: /home/hazem/GolfCar_ws/install/nav2_graceful_controller/include//nav2_graceful_controller/path_handler.hpp
-- Up-to-date: /home/hazem/GolfCar_ws/install/nav2_graceful_controller/include//nav2_graceful_controller/utils.hpp
-- Up-to-date: /home/hazem/GolfCar_ws/install/nav2_graceful_controller/include//nav2_graceful_controller/parameter_handler.hpp
-- Up-to-date: /home/hazem/GolfCar_ws/install/nav2_graceful_controller/include//nav2_graceful_controller/graceful_controller.hpp
-- Up-to-date: /home/hazem/GolfCar_ws/install/nav2_graceful_controller/include//nav2_graceful_controller/ego_polar_coords.hpp
-- Up-to-date: /home/hazem/GolfCar_ws/install/nav2_graceful_controller/share/nav2_graceful_controller/environment/library_path.sh
-- Up-to-date: /home/hazem/GolfCar_ws/install/nav2_graceful_controller/share/nav2_graceful_controller/environment/library_path.dsv
-- Up-to-date: /home/hazem/GolfCar_ws/install/nav2_graceful_controller/share/nav2_graceful_controller/graceful_controller_plugin.xml
-- Up-to-date: /home/hazem/GolfCar_ws/install/nav2_graceful_controller/share/ament_index/resource_index/package_run_dependencies/nav2_graceful_controller
-- Up-to-date: /home/hazem/GolfCar_ws/install/nav2_graceful_controller/share/ament_index/resource_index/parent_prefix_path/nav2_graceful_controller
-- Up-to-date: /home/hazem/GolfCar_ws/install/nav2_graceful_controller/share/nav2_graceful_controller/environment/ament_prefix_path.sh
-- Up-to-date: /home/hazem/GolfCar_ws/install/nav2_graceful_controller/share/nav2_graceful_controller/environment/ament_prefix_path.dsv
-- Up-to-date: /home/hazem/GolfCar_ws/install/nav2_graceful_controller/share/nav2_graceful_controller/environment/path.sh
-- Up-to-date: /home/hazem/GolfCar_ws/install/nav2_graceful_controller/share/nav2_graceful_controller/environment/path.dsv
-- Up-to-date: /home/hazem/GolfCar_ws/install/nav2_graceful_controller/share/nav2_graceful_controller/local_setup.bash
-- Up-to-date: /home/hazem/GolfCar_ws/install/nav2_graceful_controller/share/nav2_graceful_controller/local_setup.sh
-- Up-to-date: /home/hazem/GolfCar_ws/install/nav2_graceful_controller/share/nav2_graceful_controller/local_setup.zsh
-- Up-to-date: /home/hazem/GolfCar_ws/install/nav2_graceful_controller/share/nav2_graceful_controller/local_setup.dsv
-- Installing: /home/hazem/GolfCar_ws/install/nav2_graceful_controller/share/nav2_graceful_controller/package.dsv
-- Up-to-date: /home/hazem/GolfCar_ws/install/nav2_graceful_controller/share/ament_index/resource_index/packages/nav2_graceful_controller
-- Up-to-date: /home/hazem/GolfCar_ws/install/nav2_graceful_controller/share/ament_index/resource_index/nav2_core__pluginlib__plugin/nav2_graceful_controller
-- Up-to-date: /home/hazem/GolfCar_ws/install/nav2_graceful_controller/share/nav2_graceful_controller/cmake/ament_cmake_export_include_directories-extras.cmake
-- Up-to-date: /home/hazem/GolfCar_ws/install/nav2_graceful_controller/share/nav2_graceful_controller/cmake/ament_cmake_export_libraries-extras.cmake
-- Up-to-date: /home/hazem/GolfCar_ws/install/nav2_graceful_controller/share/nav2_graceful_controller/cmake/ament_cmake_export_dependencies-extras.cmake
-- Up-to-date: /home/hazem/GolfCar_ws/install/nav2_graceful_controller/share/nav2_graceful_controller/cmake/nav2_graceful_controllerConfig.cmake
-- Up-to-date: /home/hazem/GolfCar_ws/install/nav2_graceful_controller/share/nav2_graceful_controller/cmake/nav2_graceful_controllerConfig-version.cmake
-- Up-to-date: /home/hazem/GolfCar_ws/install/nav2_graceful_controller/share/nav2_graceful_controller/package.xml
