[0.025s] Invoking command in '/home/hazem/GolfCar_ws/build/dwb_msgs': CMAKE_PREFIX_PATH=/home/hazem/GolfCar_ws/install/nav_2d_msgs:/home/hazem/GolfCar_ws/install/velodyne:/home/hazem/GolfCar_ws/install/velodyne_pointcloud:/home/hazem/GolfCar_ws/install/velodyne_driver:/home/hazem/GolfCar_ws/install/velodyne_msgs:/home/hazem/GolfCar_ws/install/velodyne_laserscan:/home/hazem/GolfCar_ws/install/pointcloud_to_laserscan:/home/hazem/GolfCar_ws/install/nav2_system_tests:/home/hazem/GolfCar_ws/install/nav2_bringup:/home/hazem/GolfCar_ws/install/navigation2:/home/hazem/GolfCar_ws/install/nav2_smoother:/home/hazem/GolfCar_ws/install/nav2_graceful_controller:/home/hazem/GolfCar_ws/install/nav2_dwb_controller:/home/hazem/GolfCar_ws/install/nav2_controller:/home/hazem/GolfCar_ws/install/dwb_plugins:/home/hazem/GolfCar_ws/install/dwb_critics:/home/hazem/GolfCar_ws/install/dwb_core:/home/hazem/GolfCar_ws/install/nav_2d_utils:/home/hazem/GolfCar_ws/install/dwb_msgs:/home/hazem/GolfCar_ws/install/nav2_waypoint_follower:/home/hazem/GolfCar_ws/install/nav2_theta_star_planner:/home/hazem/GolfCar_ws/install/nav2_smac_planner:/home/hazem/GolfCar_ws/install/nav2_rotation_shim_controller:/home/hazem/GolfCar_ws/install/nav2_regulated_pure_pursuit_controller:/home/hazem/GolfCar_ws/install/nav2_planner:/home/hazem/GolfCar_ws/install/nav2_navfn_planner:/home/hazem/GolfCar_ws/install/nav2_mppi_controller:/home/hazem/GolfCar_ws/install/nav2_constrained_smoother:/home/hazem/GolfCar_ws/install/nav2_bt_navigator:/home/hazem/GolfCar_ws/install/nav2_behaviors:/home/hazem/GolfCar_ws/install/nav2_core:/home/hazem/GolfCar_ws/install/nav2_collision_monitor:/home/hazem/GolfCar_ws/install/costmap_queue:/home/hazem/GolfCar_ws/install/nav2_costmap_2d:/home/hazem/GolfCar_ws/install/nav2_voxel_grid:/home/hazem/GolfCar_ws/install/nav2_velocity_smoother:/home/hazem/GolfCar_ws/install/nav2_rviz_plugins:/home/hazem/GolfCar_ws/install/nav2_map_server:/home/hazem/GolfCar_ws/install/nav2_lifecycle_manager:/home/hazem/GolfCar_ws/install/nav2_behavior_tree:/home/hazem/GolfCar_ws/install/nav2_amcl:/home/hazem/GolfCar_ws/install/nav2_util:/home/hazem/GolfCar_ws/install/nav2_msgs:/home/hazem/GolfCar_ws/install/nav2_common:/home/hazem/GolfCar_ws/install/golfcar_control:/home/hazem/GolfCar_ws/install/nav2_simple_commander:/opt/ros/humble LD_LIBRARY_PATH=/home/hazem/GolfCar_ws/install/nav_2d_msgs/lib:/home/hazem/GolfCar_ws/install/velodyne_pointcloud/lib:/home/hazem/GolfCar_ws/install/velodyne_driver/lib:/home/hazem/GolfCar_ws/install/velodyne_msgs/lib:/home/hazem/GolfCar_ws/install/velodyne_laserscan/lib:/home/hazem/GolfCar_ws/install/pointcloud_to_laserscan/lib:/home/hazem/GolfCar_ws/install/nav2_smoother/lib:/home/hazem/GolfCar_ws/install/nav2_graceful_controller/lib:/home/hazem/GolfCar_ws/install/nav2_controller/lib:/home/hazem/GolfCar_ws/install/dwb_plugins/lib:/home/hazem/GolfCar_ws/install/dwb_critics/lib:/home/hazem/GolfCar_ws/install/dwb_core/lib:/home/hazem/GolfCar_ws/install/nav_2d_utils/lib:/home/hazem/GolfCar_ws/install/dwb_msgs/lib:/home/hazem/GolfCar_ws/install/nav2_waypoint_follower/lib:/home/hazem/GolfCar_ws/install/nav2_theta_star_planner/lib:/home/hazem/GolfCar_ws/install/nav2_smac_planner/lib:/home/hazem/GolfCar_ws/install/nav2_rotation_shim_controller/lib:/home/hazem/GolfCar_ws/install/nav2_regulated_pure_pursuit_controller/lib:/home/hazem/GolfCar_ws/install/nav2_planner/lib:/home/hazem/GolfCar_ws/install/nav2_navfn_planner/lib:/home/hazem/GolfCar_ws/install/nav2_mppi_controller/lib:/home/hazem/GolfCar_ws/install/nav2_constrained_smoother/lib:/home/hazem/GolfCar_ws/install/nav2_bt_navigator/lib:/home/hazem/GolfCar_ws/install/nav2_behaviors/lib:/home/hazem/GolfCar_ws/install/nav2_collision_monitor/lib:/home/hazem/GolfCar_ws/install/costmap_queue/lib:/home/hazem/GolfCar_ws/install/nav2_costmap_2d/lib:/home/hazem/GolfCar_ws/install/nav2_voxel_grid/lib:/home/hazem/GolfCar_ws/install/nav2_velocity_smoother/lib:/home/hazem/GolfCar_ws/install/nav2_rviz_plugins/lib:/home/hazem/GolfCar_ws/install/nav2_map_server/lib:/home/hazem/GolfCar_ws/install/nav2_lifecycle_manager/lib:/home/hazem/GolfCar_ws/install/nav2_behavior_tree/lib:/home/hazem/GolfCar_ws/install/nav2_amcl/lib:/home/hazem/GolfCar_ws/install/nav2_util/lib:/home/hazem/GolfCar_ws/install/nav2_msgs/lib:/usr/lib/x86_64-linux-gnu/gazebo-11/plugins:/opt/ros/humble/opt/rviz_ogre_vendor/lib:/opt/ros/humble/lib/x86_64-linux-gnu:/opt/ros/humble/lib /usr/bin/cmake --build /home/hazem/GolfCar_ws/build/dwb_msgs -- -j2 -l2
[0.123s] [  1%] Built target dwb_msgs__cpp
[0.140s] [ 12%] Built target dwb_msgs__rosidl_generator_c
[0.191s] [ 24%] Built target dwb_msgs__rosidl_typesupport_cpp
[0.202s] [ 24%] Built target ament_cmake_python_copy_dwb_msgs
[0.245s] [ 35%] Built target dwb_msgs__rosidl_typesupport_fastrtps_c
[0.253s] [ 47%] Built target dwb_msgs__rosidl_typesupport_fastrtps_cpp
[0.290s] [ 58%] Built target dwb_msgs__rosidl_typesupport_introspection_c
[0.306s] [ 70%] Built target dwb_msgs__rosidl_typesupport_c
[0.342s] [ 82%] Built target dwb_msgs__rosidl_typesupport_introspection_cpp
[0.400s] [ 82%] Built target dwb_msgs
[0.462s] [ 83%] Built target dwb_msgs__py
[0.530s] [ 93%] Built target dwb_msgs__rosidl_generator_py
[0.586s] [ 95%] Built target dwb_msgs__rosidl_typesupport_fastrtps_c__pyext
[0.628s] running egg_info
[0.629s] writing dwb_msgs.egg-info/PKG-INFO
[0.629s] writing dependency_links to dwb_msgs.egg-info/dependency_links.txt
[0.630s] writing top-level names to dwb_msgs.egg-info/top_level.txt
[0.633s] reading manifest file 'dwb_msgs.egg-info/SOURCES.txt'
[0.633s] writing manifest file 'dwb_msgs.egg-info/SOURCES.txt'
[0.639s] [ 97%] Built target dwb_msgs__rosidl_typesupport_introspection_c__pyext
[0.674s] [ 97%] Built target ament_cmake_python_build_dwb_msgs_egg
[0.690s] [100%] Built target dwb_msgs__rosidl_typesupport_c__pyext
[0.710s] Invoked command in '/home/hazem/GolfCar_ws/build/dwb_msgs' returned '0': CMAKE_PREFIX_PATH=/home/hazem/GolfCar_ws/install/nav_2d_msgs:/home/hazem/GolfCar_ws/install/velodyne:/home/hazem/GolfCar_ws/install/velodyne_pointcloud:/home/hazem/GolfCar_ws/install/velodyne_driver:/home/hazem/GolfCar_ws/install/velodyne_msgs:/home/hazem/GolfCar_ws/install/velodyne_laserscan:/home/hazem/GolfCar_ws/install/pointcloud_to_laserscan:/home/hazem/GolfCar_ws/install/nav2_system_tests:/home/hazem/GolfCar_ws/install/nav2_bringup:/home/hazem/GolfCar_ws/install/navigation2:/home/hazem/GolfCar_ws/install/nav2_smoother:/home/hazem/GolfCar_ws/install/nav2_graceful_controller:/home/hazem/GolfCar_ws/install/nav2_dwb_controller:/home/hazem/GolfCar_ws/install/nav2_controller:/home/hazem/GolfCar_ws/install/dwb_plugins:/home/hazem/GolfCar_ws/install/dwb_critics:/home/hazem/GolfCar_ws/install/dwb_core:/home/hazem/GolfCar_ws/install/nav_2d_utils:/home/hazem/GolfCar_ws/install/dwb_msgs:/home/hazem/GolfCar_ws/install/nav2_waypoint_follower:/home/hazem/GolfCar_ws/install/nav2_theta_star_planner:/home/hazem/GolfCar_ws/install/nav2_smac_planner:/home/hazem/GolfCar_ws/install/nav2_rotation_shim_controller:/home/hazem/GolfCar_ws/install/nav2_regulated_pure_pursuit_controller:/home/hazem/GolfCar_ws/install/nav2_planner:/home/hazem/GolfCar_ws/install/nav2_navfn_planner:/home/hazem/GolfCar_ws/install/nav2_mppi_controller:/home/hazem/GolfCar_ws/install/nav2_constrained_smoother:/home/hazem/GolfCar_ws/install/nav2_bt_navigator:/home/hazem/GolfCar_ws/install/nav2_behaviors:/home/hazem/GolfCar_ws/install/nav2_core:/home/hazem/GolfCar_ws/install/nav2_collision_monitor:/home/hazem/GolfCar_ws/install/costmap_queue:/home/hazem/GolfCar_ws/install/nav2_costmap_2d:/home/hazem/GolfCar_ws/install/nav2_voxel_grid:/home/hazem/GolfCar_ws/install/nav2_velocity_smoother:/home/hazem/GolfCar_ws/install/nav2_rviz_plugins:/home/hazem/GolfCar_ws/install/nav2_map_server:/home/hazem/GolfCar_ws/install/nav2_lifecycle_manager:/home/hazem/GolfCar_ws/install/nav2_behavior_tree:/home/hazem/GolfCar_ws/install/nav2_amcl:/home/hazem/GolfCar_ws/install/nav2_util:/home/hazem/GolfCar_ws/install/nav2_msgs:/home/hazem/GolfCar_ws/install/nav2_common:/home/hazem/GolfCar_ws/install/golfcar_control:/home/hazem/GolfCar_ws/install/nav2_simple_commander:/opt/ros/humble LD_LIBRARY_PATH=/home/hazem/GolfCar_ws/install/nav_2d_msgs/lib:/home/hazem/GolfCar_ws/install/velodyne_pointcloud/lib:/home/hazem/GolfCar_ws/install/velodyne_driver/lib:/home/hazem/GolfCar_ws/install/velodyne_msgs/lib:/home/hazem/GolfCar_ws/install/velodyne_laserscan/lib:/home/hazem/GolfCar_ws/install/pointcloud_to_laserscan/lib:/home/hazem/GolfCar_ws/install/nav2_smoother/lib:/home/hazem/GolfCar_ws/install/nav2_graceful_controller/lib:/home/hazem/GolfCar_ws/install/nav2_controller/lib:/home/hazem/GolfCar_ws/install/dwb_plugins/lib:/home/hazem/GolfCar_ws/install/dwb_critics/lib:/home/hazem/GolfCar_ws/install/dwb_core/lib:/home/hazem/GolfCar_ws/install/nav_2d_utils/lib:/home/hazem/GolfCar_ws/install/dwb_msgs/lib:/home/hazem/GolfCar_ws/install/nav2_waypoint_follower/lib:/home/hazem/GolfCar_ws/install/nav2_theta_star_planner/lib:/home/hazem/GolfCar_ws/install/nav2_smac_planner/lib:/home/hazem/GolfCar_ws/install/nav2_rotation_shim_controller/lib:/home/hazem/GolfCar_ws/install/nav2_regulated_pure_pursuit_controller/lib:/home/hazem/GolfCar_ws/install/nav2_planner/lib:/home/hazem/GolfCar_ws/install/nav2_navfn_planner/lib:/home/hazem/GolfCar_ws/install/nav2_mppi_controller/lib:/home/hazem/GolfCar_ws/install/nav2_constrained_smoother/lib:/home/hazem/GolfCar_ws/install/nav2_bt_navigator/lib:/home/hazem/GolfCar_ws/install/nav2_behaviors/lib:/home/hazem/GolfCar_ws/install/nav2_collision_monitor/lib:/home/hazem/GolfCar_ws/install/costmap_queue/lib:/home/hazem/GolfCar_ws/install/nav2_costmap_2d/lib:/home/hazem/GolfCar_ws/install/nav2_voxel_grid/lib:/home/hazem/GolfCar_ws/install/nav2_velocity_smoother/lib:/home/hazem/GolfCar_ws/install/nav2_rviz_plugins/lib:/home/hazem/GolfCar_ws/install/nav2_map_server/lib:/home/hazem/GolfCar_ws/install/nav2_lifecycle_manager/lib:/home/hazem/GolfCar_ws/install/nav2_behavior_tree/lib:/home/hazem/GolfCar_ws/install/nav2_amcl/lib:/home/hazem/GolfCar_ws/install/nav2_util/lib:/home/hazem/GolfCar_ws/install/nav2_msgs/lib:/usr/lib/x86_64-linux-gnu/gazebo-11/plugins:/opt/ros/humble/opt/rviz_ogre_vendor/lib:/opt/ros/humble/lib/x86_64-linux-gnu:/opt/ros/humble/lib /usr/bin/cmake --build /home/hazem/GolfCar_ws/build/dwb_msgs -- -j2 -l2
[1.388s] Invoking command in '/home/hazem/GolfCar_ws/build/dwb_msgs': CMAKE_PREFIX_PATH=/home/hazem/GolfCar_ws/install/nav_2d_msgs:/home/hazem/GolfCar_ws/install/velodyne:/home/hazem/GolfCar_ws/install/velodyne_pointcloud:/home/hazem/GolfCar_ws/install/velodyne_driver:/home/hazem/GolfCar_ws/install/velodyne_msgs:/home/hazem/GolfCar_ws/install/velodyne_laserscan:/home/hazem/GolfCar_ws/install/pointcloud_to_laserscan:/home/hazem/GolfCar_ws/install/nav2_system_tests:/home/hazem/GolfCar_ws/install/nav2_bringup:/home/hazem/GolfCar_ws/install/navigation2:/home/hazem/GolfCar_ws/install/nav2_smoother:/home/hazem/GolfCar_ws/install/nav2_graceful_controller:/home/hazem/GolfCar_ws/install/nav2_dwb_controller:/home/hazem/GolfCar_ws/install/nav2_controller:/home/hazem/GolfCar_ws/install/dwb_plugins:/home/hazem/GolfCar_ws/install/dwb_critics:/home/hazem/GolfCar_ws/install/dwb_core:/home/hazem/GolfCar_ws/install/nav_2d_utils:/home/hazem/GolfCar_ws/install/dwb_msgs:/home/hazem/GolfCar_ws/install/nav2_waypoint_follower:/home/hazem/GolfCar_ws/install/nav2_theta_star_planner:/home/hazem/GolfCar_ws/install/nav2_smac_planner:/home/hazem/GolfCar_ws/install/nav2_rotation_shim_controller:/home/hazem/GolfCar_ws/install/nav2_regulated_pure_pursuit_controller:/home/hazem/GolfCar_ws/install/nav2_planner:/home/hazem/GolfCar_ws/install/nav2_navfn_planner:/home/hazem/GolfCar_ws/install/nav2_mppi_controller:/home/hazem/GolfCar_ws/install/nav2_constrained_smoother:/home/hazem/GolfCar_ws/install/nav2_bt_navigator:/home/hazem/GolfCar_ws/install/nav2_behaviors:/home/hazem/GolfCar_ws/install/nav2_core:/home/hazem/GolfCar_ws/install/nav2_collision_monitor:/home/hazem/GolfCar_ws/install/costmap_queue:/home/hazem/GolfCar_ws/install/nav2_costmap_2d:/home/hazem/GolfCar_ws/install/nav2_voxel_grid:/home/hazem/GolfCar_ws/install/nav2_velocity_smoother:/home/hazem/GolfCar_ws/install/nav2_rviz_plugins:/home/hazem/GolfCar_ws/install/nav2_map_server:/home/hazem/GolfCar_ws/install/nav2_lifecycle_manager:/home/hazem/GolfCar_ws/install/nav2_behavior_tree:/home/hazem/GolfCar_ws/install/nav2_amcl:/home/hazem/GolfCar_ws/install/nav2_util:/home/hazem/GolfCar_ws/install/nav2_msgs:/home/hazem/GolfCar_ws/install/nav2_common:/home/hazem/GolfCar_ws/install/golfcar_control:/home/hazem/GolfCar_ws/install/nav2_simple_commander:/opt/ros/humble LD_LIBRARY_PATH=/home/hazem/GolfCar_ws/install/nav_2d_msgs/lib:/home/hazem/GolfCar_ws/install/velodyne_pointcloud/lib:/home/hazem/GolfCar_ws/install/velodyne_driver/lib:/home/hazem/GolfCar_ws/install/velodyne_msgs/lib:/home/hazem/GolfCar_ws/install/velodyne_laserscan/lib:/home/hazem/GolfCar_ws/install/pointcloud_to_laserscan/lib:/home/hazem/GolfCar_ws/install/nav2_smoother/lib:/home/hazem/GolfCar_ws/install/nav2_graceful_controller/lib:/home/hazem/GolfCar_ws/install/nav2_controller/lib:/home/hazem/GolfCar_ws/install/dwb_plugins/lib:/home/hazem/GolfCar_ws/install/dwb_critics/lib:/home/hazem/GolfCar_ws/install/dwb_core/lib:/home/hazem/GolfCar_ws/install/nav_2d_utils/lib:/home/hazem/GolfCar_ws/install/dwb_msgs/lib:/home/hazem/GolfCar_ws/install/nav2_waypoint_follower/lib:/home/hazem/GolfCar_ws/install/nav2_theta_star_planner/lib:/home/hazem/GolfCar_ws/install/nav2_smac_planner/lib:/home/hazem/GolfCar_ws/install/nav2_rotation_shim_controller/lib:/home/hazem/GolfCar_ws/install/nav2_regulated_pure_pursuit_controller/lib:/home/hazem/GolfCar_ws/install/nav2_planner/lib:/home/hazem/GolfCar_ws/install/nav2_navfn_planner/lib:/home/hazem/GolfCar_ws/install/nav2_mppi_controller/lib:/home/hazem/GolfCar_ws/install/nav2_constrained_smoother/lib:/home/hazem/GolfCar_ws/install/nav2_bt_navigator/lib:/home/hazem/GolfCar_ws/install/nav2_behaviors/lib:/home/hazem/GolfCar_ws/install/nav2_collision_monitor/lib:/home/hazem/GolfCar_ws/install/costmap_queue/lib:/home/hazem/GolfCar_ws/install/nav2_costmap_2d/lib:/home/hazem/GolfCar_ws/install/nav2_voxel_grid/lib:/home/hazem/GolfCar_ws/install/nav2_velocity_smoother/lib:/home/hazem/GolfCar_ws/install/nav2_rviz_plugins/lib:/home/hazem/GolfCar_ws/install/nav2_map_server/lib:/home/hazem/GolfCar_ws/install/nav2_lifecycle_manager/lib:/home/hazem/GolfCar_ws/install/nav2_behavior_tree/lib:/home/hazem/GolfCar_ws/install/nav2_amcl/lib:/home/hazem/GolfCar_ws/install/nav2_util/lib:/home/hazem/GolfCar_ws/install/nav2_msgs/lib:/usr/lib/x86_64-linux-gnu/gazebo-11/plugins:/opt/ros/humble/opt/rviz_ogre_vendor/lib:/opt/ros/humble/lib/x86_64-linux-gnu:/opt/ros/humble/lib /usr/bin/cmake --install /home/hazem/GolfCar_ws/build/dwb_msgs
[1.402s] -- Install configuration: ""
[1.402s] -- Up-to-date: /home/hazem/GolfCar_ws/install/dwb_msgs/share/ament_index/resource_index/rosidl_interfaces/dwb_msgs
[1.403s] -- Up-to-date: /home/hazem/GolfCar_ws/install/dwb_msgs/include/dwb_msgs/dwb_msgs
[1.403s] -- Up-to-date: /home/hazem/GolfCar_ws/install/dwb_msgs/include/dwb_msgs/dwb_msgs/msg
[1.404s] -- Up-to-date: /home/hazem/GolfCar_ws/install/dwb_msgs/include/dwb_msgs/dwb_msgs/msg/critic_score.h
[1.404s] -- Up-to-date: /home/hazem/GolfCar_ws/install/dwb_msgs/include/dwb_msgs/dwb_msgs/msg/trajectory2_d.h
[1.404s] -- Up-to-date: /home/hazem/GolfCar_ws/install/dwb_msgs/include/dwb_msgs/dwb_msgs/msg/trajectory_score.h
[1.404s] -- Up-to-date: /home/hazem/GolfCar_ws/install/dwb_msgs/include/dwb_msgs/dwb_msgs/msg/detail
[1.404s] -- Up-to-date: /home/hazem/GolfCar_ws/install/dwb_msgs/include/dwb_msgs/dwb_msgs/msg/detail/local_plan_evaluation__functions.c
[1.404s] -- Up-to-date: /home/hazem/GolfCar_ws/install/dwb_msgs/include/dwb_msgs/dwb_msgs/msg/detail/trajectory2_d__functions.h
[1.405s] -- Up-to-date: /home/hazem/GolfCar_ws/install/dwb_msgs/include/dwb_msgs/dwb_msgs/msg/detail/trajectory_score__type_support.h
[1.405s] -- Up-to-date: /home/hazem/GolfCar_ws/install/dwb_msgs/include/dwb_msgs/dwb_msgs/msg/detail/local_plan_evaluation__functions.h
[1.405s] -- Up-to-date: /home/hazem/GolfCar_ws/install/dwb_msgs/include/dwb_msgs/dwb_msgs/msg/detail/critic_score__functions.c
[1.405s] -- Up-to-date: /home/hazem/GolfCar_ws/install/dwb_msgs/include/dwb_msgs/dwb_msgs/msg/detail/local_plan_evaluation__type_support.h
[1.405s] -- Up-to-date: /home/hazem/GolfCar_ws/install/dwb_msgs/include/dwb_msgs/dwb_msgs/msg/detail/critic_score__type_support.h
[1.406s] -- Up-to-date: /home/hazem/GolfCar_ws/install/dwb_msgs/include/dwb_msgs/dwb_msgs/msg/detail/trajectory2_d__struct.h
[1.406s] -- Up-to-date: /home/hazem/GolfCar_ws/install/dwb_msgs/include/dwb_msgs/dwb_msgs/msg/detail/critic_score__functions.h
[1.406s] -- Up-to-date: /home/hazem/GolfCar_ws/install/dwb_msgs/include/dwb_msgs/dwb_msgs/msg/detail/local_plan_evaluation__struct.h
[1.406s] -- Up-to-date: /home/hazem/GolfCar_ws/install/dwb_msgs/include/dwb_msgs/dwb_msgs/msg/detail/trajectory_score__struct.h
[1.406s] -- Up-to-date: /home/hazem/GolfCar_ws/install/dwb_msgs/include/dwb_msgs/dwb_msgs/msg/detail/trajectory2_d__type_support.h
[1.407s] -- Up-to-date: /home/hazem/GolfCar_ws/install/dwb_msgs/include/dwb_msgs/dwb_msgs/msg/detail/critic_score__struct.h
[1.407s] -- Up-to-date: /home/hazem/GolfCar_ws/install/dwb_msgs/include/dwb_msgs/dwb_msgs/msg/detail/trajectory_score__functions.c
[1.407s] -- Up-to-date: /home/hazem/GolfCar_ws/install/dwb_msgs/include/dwb_msgs/dwb_msgs/msg/detail/trajectory2_d__functions.c
[1.407s] -- Up-to-date: /home/hazem/GolfCar_ws/install/dwb_msgs/include/dwb_msgs/dwb_msgs/msg/detail/trajectory_score__functions.h
[1.407s] -- Up-to-date: /home/hazem/GolfCar_ws/install/dwb_msgs/include/dwb_msgs/dwb_msgs/msg/local_plan_evaluation.h
[1.407s] -- Up-to-date: /home/hazem/GolfCar_ws/install/dwb_msgs/include/dwb_msgs/dwb_msgs/msg/rosidl_generator_c__visibility_control.h
[1.408s] -- Up-to-date: /home/hazem/GolfCar_ws/install/dwb_msgs/include/dwb_msgs/dwb_msgs/srv
[1.408s] -- Up-to-date: /home/hazem/GolfCar_ws/install/dwb_msgs/include/dwb_msgs/dwb_msgs/srv/get_critic_score.h
[1.408s] -- Up-to-date: /home/hazem/GolfCar_ws/install/dwb_msgs/include/dwb_msgs/dwb_msgs/srv/debug_local_plan.h
[1.408s] -- Up-to-date: /home/hazem/GolfCar_ws/install/dwb_msgs/include/dwb_msgs/dwb_msgs/srv/detail
[1.408s] -- Up-to-date: /home/hazem/GolfCar_ws/install/dwb_msgs/include/dwb_msgs/dwb_msgs/srv/detail/score_trajectory__functions.c
[1.408s] -- Up-to-date: /home/hazem/GolfCar_ws/install/dwb_msgs/include/dwb_msgs/dwb_msgs/srv/detail/debug_local_plan__struct.h
[1.408s] -- Up-to-date: /home/hazem/GolfCar_ws/install/dwb_msgs/include/dwb_msgs/dwb_msgs/srv/detail/generate_twists__functions.c
[1.409s] -- Up-to-date: /home/hazem/GolfCar_ws/install/dwb_msgs/include/dwb_msgs/dwb_msgs/srv/detail/get_critic_score__struct.h
[1.409s] -- Up-to-date: /home/hazem/GolfCar_ws/install/dwb_msgs/include/dwb_msgs/dwb_msgs/srv/detail/score_trajectory__type_support.h
[1.409s] -- Up-to-date: /home/hazem/GolfCar_ws/install/dwb_msgs/include/dwb_msgs/dwb_msgs/srv/detail/generate_trajectory__type_support.h
[1.409s] -- Up-to-date: /home/hazem/GolfCar_ws/install/dwb_msgs/include/dwb_msgs/dwb_msgs/srv/detail/debug_local_plan__type_support.h
[1.409s] -- Up-to-date: /home/hazem/GolfCar_ws/install/dwb_msgs/include/dwb_msgs/dwb_msgs/srv/detail/generate_trajectory__struct.h
[1.409s] -- Up-to-date: /home/hazem/GolfCar_ws/install/dwb_msgs/include/dwb_msgs/dwb_msgs/srv/detail/debug_local_plan__functions.h
[1.410s] -- Up-to-date: /home/hazem/GolfCar_ws/install/dwb_msgs/include/dwb_msgs/dwb_msgs/srv/detail/get_critic_score__type_support.h
[1.410s] -- Up-to-date: /home/hazem/GolfCar_ws/install/dwb_msgs/include/dwb_msgs/dwb_msgs/srv/detail/generate_trajectory__functions.h
[1.410s] -- Up-to-date: /home/hazem/GolfCar_ws/install/dwb_msgs/include/dwb_msgs/dwb_msgs/srv/detail/generate_twists__type_support.h
[1.410s] -- Up-to-date: /home/hazem/GolfCar_ws/install/dwb_msgs/include/dwb_msgs/dwb_msgs/srv/detail/get_critic_score__functions.h
[1.410s] -- Up-to-date: /home/hazem/GolfCar_ws/install/dwb_msgs/include/dwb_msgs/dwb_msgs/srv/detail/get_critic_score__functions.c
[1.411s] -- Up-to-date: /home/hazem/GolfCar_ws/install/dwb_msgs/include/dwb_msgs/dwb_msgs/srv/detail/generate_twists__struct.h
[1.411s] -- Up-to-date: /home/hazem/GolfCar_ws/install/dwb_msgs/include/dwb_msgs/dwb_msgs/srv/detail/generate_trajectory__functions.c
[1.411s] -- Up-to-date: /home/hazem/GolfCar_ws/install/dwb_msgs/include/dwb_msgs/dwb_msgs/srv/detail/generate_twists__functions.h
[1.411s] -- Up-to-date: /home/hazem/GolfCar_ws/install/dwb_msgs/include/dwb_msgs/dwb_msgs/srv/detail/score_trajectory__functions.h
[1.411s] -- Up-to-date: /home/hazem/GolfCar_ws/install/dwb_msgs/include/dwb_msgs/dwb_msgs/srv/detail/score_trajectory__struct.h
[1.411s] -- Up-to-date: /home/hazem/GolfCar_ws/install/dwb_msgs/include/dwb_msgs/dwb_msgs/srv/detail/debug_local_plan__functions.c
[1.412s] -- Up-to-date: /home/hazem/GolfCar_ws/install/dwb_msgs/include/dwb_msgs/dwb_msgs/srv/score_trajectory.h
[1.412s] -- Up-to-date: /home/hazem/GolfCar_ws/install/dwb_msgs/include/dwb_msgs/dwb_msgs/srv/generate_twists.h
[1.412s] -- Up-to-date: /home/hazem/GolfCar_ws/install/dwb_msgs/include/dwb_msgs/dwb_msgs/srv/generate_trajectory.h
[1.412s] -- Up-to-date: /home/hazem/GolfCar_ws/install/dwb_msgs/share/dwb_msgs/environment/library_path.sh
[1.413s] -- Up-to-date: /home/hazem/GolfCar_ws/install/dwb_msgs/share/dwb_msgs/environment/library_path.dsv
[1.413s] -- Up-to-date: /home/hazem/GolfCar_ws/install/dwb_msgs/lib/libdwb_msgs__rosidl_generator_c.so
[1.413s] -- Up-to-date: /home/hazem/GolfCar_ws/install/dwb_msgs/include/dwb_msgs/dwb_msgs
[1.413s] -- Up-to-date: /home/hazem/GolfCar_ws/install/dwb_msgs/include/dwb_msgs/dwb_msgs/msg
[1.414s] -- Up-to-date: /home/hazem/GolfCar_ws/install/dwb_msgs/include/dwb_msgs/dwb_msgs/msg/rosidl_typesupport_fastrtps_c__visibility_control.h
[1.414s] -- Up-to-date: /home/hazem/GolfCar_ws/install/dwb_msgs/include/dwb_msgs/dwb_msgs/msg/detail
[1.414s] -- Up-to-date: /home/hazem/GolfCar_ws/install/dwb_msgs/include/dwb_msgs/dwb_msgs/msg/detail/critic_score__rosidl_typesupport_fastrtps_c.h
[1.414s] -- Up-to-date: /home/hazem/GolfCar_ws/install/dwb_msgs/include/dwb_msgs/dwb_msgs/msg/detail/trajectory2_d__rosidl_typesupport_fastrtps_c.h
[1.414s] -- Up-to-date: /home/hazem/GolfCar_ws/install/dwb_msgs/include/dwb_msgs/dwb_msgs/msg/detail/local_plan_evaluation__rosidl_typesupport_fastrtps_c.h
[1.415s] -- Up-to-date: /home/hazem/GolfCar_ws/install/dwb_msgs/include/dwb_msgs/dwb_msgs/msg/detail/trajectory_score__rosidl_typesupport_fastrtps_c.h
[1.415s] -- Up-to-date: /home/hazem/GolfCar_ws/install/dwb_msgs/include/dwb_msgs/dwb_msgs/srv
[1.415s] -- Up-to-date: /home/hazem/GolfCar_ws/install/dwb_msgs/include/dwb_msgs/dwb_msgs/srv/detail
[1.415s] -- Up-to-date: /home/hazem/GolfCar_ws/install/dwb_msgs/include/dwb_msgs/dwb_msgs/srv/detail/get_critic_score__rosidl_typesupport_fastrtps_c.h
[1.415s] -- Up-to-date: /home/hazem/GolfCar_ws/install/dwb_msgs/include/dwb_msgs/dwb_msgs/srv/detail/generate_twists__rosidl_typesupport_fastrtps_c.h
[1.415s] -- Up-to-date: /home/hazem/GolfCar_ws/install/dwb_msgs/include/dwb_msgs/dwb_msgs/srv/detail/debug_local_plan__rosidl_typesupport_fastrtps_c.h
[1.416s] -- Up-to-date: /home/hazem/GolfCar_ws/install/dwb_msgs/include/dwb_msgs/dwb_msgs/srv/detail/score_trajectory__rosidl_typesupport_fastrtps_c.h
[1.416s] -- Up-to-date: /home/hazem/GolfCar_ws/install/dwb_msgs/include/dwb_msgs/dwb_msgs/srv/detail/generate_trajectory__rosidl_typesupport_fastrtps_c.h
[1.416s] -- Up-to-date: /home/hazem/GolfCar_ws/install/dwb_msgs/lib/libdwb_msgs__rosidl_typesupport_fastrtps_c.so
[1.416s] -- Up-to-date: /home/hazem/GolfCar_ws/install/dwb_msgs/include/dwb_msgs/dwb_msgs
[1.417s] -- Up-to-date: /home/hazem/GolfCar_ws/install/dwb_msgs/include/dwb_msgs/dwb_msgs/msg
[1.417s] -- Up-to-date: /home/hazem/GolfCar_ws/install/dwb_msgs/include/dwb_msgs/dwb_msgs/msg/critic_score.hpp
[1.417s] -- Up-to-date: /home/hazem/GolfCar_ws/install/dwb_msgs/include/dwb_msgs/dwb_msgs/msg/trajectory2_d.hpp
[1.417s] -- Up-to-date: /home/hazem/GolfCar_ws/install/dwb_msgs/include/dwb_msgs/dwb_msgs/msg/detail
[1.417s] -- Up-to-date: /home/hazem/GolfCar_ws/install/dwb_msgs/include/dwb_msgs/dwb_msgs/msg/detail/trajectory2_d__traits.hpp
[1.418s] -- Up-to-date: /home/hazem/GolfCar_ws/install/dwb_msgs/include/dwb_msgs/dwb_msgs/msg/detail/trajectory_score__struct.hpp
[1.418s] -- Up-to-date: /home/hazem/GolfCar_ws/install/dwb_msgs/include/dwb_msgs/dwb_msgs/msg/detail/critic_score__struct.hpp
[1.418s] -- Up-to-date: /home/hazem/GolfCar_ws/install/dwb_msgs/include/dwb_msgs/dwb_msgs/msg/detail/local_plan_evaluation__traits.hpp
[1.418s] -- Up-to-date: /home/hazem/GolfCar_ws/install/dwb_msgs/include/dwb_msgs/dwb_msgs/msg/detail/critic_score__builder.hpp
[1.418s] -- Up-to-date: /home/hazem/GolfCar_ws/install/dwb_msgs/include/dwb_msgs/dwb_msgs/msg/detail/trajectory2_d__struct.hpp
[1.418s] -- Up-to-date: /home/hazem/GolfCar_ws/install/dwb_msgs/include/dwb_msgs/dwb_msgs/msg/detail/local_plan_evaluation__struct.hpp
[1.419s] -- Up-to-date: /home/hazem/GolfCar_ws/install/dwb_msgs/include/dwb_msgs/dwb_msgs/msg/detail/trajectory_score__traits.hpp
[1.419s] -- Up-to-date: /home/hazem/GolfCar_ws/install/dwb_msgs/include/dwb_msgs/dwb_msgs/msg/detail/trajectory_score__builder.hpp
[1.419s] -- Up-to-date: /home/hazem/GolfCar_ws/install/dwb_msgs/include/dwb_msgs/dwb_msgs/msg/detail/local_plan_evaluation__builder.hpp
[1.419s] -- Up-to-date: /home/hazem/GolfCar_ws/install/dwb_msgs/include/dwb_msgs/dwb_msgs/msg/detail/critic_score__traits.hpp
[1.419s] -- Up-to-date: /home/hazem/GolfCar_ws/install/dwb_msgs/include/dwb_msgs/dwb_msgs/msg/detail/trajectory2_d__builder.hpp
[1.420s] -- Up-to-date: /home/hazem/GolfCar_ws/install/dwb_msgs/include/dwb_msgs/dwb_msgs/msg/trajectory_score.hpp
[1.420s] -- Up-to-date: /home/hazem/GolfCar_ws/install/dwb_msgs/include/dwb_msgs/dwb_msgs/msg/local_plan_evaluation.hpp
[1.420s] -- Up-to-date: /home/hazem/GolfCar_ws/install/dwb_msgs/include/dwb_msgs/dwb_msgs/srv
[1.420s] -- Up-to-date: /home/hazem/GolfCar_ws/install/dwb_msgs/include/dwb_msgs/dwb_msgs/srv/detail
[1.420s] -- Up-to-date: /home/hazem/GolfCar_ws/install/dwb_msgs/include/dwb_msgs/dwb_msgs/srv/detail/score_trajectory__traits.hpp
[1.420s] -- Up-to-date: /home/hazem/GolfCar_ws/install/dwb_msgs/include/dwb_msgs/dwb_msgs/srv/detail/get_critic_score__builder.hpp
[1.421s] -- Up-to-date: /home/hazem/GolfCar_ws/install/dwb_msgs/include/dwb_msgs/dwb_msgs/srv/detail/debug_local_plan__struct.hpp
[1.421s] -- Up-to-date: /home/hazem/GolfCar_ws/install/dwb_msgs/include/dwb_msgs/dwb_msgs/srv/detail/generate_trajectory__builder.hpp
[1.421s] -- Up-to-date: /home/hazem/GolfCar_ws/install/dwb_msgs/include/dwb_msgs/dwb_msgs/srv/detail/get_critic_score__struct.hpp
[1.421s] -- Up-to-date: /home/hazem/GolfCar_ws/install/dwb_msgs/include/dwb_msgs/dwb_msgs/srv/detail/generate_twists__traits.hpp
[1.421s] -- Up-to-date: /home/hazem/GolfCar_ws/install/dwb_msgs/include/dwb_msgs/dwb_msgs/srv/detail/generate_trajectory__struct.hpp
[1.421s] -- Up-to-date: /home/hazem/GolfCar_ws/install/dwb_msgs/include/dwb_msgs/dwb_msgs/srv/detail/debug_local_plan__traits.hpp
[1.422s] -- Up-to-date: /home/hazem/GolfCar_ws/install/dwb_msgs/include/dwb_msgs/dwb_msgs/srv/detail/get_critic_score__traits.hpp
[1.422s] -- Up-to-date: /home/hazem/GolfCar_ws/install/dwb_msgs/include/dwb_msgs/dwb_msgs/srv/detail/score_trajectory__struct.hpp
[1.422s] -- Up-to-date: /home/hazem/GolfCar_ws/install/dwb_msgs/include/dwb_msgs/dwb_msgs/srv/detail/generate_trajectory__traits.hpp
[1.423s] -- Up-to-date: /home/hazem/GolfCar_ws/install/dwb_msgs/include/dwb_msgs/dwb_msgs/srv/detail/score_trajectory__builder.hpp
[1.423s] -- Up-to-date: /home/hazem/GolfCar_ws/install/dwb_msgs/include/dwb_msgs/dwb_msgs/srv/detail/generate_twists__builder.hpp
[1.423s] -- Up-to-date: /home/hazem/GolfCar_ws/install/dwb_msgs/include/dwb_msgs/dwb_msgs/srv/detail/debug_local_plan__builder.hpp
[1.423s] -- Up-to-date: /home/hazem/GolfCar_ws/install/dwb_msgs/include/dwb_msgs/dwb_msgs/srv/detail/generate_twists__struct.hpp
[1.423s] -- Up-to-date: /home/hazem/GolfCar_ws/install/dwb_msgs/include/dwb_msgs/dwb_msgs/srv/score_trajectory.hpp
[1.423s] -- Up-to-date: /home/hazem/GolfCar_ws/install/dwb_msgs/include/dwb_msgs/dwb_msgs/srv/debug_local_plan.hpp
[1.423s] -- Up-to-date: /home/hazem/GolfCar_ws/install/dwb_msgs/include/dwb_msgs/dwb_msgs/srv/get_critic_score.hpp
[1.423s] -- Up-to-date: /home/hazem/GolfCar_ws/install/dwb_msgs/include/dwb_msgs/dwb_msgs/srv/generate_trajectory.hpp
[1.424s] -- Up-to-date: /home/hazem/GolfCar_ws/install/dwb_msgs/include/dwb_msgs/dwb_msgs/srv/generate_twists.hpp
[1.424s] -- Up-to-date: /home/hazem/GolfCar_ws/install/dwb_msgs/include/dwb_msgs/dwb_msgs
[1.424s] -- Up-to-date: /home/hazem/GolfCar_ws/install/dwb_msgs/include/dwb_msgs/dwb_msgs/msg
[1.424s] -- Up-to-date: /home/hazem/GolfCar_ws/install/dwb_msgs/include/dwb_msgs/dwb_msgs/msg/detail
[1.425s] -- Up-to-date: /home/hazem/GolfCar_ws/install/dwb_msgs/include/dwb_msgs/dwb_msgs/msg/detail/trajectory_score__rosidl_typesupport_fastrtps_cpp.hpp
[1.425s] -- Up-to-date: /home/hazem/GolfCar_ws/install/dwb_msgs/include/dwb_msgs/dwb_msgs/msg/detail/critic_score__rosidl_typesupport_fastrtps_cpp.hpp
[1.425s] -- Up-to-date: /home/hazem/GolfCar_ws/install/dwb_msgs/include/dwb_msgs/dwb_msgs/msg/detail/dds_fastrtps
[1.425s] -- Up-to-date: /home/hazem/GolfCar_ws/install/dwb_msgs/include/dwb_msgs/dwb_msgs/msg/detail/trajectory2_d__rosidl_typesupport_fastrtps_cpp.hpp
[1.425s] -- Up-to-date: /home/hazem/GolfCar_ws/install/dwb_msgs/include/dwb_msgs/dwb_msgs/msg/detail/local_plan_evaluation__rosidl_typesupport_fastrtps_cpp.hpp
[1.426s] -- Up-to-date: /home/hazem/GolfCar_ws/install/dwb_msgs/include/dwb_msgs/dwb_msgs/msg/rosidl_typesupport_fastrtps_cpp__visibility_control.h
[1.426s] -- Up-to-date: /home/hazem/GolfCar_ws/install/dwb_msgs/include/dwb_msgs/dwb_msgs/srv
[1.426s] -- Up-to-date: /home/hazem/GolfCar_ws/install/dwb_msgs/include/dwb_msgs/dwb_msgs/srv/detail
[1.426s] -- Up-to-date: /home/hazem/GolfCar_ws/install/dwb_msgs/include/dwb_msgs/dwb_msgs/srv/detail/debug_local_plan__rosidl_typesupport_fastrtps_cpp.hpp
[1.426s] -- Up-to-date: /home/hazem/GolfCar_ws/install/dwb_msgs/include/dwb_msgs/dwb_msgs/srv/detail/generate_twists__rosidl_typesupport_fastrtps_cpp.hpp
[1.426s] -- Up-to-date: /home/hazem/GolfCar_ws/install/dwb_msgs/include/dwb_msgs/dwb_msgs/srv/detail/generate_trajectory__rosidl_typesupport_fastrtps_cpp.hpp
[1.427s] -- Up-to-date: /home/hazem/GolfCar_ws/install/dwb_msgs/include/dwb_msgs/dwb_msgs/srv/detail/get_critic_score__rosidl_typesupport_fastrtps_cpp.hpp
[1.427s] -- Up-to-date: /home/hazem/GolfCar_ws/install/dwb_msgs/include/dwb_msgs/dwb_msgs/srv/detail/dds_fastrtps
[1.427s] -- Up-to-date: /home/hazem/GolfCar_ws/install/dwb_msgs/include/dwb_msgs/dwb_msgs/srv/detail/score_trajectory__rosidl_typesupport_fastrtps_cpp.hpp
[1.427s] -- Up-to-date: /home/hazem/GolfCar_ws/install/dwb_msgs/lib/libdwb_msgs__rosidl_typesupport_fastrtps_cpp.so
[1.428s] -- Up-to-date: /home/hazem/GolfCar_ws/install/dwb_msgs/include/dwb_msgs/dwb_msgs
[1.428s] -- Up-to-date: /home/hazem/GolfCar_ws/install/dwb_msgs/include/dwb_msgs/dwb_msgs/msg
[1.428s] -- Up-to-date: /home/hazem/GolfCar_ws/install/dwb_msgs/include/dwb_msgs/dwb_msgs/msg/detail
[1.428s] -- Up-to-date: /home/hazem/GolfCar_ws/install/dwb_msgs/include/dwb_msgs/dwb_msgs/msg/detail/trajectory_score__rosidl_typesupport_introspection_c.h
[1.429s] -- Up-to-date: /home/hazem/GolfCar_ws/install/dwb_msgs/include/dwb_msgs/dwb_msgs/msg/detail/trajectory2_d__rosidl_typesupport_introspection_c.h
[1.429s] -- Up-to-date: /home/hazem/GolfCar_ws/install/dwb_msgs/include/dwb_msgs/dwb_msgs/msg/detail/trajectory_score__type_support.c
[1.429s] -- Up-to-date: /home/hazem/GolfCar_ws/install/dwb_msgs/include/dwb_msgs/dwb_msgs/msg/detail/local_plan_evaluation__rosidl_typesupport_introspection_c.h
[1.429s] -- Up-to-date: /home/hazem/GolfCar_ws/install/dwb_msgs/include/dwb_msgs/dwb_msgs/msg/detail/critic_score__rosidl_typesupport_introspection_c.h
[1.429s] -- Up-to-date: /home/hazem/GolfCar_ws/install/dwb_msgs/include/dwb_msgs/dwb_msgs/msg/detail/local_plan_evaluation__type_support.c
[1.430s] -- Up-to-date: /home/hazem/GolfCar_ws/install/dwb_msgs/include/dwb_msgs/dwb_msgs/msg/detail/trajectory2_d__type_support.c
[1.430s] -- Up-to-date: /home/hazem/GolfCar_ws/install/dwb_msgs/include/dwb_msgs/dwb_msgs/msg/detail/critic_score__type_support.c
[1.430s] -- Up-to-date: /home/hazem/GolfCar_ws/install/dwb_msgs/include/dwb_msgs/dwb_msgs/msg/rosidl_typesupport_introspection_c__visibility_control.h
[1.430s] -- Up-to-date: /home/hazem/GolfCar_ws/install/dwb_msgs/include/dwb_msgs/dwb_msgs/srv
[1.430s] -- Up-to-date: /home/hazem/GolfCar_ws/install/dwb_msgs/include/dwb_msgs/dwb_msgs/srv/detail
[1.430s] -- Up-to-date: /home/hazem/GolfCar_ws/install/dwb_msgs/include/dwb_msgs/dwb_msgs/srv/detail/score_trajectory__rosidl_typesupport_introspection_c.h
[1.431s] -- Up-to-date: /home/hazem/GolfCar_ws/install/dwb_msgs/include/dwb_msgs/dwb_msgs/srv/detail/score_trajectory__type_support.c
[1.431s] -- Up-to-date: /home/hazem/GolfCar_ws/install/dwb_msgs/include/dwb_msgs/dwb_msgs/srv/detail/debug_local_plan__rosidl_typesupport_introspection_c.h
[1.431s] -- Up-to-date: /home/hazem/GolfCar_ws/install/dwb_msgs/include/dwb_msgs/dwb_msgs/srv/detail/get_critic_score__rosidl_typesupport_introspection_c.h
[1.431s] -- Up-to-date: /home/hazem/GolfCar_ws/install/dwb_msgs/include/dwb_msgs/dwb_msgs/srv/detail/debug_local_plan__type_support.c
[1.431s] -- Up-to-date: /home/hazem/GolfCar_ws/install/dwb_msgs/include/dwb_msgs/dwb_msgs/srv/detail/generate_trajectory__type_support.c
[1.431s] -- Up-to-date: /home/hazem/GolfCar_ws/install/dwb_msgs/include/dwb_msgs/dwb_msgs/srv/detail/generate_twists__rosidl_typesupport_introspection_c.h
[1.431s] -- Up-to-date: /home/hazem/GolfCar_ws/install/dwb_msgs/include/dwb_msgs/dwb_msgs/srv/detail/generate_trajectory__rosidl_typesupport_introspection_c.h
[1.432s] -- Up-to-date: /home/hazem/GolfCar_ws/install/dwb_msgs/include/dwb_msgs/dwb_msgs/srv/detail/generate_twists__type_support.c
[1.432s] -- Up-to-date: /home/hazem/GolfCar_ws/install/dwb_msgs/include/dwb_msgs/dwb_msgs/srv/detail/get_critic_score__type_support.c
[1.432s] -- Up-to-date: /home/hazem/GolfCar_ws/install/dwb_msgs/lib/libdwb_msgs__rosidl_typesupport_introspection_c.so
[1.433s] -- Up-to-date: /home/hazem/GolfCar_ws/install/dwb_msgs/lib/libdwb_msgs__rosidl_typesupport_c.so
[1.433s] -- Up-to-date: /home/hazem/GolfCar_ws/install/dwb_msgs/include/dwb_msgs/dwb_msgs
[1.433s] -- Up-to-date: /home/hazem/GolfCar_ws/install/dwb_msgs/include/dwb_msgs/dwb_msgs/msg
[1.433s] -- Up-to-date: /home/hazem/GolfCar_ws/install/dwb_msgs/include/dwb_msgs/dwb_msgs/msg/detail
[1.434s] -- Up-to-date: /home/hazem/GolfCar_ws/install/dwb_msgs/include/dwb_msgs/dwb_msgs/msg/detail/critic_score__type_support.cpp
[1.434s] -- Up-to-date: /home/hazem/GolfCar_ws/install/dwb_msgs/include/dwb_msgs/dwb_msgs/msg/detail/local_plan_evaluation__rosidl_typesupport_introspection_cpp.hpp
[1.434s] -- Up-to-date: /home/hazem/GolfCar_ws/install/dwb_msgs/include/dwb_msgs/dwb_msgs/msg/detail/trajectory_score__type_support.cpp
[1.434s] -- Up-to-date: /home/hazem/GolfCar_ws/install/dwb_msgs/include/dwb_msgs/dwb_msgs/msg/detail/trajectory2_d__type_support.cpp
[1.434s] -- Up-to-date: /home/hazem/GolfCar_ws/install/dwb_msgs/include/dwb_msgs/dwb_msgs/msg/detail/trajectory_score__rosidl_typesupport_introspection_cpp.hpp
[1.434s] -- Up-to-date: /home/hazem/GolfCar_ws/install/dwb_msgs/include/dwb_msgs/dwb_msgs/msg/detail/critic_score__rosidl_typesupport_introspection_cpp.hpp
[1.435s] -- Up-to-date: /home/hazem/GolfCar_ws/install/dwb_msgs/include/dwb_msgs/dwb_msgs/msg/detail/trajectory2_d__rosidl_typesupport_introspection_cpp.hpp
[1.435s] -- Up-to-date: /home/hazem/GolfCar_ws/install/dwb_msgs/include/dwb_msgs/dwb_msgs/msg/detail/local_plan_evaluation__type_support.cpp
[1.435s] -- Up-to-date: /home/hazem/GolfCar_ws/install/dwb_msgs/include/dwb_msgs/dwb_msgs/srv
[1.435s] -- Up-to-date: /home/hazem/GolfCar_ws/install/dwb_msgs/include/dwb_msgs/dwb_msgs/srv/detail
[1.435s] -- Up-to-date: /home/hazem/GolfCar_ws/install/dwb_msgs/include/dwb_msgs/dwb_msgs/srv/detail/get_critic_score__type_support.cpp
[1.436s] -- Up-to-date: /home/hazem/GolfCar_ws/install/dwb_msgs/include/dwb_msgs/dwb_msgs/srv/detail/generate_twists__rosidl_typesupport_introspection_cpp.hpp
[1.436s] -- Up-to-date: /home/hazem/GolfCar_ws/install/dwb_msgs/include/dwb_msgs/dwb_msgs/srv/detail/generate_trajectory__type_support.cpp
[1.436s] -- Up-to-date: /home/hazem/GolfCar_ws/install/dwb_msgs/include/dwb_msgs/dwb_msgs/srv/detail/debug_local_plan__rosidl_typesupport_introspection_cpp.hpp
[1.436s] -- Up-to-date: /home/hazem/GolfCar_ws/install/dwb_msgs/include/dwb_msgs/dwb_msgs/srv/detail/get_critic_score__rosidl_typesupport_introspection_cpp.hpp
[1.436s] -- Up-to-date: /home/hazem/GolfCar_ws/install/dwb_msgs/include/dwb_msgs/dwb_msgs/srv/detail/score_trajectory__type_support.cpp
[1.437s] -- Up-to-date: /home/hazem/GolfCar_ws/install/dwb_msgs/include/dwb_msgs/dwb_msgs/srv/detail/score_trajectory__rosidl_typesupport_introspection_cpp.hpp
[1.437s] -- Up-to-date: /home/hazem/GolfCar_ws/install/dwb_msgs/include/dwb_msgs/dwb_msgs/srv/detail/generate_twists__type_support.cpp
[1.437s] -- Up-to-date: /home/hazem/GolfCar_ws/install/dwb_msgs/include/dwb_msgs/dwb_msgs/srv/detail/generate_trajectory__rosidl_typesupport_introspection_cpp.hpp
[1.437s] -- Up-to-date: /home/hazem/GolfCar_ws/install/dwb_msgs/include/dwb_msgs/dwb_msgs/srv/detail/debug_local_plan__type_support.cpp
[1.437s] -- Up-to-date: /home/hazem/GolfCar_ws/install/dwb_msgs/lib/libdwb_msgs__rosidl_typesupport_introspection_cpp.so
[1.438s] -- Up-to-date: /home/hazem/GolfCar_ws/install/dwb_msgs/lib/libdwb_msgs__rosidl_typesupport_cpp.so
[1.438s] -- Up-to-date: /home/hazem/GolfCar_ws/install/dwb_msgs/share/dwb_msgs/environment/pythonpath.sh
[1.439s] -- Up-to-date: /home/hazem/GolfCar_ws/install/dwb_msgs/share/dwb_msgs/environment/pythonpath.dsv
[1.439s] -- Up-to-date: /home/hazem/GolfCar_ws/install/dwb_msgs/local/lib/python3.10/dist-packages/dwb_msgs-1.1.14-py3.10.egg-info
[1.439s] -- Installing: /home/hazem/GolfCar_ws/install/dwb_msgs/local/lib/python3.10/dist-packages/dwb_msgs-1.1.14-py3.10.egg-info/top_level.txt
[1.441s] -- Installing: /home/hazem/GolfCar_ws/install/dwb_msgs/local/lib/python3.10/dist-packages/dwb_msgs-1.1.14-py3.10.egg-info/PKG-INFO
[1.441s] -- Installing: /home/hazem/GolfCar_ws/install/dwb_msgs/local/lib/python3.10/dist-packages/dwb_msgs-1.1.14-py3.10.egg-info/SOURCES.txt
[1.441s] -- Installing: /home/hazem/GolfCar_ws/install/dwb_msgs/local/lib/python3.10/dist-packages/dwb_msgs-1.1.14-py3.10.egg-info/dependency_links.txt
[1.442s] -- Up-to-date: /home/hazem/GolfCar_ws/install/dwb_msgs/local/lib/python3.10/dist-packages/dwb_msgs
[1.442s] -- Up-to-date: /home/hazem/GolfCar_ws/install/dwb_msgs/local/lib/python3.10/dist-packages/dwb_msgs/msg
[1.442s] -- Up-to-date: /home/hazem/GolfCar_ws/install/dwb_msgs/local/lib/python3.10/dist-packages/dwb_msgs/msg/_critic_score_s.c
[1.442s] -- Up-to-date: /home/hazem/GolfCar_ws/install/dwb_msgs/local/lib/python3.10/dist-packages/dwb_msgs/msg/_local_plan_evaluation_s.c
[1.442s] -- Up-to-date: /home/hazem/GolfCar_ws/install/dwb_msgs/local/lib/python3.10/dist-packages/dwb_msgs/msg/_local_plan_evaluation.py
[1.443s] -- Up-to-date: /home/hazem/GolfCar_ws/install/dwb_msgs/local/lib/python3.10/dist-packages/dwb_msgs/msg/_trajectory2_d_s.c
[1.443s] -- Up-to-date: /home/hazem/GolfCar_ws/install/dwb_msgs/local/lib/python3.10/dist-packages/dwb_msgs/msg/__init__.py
[1.443s] -- Up-to-date: /home/hazem/GolfCar_ws/install/dwb_msgs/local/lib/python3.10/dist-packages/dwb_msgs/msg/_trajectory2_d.py
[1.443s] -- Up-to-date: /home/hazem/GolfCar_ws/install/dwb_msgs/local/lib/python3.10/dist-packages/dwb_msgs/msg/_trajectory_score.py
[1.443s] -- Up-to-date: /home/hazem/GolfCar_ws/install/dwb_msgs/local/lib/python3.10/dist-packages/dwb_msgs/msg/_trajectory_score_s.c
[1.443s] -- Up-to-date: /home/hazem/GolfCar_ws/install/dwb_msgs/local/lib/python3.10/dist-packages/dwb_msgs/msg/_critic_score.py
[1.444s] -- Up-to-date: /home/hazem/GolfCar_ws/install/dwb_msgs/local/lib/python3.10/dist-packages/dwb_msgs/_dwb_msgs_s.ep.rosidl_typesupport_fastrtps_c.c
[1.444s] -- Up-to-date: /home/hazem/GolfCar_ws/install/dwb_msgs/local/lib/python3.10/dist-packages/dwb_msgs/dwb_msgs_s__rosidl_typesupport_fastrtps_c.cpython-310-x86_64-linux-gnu.so
[1.444s] -- Up-to-date: /home/hazem/GolfCar_ws/install/dwb_msgs/local/lib/python3.10/dist-packages/dwb_msgs/dwb_msgs_s__rosidl_typesupport_introspection_c.cpython-310-x86_64-linux-gnu.so
[1.444s] -- Up-to-date: /home/hazem/GolfCar_ws/install/dwb_msgs/local/lib/python3.10/dist-packages/dwb_msgs/__init__.py
[1.444s] -- Up-to-date: /home/hazem/GolfCar_ws/install/dwb_msgs/local/lib/python3.10/dist-packages/dwb_msgs/dwb_msgs_s__rosidl_typesupport_c.cpython-310-x86_64-linux-gnu.so
[1.445s] -- Up-to-date: /home/hazem/GolfCar_ws/install/dwb_msgs/local/lib/python3.10/dist-packages/dwb_msgs/srv
[1.445s] -- Up-to-date: /home/hazem/GolfCar_ws/install/dwb_msgs/local/lib/python3.10/dist-packages/dwb_msgs/srv/_score_trajectory_s.c
[1.445s] -- Up-to-date: /home/hazem/GolfCar_ws/install/dwb_msgs/local/lib/python3.10/dist-packages/dwb_msgs/srv/__init__.py
[1.445s] -- Up-to-date: /home/hazem/GolfCar_ws/install/dwb_msgs/local/lib/python3.10/dist-packages/dwb_msgs/srv/_generate_twists.py
[1.445s] -- Up-to-date: /home/hazem/GolfCar_ws/install/dwb_msgs/local/lib/python3.10/dist-packages/dwb_msgs/srv/_generate_trajectory.py
[1.445s] -- Up-to-date: /home/hazem/GolfCar_ws/install/dwb_msgs/local/lib/python3.10/dist-packages/dwb_msgs/srv/_get_critic_score_s.c
[1.446s] -- Up-to-date: /home/hazem/GolfCar_ws/install/dwb_msgs/local/lib/python3.10/dist-packages/dwb_msgs/srv/_debug_local_plan.py
[1.446s] -- Up-to-date: /home/hazem/GolfCar_ws/install/dwb_msgs/local/lib/python3.10/dist-packages/dwb_msgs/srv/_generate_twists_s.c
[1.446s] -- Up-to-date: /home/hazem/GolfCar_ws/install/dwb_msgs/local/lib/python3.10/dist-packages/dwb_msgs/srv/_score_trajectory.py
[1.446s] -- Up-to-date: /home/hazem/GolfCar_ws/install/dwb_msgs/local/lib/python3.10/dist-packages/dwb_msgs/srv/_generate_trajectory_s.c
[1.446s] -- Up-to-date: /home/hazem/GolfCar_ws/install/dwb_msgs/local/lib/python3.10/dist-packages/dwb_msgs/srv/_debug_local_plan_s.c
[1.446s] -- Up-to-date: /home/hazem/GolfCar_ws/install/dwb_msgs/local/lib/python3.10/dist-packages/dwb_msgs/srv/_get_critic_score.py
[1.447s] -- Up-to-date: /home/hazem/GolfCar_ws/install/dwb_msgs/local/lib/python3.10/dist-packages/dwb_msgs/libdwb_msgs__rosidl_generator_py.so
[1.447s] -- Up-to-date: /home/hazem/GolfCar_ws/install/dwb_msgs/local/lib/python3.10/dist-packages/dwb_msgs/_dwb_msgs_s.ep.rosidl_typesupport_c.c
[1.447s] -- Up-to-date: /home/hazem/GolfCar_ws/install/dwb_msgs/local/lib/python3.10/dist-packages/dwb_msgs/_dwb_msgs_s.ep.rosidl_typesupport_introspection_c.c
[1.489s] Listing '/home/hazem/GolfCar_ws/install/dwb_msgs/local/lib/python3.10/dist-packages/dwb_msgs'...
[1.489s] Listing '/home/hazem/GolfCar_ws/install/dwb_msgs/local/lib/python3.10/dist-packages/dwb_msgs/msg'...
[1.489s] Listing '/home/hazem/GolfCar_ws/install/dwb_msgs/local/lib/python3.10/dist-packages/dwb_msgs/srv'...
[1.495s] -- Up-to-date: /home/hazem/GolfCar_ws/install/dwb_msgs/local/lib/python3.10/dist-packages/dwb_msgs/dwb_msgs_s__rosidl_typesupport_fastrtps_c.cpython-310-x86_64-linux-gnu.so
[1.495s] -- Up-to-date: /home/hazem/GolfCar_ws/install/dwb_msgs/local/lib/python3.10/dist-packages/dwb_msgs/dwb_msgs_s__rosidl_typesupport_introspection_c.cpython-310-x86_64-linux-gnu.so
[1.495s] -- Up-to-date: /home/hazem/GolfCar_ws/install/dwb_msgs/local/lib/python3.10/dist-packages/dwb_msgs/dwb_msgs_s__rosidl_typesupport_c.cpython-310-x86_64-linux-gnu.so
[1.495s] -- Up-to-date: /home/hazem/GolfCar_ws/install/dwb_msgs/lib/libdwb_msgs__rosidl_generator_py.so
[1.495s] -- Up-to-date: /home/hazem/GolfCar_ws/install/dwb_msgs/share/dwb_msgs/msg/CriticScore.idl
[1.495s] -- Up-to-date: /home/hazem/GolfCar_ws/install/dwb_msgs/share/dwb_msgs/msg/LocalPlanEvaluation.idl
[1.495s] -- Up-to-date: /home/hazem/GolfCar_ws/install/dwb_msgs/share/dwb_msgs/msg/Trajectory2D.idl
[1.495s] -- Up-to-date: /home/hazem/GolfCar_ws/install/dwb_msgs/share/dwb_msgs/msg/TrajectoryScore.idl
[1.496s] -- Up-to-date: /home/hazem/GolfCar_ws/install/dwb_msgs/share/dwb_msgs/srv/DebugLocalPlan.idl
[1.496s] -- Up-to-date: /home/hazem/GolfCar_ws/install/dwb_msgs/share/dwb_msgs/srv/GenerateTrajectory.idl
[1.496s] -- Up-to-date: /home/hazem/GolfCar_ws/install/dwb_msgs/share/dwb_msgs/srv/GenerateTwists.idl
[1.496s] -- Up-to-date: /home/hazem/GolfCar_ws/install/dwb_msgs/share/dwb_msgs/srv/GetCriticScore.idl
[1.496s] -- Up-to-date: /home/hazem/GolfCar_ws/install/dwb_msgs/share/dwb_msgs/srv/ScoreTrajectory.idl
[1.497s] -- Up-to-date: /home/hazem/GolfCar_ws/install/dwb_msgs/share/dwb_msgs/msg/CriticScore.msg
[1.497s] -- Up-to-date: /home/hazem/GolfCar_ws/install/dwb_msgs/share/dwb_msgs/msg/LocalPlanEvaluation.msg
[1.497s] -- Up-to-date: /home/hazem/GolfCar_ws/install/dwb_msgs/share/dwb_msgs/msg/Trajectory2D.msg
[1.497s] -- Up-to-date: /home/hazem/GolfCar_ws/install/dwb_msgs/share/dwb_msgs/msg/TrajectoryScore.msg
[1.498s] -- Up-to-date: /home/hazem/GolfCar_ws/install/dwb_msgs/share/dwb_msgs/srv/DebugLocalPlan.srv
[1.498s] -- Up-to-date: /home/hazem/GolfCar_ws/install/dwb_msgs/share/dwb_msgs/srv/DebugLocalPlan_Request.msg
[1.498s] -- Up-to-date: /home/hazem/GolfCar_ws/install/dwb_msgs/share/dwb_msgs/srv/DebugLocalPlan_Response.msg
[1.498s] -- Up-to-date: /home/hazem/GolfCar_ws/install/dwb_msgs/share/dwb_msgs/srv/GenerateTrajectory.srv
[1.498s] -- Up-to-date: /home/hazem/GolfCar_ws/install/dwb_msgs/share/dwb_msgs/srv/GenerateTrajectory_Request.msg
[1.499s] -- Up-to-date: /home/hazem/GolfCar_ws/install/dwb_msgs/share/dwb_msgs/srv/GenerateTrajectory_Response.msg
[1.499s] -- Up-to-date: /home/hazem/GolfCar_ws/install/dwb_msgs/share/dwb_msgs/srv/GenerateTwists.srv
[1.499s] -- Up-to-date: /home/hazem/GolfCar_ws/install/dwb_msgs/share/dwb_msgs/srv/GenerateTwists_Request.msg
[1.499s] -- Up-to-date: /home/hazem/GolfCar_ws/install/dwb_msgs/share/dwb_msgs/srv/GenerateTwists_Response.msg
[1.500s] -- Up-to-date: /home/hazem/GolfCar_ws/install/dwb_msgs/share/dwb_msgs/srv/GetCriticScore.srv
[1.500s] -- Up-to-date: /home/hazem/GolfCar_ws/install/dwb_msgs/share/dwb_msgs/srv/GetCriticScore_Request.msg
[1.500s] -- Up-to-date: /home/hazem/GolfCar_ws/install/dwb_msgs/share/dwb_msgs/srv/GetCriticScore_Response.msg
[1.500s] -- Up-to-date: /home/hazem/GolfCar_ws/install/dwb_msgs/share/dwb_msgs/srv/ScoreTrajectory.srv
[1.501s] -- Up-to-date: /home/hazem/GolfCar_ws/install/dwb_msgs/share/dwb_msgs/srv/ScoreTrajectory_Request.msg
[1.501s] -- Up-to-date: /home/hazem/GolfCar_ws/install/dwb_msgs/share/dwb_msgs/srv/ScoreTrajectory_Response.msg
[1.501s] -- Up-to-date: /home/hazem/GolfCar_ws/install/dwb_msgs/share/ament_index/resource_index/package_run_dependencies/dwb_msgs
[1.501s] -- Up-to-date: /home/hazem/GolfCar_ws/install/dwb_msgs/share/ament_index/resource_index/parent_prefix_path/dwb_msgs
[1.501s] -- Up-to-date: /home/hazem/GolfCar_ws/install/dwb_msgs/share/dwb_msgs/environment/ament_prefix_path.sh
[1.502s] -- Up-to-date: /home/hazem/GolfCar_ws/install/dwb_msgs/share/dwb_msgs/environment/ament_prefix_path.dsv
[1.502s] -- Up-to-date: /home/hazem/GolfCar_ws/install/dwb_msgs/share/dwb_msgs/environment/path.sh
[1.502s] -- Up-to-date: /home/hazem/GolfCar_ws/install/dwb_msgs/share/dwb_msgs/environment/path.dsv
[1.502s] -- Up-to-date: /home/hazem/GolfCar_ws/install/dwb_msgs/share/dwb_msgs/local_setup.bash
[1.502s] -- Up-to-date: /home/hazem/GolfCar_ws/install/dwb_msgs/share/dwb_msgs/local_setup.sh
[1.503s] -- Up-to-date: /home/hazem/GolfCar_ws/install/dwb_msgs/share/dwb_msgs/local_setup.zsh
[1.503s] -- Up-to-date: /home/hazem/GolfCar_ws/install/dwb_msgs/share/dwb_msgs/local_setup.dsv
[1.503s] -- Installing: /home/hazem/GolfCar_ws/install/dwb_msgs/share/dwb_msgs/package.dsv
[1.504s] -- Up-to-date: /home/hazem/GolfCar_ws/install/dwb_msgs/share/ament_index/resource_index/packages/dwb_msgs
[1.504s] -- Up-to-date: /home/hazem/GolfCar_ws/install/dwb_msgs/share/dwb_msgs/cmake/export_dwb_msgs__rosidl_generator_cExport.cmake
[1.504s] -- Up-to-date: /home/hazem/GolfCar_ws/install/dwb_msgs/share/dwb_msgs/cmake/export_dwb_msgs__rosidl_generator_cExport-noconfig.cmake
[1.504s] -- Up-to-date: /home/hazem/GolfCar_ws/install/dwb_msgs/share/dwb_msgs/cmake/export_dwb_msgs__rosidl_typesupport_fastrtps_cExport.cmake
[1.505s] -- Up-to-date: /home/hazem/GolfCar_ws/install/dwb_msgs/share/dwb_msgs/cmake/export_dwb_msgs__rosidl_typesupport_fastrtps_cExport-noconfig.cmake
[1.505s] -- Up-to-date: /home/hazem/GolfCar_ws/install/dwb_msgs/share/dwb_msgs/cmake/export_dwb_msgs__rosidl_generator_cppExport.cmake
[1.505s] -- Up-to-date: /home/hazem/GolfCar_ws/install/dwb_msgs/share/dwb_msgs/cmake/export_dwb_msgs__rosidl_typesupport_fastrtps_cppExport.cmake
[1.505s] -- Up-to-date: /home/hazem/GolfCar_ws/install/dwb_msgs/share/dwb_msgs/cmake/export_dwb_msgs__rosidl_typesupport_fastrtps_cppExport-noconfig.cmake
[1.506s] -- Up-to-date: /home/hazem/GolfCar_ws/install/dwb_msgs/share/dwb_msgs/cmake/dwb_msgs__rosidl_typesupport_introspection_cExport.cmake
[1.506s] -- Up-to-date: /home/hazem/GolfCar_ws/install/dwb_msgs/share/dwb_msgs/cmake/dwb_msgs__rosidl_typesupport_introspection_cExport-noconfig.cmake
[1.506s] -- Up-to-date: /home/hazem/GolfCar_ws/install/dwb_msgs/share/dwb_msgs/cmake/dwb_msgs__rosidl_typesupport_cExport.cmake
[1.506s] -- Up-to-date: /home/hazem/GolfCar_ws/install/dwb_msgs/share/dwb_msgs/cmake/dwb_msgs__rosidl_typesupport_cExport-noconfig.cmake
[1.507s] -- Up-to-date: /home/hazem/GolfCar_ws/install/dwb_msgs/share/dwb_msgs/cmake/dwb_msgs__rosidl_typesupport_introspection_cppExport.cmake
[1.507s] -- Up-to-date: /home/hazem/GolfCar_ws/install/dwb_msgs/share/dwb_msgs/cmake/dwb_msgs__rosidl_typesupport_introspection_cppExport-noconfig.cmake
[1.507s] -- Up-to-date: /home/hazem/GolfCar_ws/install/dwb_msgs/share/dwb_msgs/cmake/dwb_msgs__rosidl_typesupport_cppExport.cmake
[1.507s] -- Up-to-date: /home/hazem/GolfCar_ws/install/dwb_msgs/share/dwb_msgs/cmake/dwb_msgs__rosidl_typesupport_cppExport-noconfig.cmake
[1.508s] -- Up-to-date: /home/hazem/GolfCar_ws/install/dwb_msgs/share/dwb_msgs/cmake/export_dwb_msgs__rosidl_generator_pyExport.cmake
[1.508s] -- Up-to-date: /home/hazem/GolfCar_ws/install/dwb_msgs/share/dwb_msgs/cmake/export_dwb_msgs__rosidl_generator_pyExport-noconfig.cmake
[1.508s] -- Up-to-date: /home/hazem/GolfCar_ws/install/dwb_msgs/share/dwb_msgs/cmake/rosidl_cmake-extras.cmake
[1.508s] -- Up-to-date: /home/hazem/GolfCar_ws/install/dwb_msgs/share/dwb_msgs/cmake/ament_cmake_export_dependencies-extras.cmake
[1.508s] -- Up-to-date: /home/hazem/GolfCar_ws/install/dwb_msgs/share/dwb_msgs/cmake/ament_cmake_export_include_directories-extras.cmake
[1.509s] -- Up-to-date: /home/hazem/GolfCar_ws/install/dwb_msgs/share/dwb_msgs/cmake/ament_cmake_export_libraries-extras.cmake
[1.509s] -- Up-to-date: /home/hazem/GolfCar_ws/install/dwb_msgs/share/dwb_msgs/cmake/ament_cmake_export_targets-extras.cmake
[1.509s] -- Up-to-date: /home/hazem/GolfCar_ws/install/dwb_msgs/share/dwb_msgs/cmake/rosidl_cmake_export_typesupport_targets-extras.cmake
[1.509s] -- Up-to-date: /home/hazem/GolfCar_ws/install/dwb_msgs/share/dwb_msgs/cmake/rosidl_cmake_export_typesupport_libraries-extras.cmake
[1.510s] -- Up-to-date: /home/hazem/GolfCar_ws/install/dwb_msgs/share/dwb_msgs/cmake/dwb_msgsConfig.cmake
[1.510s] -- Up-to-date: /home/hazem/GolfCar_ws/install/dwb_msgs/share/dwb_msgs/cmake/dwb_msgsConfig-version.cmake
[1.510s] -- Up-to-date: /home/hazem/GolfCar_ws/install/dwb_msgs/share/dwb_msgs/package.xml
[1.513s] Invoked command in '/home/hazem/GolfCar_ws/build/dwb_msgs' returned '0': CMAKE_PREFIX_PATH=/home/hazem/GolfCar_ws/install/nav_2d_msgs:/home/hazem/GolfCar_ws/install/velodyne:/home/hazem/GolfCar_ws/install/velodyne_pointcloud:/home/hazem/GolfCar_ws/install/velodyne_driver:/home/hazem/GolfCar_ws/install/velodyne_msgs:/home/hazem/GolfCar_ws/install/velodyne_laserscan:/home/hazem/GolfCar_ws/install/pointcloud_to_laserscan:/home/hazem/GolfCar_ws/install/nav2_system_tests:/home/hazem/GolfCar_ws/install/nav2_bringup:/home/hazem/GolfCar_ws/install/navigation2:/home/hazem/GolfCar_ws/install/nav2_smoother:/home/hazem/GolfCar_ws/install/nav2_graceful_controller:/home/hazem/GolfCar_ws/install/nav2_dwb_controller:/home/hazem/GolfCar_ws/install/nav2_controller:/home/hazem/GolfCar_ws/install/dwb_plugins:/home/hazem/GolfCar_ws/install/dwb_critics:/home/hazem/GolfCar_ws/install/dwb_core:/home/hazem/GolfCar_ws/install/nav_2d_utils:/home/hazem/GolfCar_ws/install/dwb_msgs:/home/hazem/GolfCar_ws/install/nav2_waypoint_follower:/home/hazem/GolfCar_ws/install/nav2_theta_star_planner:/home/hazem/GolfCar_ws/install/nav2_smac_planner:/home/hazem/GolfCar_ws/install/nav2_rotation_shim_controller:/home/hazem/GolfCar_ws/install/nav2_regulated_pure_pursuit_controller:/home/hazem/GolfCar_ws/install/nav2_planner:/home/hazem/GolfCar_ws/install/nav2_navfn_planner:/home/hazem/GolfCar_ws/install/nav2_mppi_controller:/home/hazem/GolfCar_ws/install/nav2_constrained_smoother:/home/hazem/GolfCar_ws/install/nav2_bt_navigator:/home/hazem/GolfCar_ws/install/nav2_behaviors:/home/hazem/GolfCar_ws/install/nav2_core:/home/hazem/GolfCar_ws/install/nav2_collision_monitor:/home/hazem/GolfCar_ws/install/costmap_queue:/home/hazem/GolfCar_ws/install/nav2_costmap_2d:/home/hazem/GolfCar_ws/install/nav2_voxel_grid:/home/hazem/GolfCar_ws/install/nav2_velocity_smoother:/home/hazem/GolfCar_ws/install/nav2_rviz_plugins:/home/hazem/GolfCar_ws/install/nav2_map_server:/home/hazem/GolfCar_ws/install/nav2_lifecycle_manager:/home/hazem/GolfCar_ws/install/nav2_behavior_tree:/home/hazem/GolfCar_ws/install/nav2_amcl:/home/hazem/GolfCar_ws/install/nav2_util:/home/hazem/GolfCar_ws/install/nav2_msgs:/home/hazem/GolfCar_ws/install/nav2_common:/home/hazem/GolfCar_ws/install/golfcar_control:/home/hazem/GolfCar_ws/install/nav2_simple_commander:/opt/ros/humble LD_LIBRARY_PATH=/home/hazem/GolfCar_ws/install/nav_2d_msgs/lib:/home/hazem/GolfCar_ws/install/velodyne_pointcloud/lib:/home/hazem/GolfCar_ws/install/velodyne_driver/lib:/home/hazem/GolfCar_ws/install/velodyne_msgs/lib:/home/hazem/GolfCar_ws/install/velodyne_laserscan/lib:/home/hazem/GolfCar_ws/install/pointcloud_to_laserscan/lib:/home/hazem/GolfCar_ws/install/nav2_smoother/lib:/home/hazem/GolfCar_ws/install/nav2_graceful_controller/lib:/home/hazem/GolfCar_ws/install/nav2_controller/lib:/home/hazem/GolfCar_ws/install/dwb_plugins/lib:/home/hazem/GolfCar_ws/install/dwb_critics/lib:/home/hazem/GolfCar_ws/install/dwb_core/lib:/home/hazem/GolfCar_ws/install/nav_2d_utils/lib:/home/hazem/GolfCar_ws/install/dwb_msgs/lib:/home/hazem/GolfCar_ws/install/nav2_waypoint_follower/lib:/home/hazem/GolfCar_ws/install/nav2_theta_star_planner/lib:/home/hazem/GolfCar_ws/install/nav2_smac_planner/lib:/home/hazem/GolfCar_ws/install/nav2_rotation_shim_controller/lib:/home/hazem/GolfCar_ws/install/nav2_regulated_pure_pursuit_controller/lib:/home/hazem/GolfCar_ws/install/nav2_planner/lib:/home/hazem/GolfCar_ws/install/nav2_navfn_planner/lib:/home/hazem/GolfCar_ws/install/nav2_mppi_controller/lib:/home/hazem/GolfCar_ws/install/nav2_constrained_smoother/lib:/home/hazem/GolfCar_ws/install/nav2_bt_navigator/lib:/home/hazem/GolfCar_ws/install/nav2_behaviors/lib:/home/hazem/GolfCar_ws/install/nav2_collision_monitor/lib:/home/hazem/GolfCar_ws/install/costmap_queue/lib:/home/hazem/GolfCar_ws/install/nav2_costmap_2d/lib:/home/hazem/GolfCar_ws/install/nav2_voxel_grid/lib:/home/hazem/GolfCar_ws/install/nav2_velocity_smoother/lib:/home/hazem/GolfCar_ws/install/nav2_rviz_plugins/lib:/home/hazem/GolfCar_ws/install/nav2_map_server/lib:/home/hazem/GolfCar_ws/install/nav2_lifecycle_manager/lib:/home/hazem/GolfCar_ws/install/nav2_behavior_tree/lib:/home/hazem/GolfCar_ws/install/nav2_amcl/lib:/home/hazem/GolfCar_ws/install/nav2_util/lib:/home/hazem/GolfCar_ws/install/nav2_msgs/lib:/usr/lib/x86_64-linux-gnu/gazebo-11/plugins:/opt/ros/humble/opt/rviz_ogre_vendor/lib:/opt/ros/humble/lib/x86_64-linux-gnu:/opt/ros/humble/lib /usr/bin/cmake --install /home/hazem/GolfCar_ws/build/dwb_msgs
