running egg_info
writing ../../../build/nav2_simple_commander/nav2_simple_commander.egg-info/PKG-INFO
writing dependency_links to ../../../build/nav2_simple_commander/nav2_simple_commander.egg-info/dependency_links.txt
writing entry points to ../../../build/nav2_simple_commander/nav2_simple_commander.egg-info/entry_points.txt
writing requirements to ../../../build/nav2_simple_commander/nav2_simple_commander.egg-info/requires.txt
writing top-level names to ../../../build/nav2_simple_commander/nav2_simple_commander.egg-info/top_level.txt
reading manifest file '../../../build/nav2_simple_commander/nav2_simple_commander.egg-info/SOURCES.txt'
writing manifest file '../../../build/nav2_simple_commander/nav2_simple_commander.egg-info/SOURCES.txt'
running build
running build_py
running install
running install_lib
running install_data
running install_egg_info
removing '/home/hazem/GolfCar_ws/install/nav2_simple_commander/lib/python3.10/site-packages/nav2_simple_commander-1.0.0-py3.10.egg-info' (and everything under it)
Copying ../../../build/nav2_simple_commander/nav2_simple_commander.egg-info to /home/hazem/GolfCar_ws/install/nav2_simple_commander/lib/python3.10/site-packages/nav2_simple_commander-1.0.0-py3.10.egg-info
running install_scripts
Installing demo_inspection script to /home/hazem/GolfCar_ws/install/nav2_simple_commander/lib/nav2_simple_commander
Installing demo_picking script to /home/hazem/GolfCar_ws/install/nav2_simple_commander/lib/nav2_simple_commander
Installing demo_recoveries script to /home/hazem/GolfCar_ws/install/nav2_simple_commander/lib/nav2_simple_commander
Installing demo_security script to /home/hazem/GolfCar_ws/install/nav2_simple_commander/lib/nav2_simple_commander
Installing example_assisted_teleop script to /home/hazem/GolfCar_ws/install/nav2_simple_commander/lib/nav2_simple_commander
Installing example_follow_path script to /home/hazem/GolfCar_ws/install/nav2_simple_commander/lib/nav2_simple_commander
Installing example_nav_through_poses script to /home/hazem/GolfCar_ws/install/nav2_simple_commander/lib/nav2_simple_commander
Installing example_nav_to_pose script to /home/hazem/GolfCar_ws/install/nav2_simple_commander/lib/nav2_simple_commander
Installing example_waypoint_follower script to /home/hazem/GolfCar_ws/install/nav2_simple_commander/lib/nav2_simple_commander
writing list of installed files to '/home/hazem/GolfCar_ws/build/nav2_simple_commander/install.log'
