[0.053s] Invoking command in '/home/hazem/GolfCar_ws/build/nav2_costmap_2d': CMAKE_PREFIX_PATH=/home/hazem/GolfCar_ws/install/nav2_map_server:/home/hazem/GolfCar_ws/install/nav2_lifecycle_manager:/home/hazem/GolfCar_ws/install/nav2_util:/home/hazem/GolfCar_ws/install/nav2_voxel_grid:/home/hazem/GolfCar_ws/install/nav2_msgs:/home/hazem/GolfCar_ws/install/nav2_common:/home/hazem/GolfCar_ws/install/velodyne:/home/hazem/GolfCar_ws/install/velodyne_pointcloud:/home/hazem/GolfCar_ws/install/velodyne_driver:/home/hazem/GolfCar_ws/install/velodyne_msgs:/home/hazem/GolfCar_ws/install/velodyne_laserscan:/home/hazem/GolfCar_ws/install/pointcloud_to_laserscan:/home/hazem/GolfCar_ws/install/nav2_system_tests:/home/hazem/GolfCar_ws/install/nav2_bringup:/home/hazem/GolfCar_ws/install/navigation2:/home/hazem/GolfCar_ws/install/nav2_smoother:/home/hazem/GolfCar_ws/install/nav2_graceful_controller:/home/hazem/GolfCar_ws/install/nav2_dwb_controller:/home/hazem/GolfCar_ws/install/nav2_controller:/home/hazem/GolfCar_ws/install/dwb_plugins:/home/hazem/GolfCar_ws/install/dwb_critics:/home/hazem/GolfCar_ws/install/dwb_core:/home/hazem/GolfCar_ws/install/nav_2d_utils:/home/hazem/GolfCar_ws/install/dwb_msgs:/home/hazem/GolfCar_ws/install/nav_2d_msgs:/home/hazem/GolfCar_ws/install/nav2_waypoint_follower:/home/hazem/GolfCar_ws/install/nav2_theta_star_planner:/home/hazem/GolfCar_ws/install/nav2_smac_planner:/home/hazem/GolfCar_ws/install/nav2_rotation_shim_controller:/home/hazem/GolfCar_ws/install/nav2_regulated_pure_pursuit_controller:/home/hazem/GolfCar_ws/install/nav2_planner:/home/hazem/GolfCar_ws/install/nav2_navfn_planner:/home/hazem/GolfCar_ws/install/nav2_mppi_controller:/home/hazem/GolfCar_ws/install/nav2_constrained_smoother:/home/hazem/GolfCar_ws/install/nav2_bt_navigator:/home/hazem/GolfCar_ws/install/nav2_behaviors:/home/hazem/GolfCar_ws/install/nav2_core:/home/hazem/GolfCar_ws/install/nav2_collision_monitor:/home/hazem/GolfCar_ws/install/costmap_queue:/home/hazem/GolfCar_ws/install/nav2_costmap_2d:/home/hazem/GolfCar_ws/install/nav2_velocity_smoother:/home/hazem/GolfCar_ws/install/nav2_rviz_plugins:/home/hazem/GolfCar_ws/install/nav2_behavior_tree:/home/hazem/GolfCar_ws/install/nav2_amcl:/home/hazem/GolfCar_ws/install/golfcar_control:/home/hazem/GolfCar_ws/install/nav2_simple_commander:/opt/ros/humble LD_LIBRARY_PATH=/home/hazem/GolfCar_ws/install/nav2_map_server/lib:/home/hazem/GolfCar_ws/install/nav2_lifecycle_manager/lib:/home/hazem/GolfCar_ws/install/nav2_util/lib:/home/hazem/GolfCar_ws/install/nav2_voxel_grid/lib:/home/hazem/GolfCar_ws/install/nav2_msgs/lib:/home/hazem/GolfCar_ws/install/velodyne_pointcloud/lib:/home/hazem/GolfCar_ws/install/velodyne_driver/lib:/home/hazem/GolfCar_ws/install/velodyne_msgs/lib:/home/hazem/GolfCar_ws/install/velodyne_laserscan/lib:/home/hazem/GolfCar_ws/install/pointcloud_to_laserscan/lib:/home/hazem/GolfCar_ws/install/nav2_smoother/lib:/home/hazem/GolfCar_ws/install/nav2_graceful_controller/lib:/home/hazem/GolfCar_ws/install/nav2_controller/lib:/home/hazem/GolfCar_ws/install/dwb_plugins/lib:/home/hazem/GolfCar_ws/install/dwb_critics/lib:/home/hazem/GolfCar_ws/install/dwb_core/lib:/home/hazem/GolfCar_ws/install/nav_2d_utils/lib:/home/hazem/GolfCar_ws/install/dwb_msgs/lib:/home/hazem/GolfCar_ws/install/nav_2d_msgs/lib:/home/hazem/GolfCar_ws/install/nav2_waypoint_follower/lib:/home/hazem/GolfCar_ws/install/nav2_theta_star_planner/lib:/home/hazem/GolfCar_ws/install/nav2_smac_planner/lib:/home/hazem/GolfCar_ws/install/nav2_rotation_shim_controller/lib:/home/hazem/GolfCar_ws/install/nav2_regulated_pure_pursuit_controller/lib:/home/hazem/GolfCar_ws/install/nav2_planner/lib:/home/hazem/GolfCar_ws/install/nav2_navfn_planner/lib:/home/hazem/GolfCar_ws/install/nav2_mppi_controller/lib:/home/hazem/GolfCar_ws/install/nav2_constrained_smoother/lib:/home/hazem/GolfCar_ws/install/nav2_bt_navigator/lib:/home/hazem/GolfCar_ws/install/nav2_behaviors/lib:/home/hazem/GolfCar_ws/install/nav2_collision_monitor/lib:/home/hazem/GolfCar_ws/install/costmap_queue/lib:/home/hazem/GolfCar_ws/install/nav2_costmap_2d/lib:/home/hazem/GolfCar_ws/install/nav2_velocity_smoother/lib:/home/hazem/GolfCar_ws/install/nav2_rviz_plugins/lib:/home/hazem/GolfCar_ws/install/nav2_behavior_tree/lib:/home/hazem/GolfCar_ws/install/nav2_amcl/lib:/usr/lib/x86_64-linux-gnu/gazebo-11/plugins:/opt/ros/humble/opt/rviz_ogre_vendor/lib:/opt/ros/humble/lib/x86_64-linux-gnu:/opt/ros/humble/lib /usr/bin/cmake --build /home/hazem/GolfCar_ws/build/nav2_costmap_2d -- -j2 -l2
[0.218s] [  2%] Built target gtest_main
[0.251s] [ 19%] Built target nav2_costmap_2d_core
[0.287s] [ 21%] Built target gtest
[0.370s] [ 31%] Built target layers
[0.383s] [ 36%] Built target filters
[0.463s] [ 41%] Built target nav2_costmap_2d_client
[0.475s] [ 43%] Built target nav2_costmap_2d_markers
[0.543s] [ 46%] Built target nav2_costmap_2d_cloud
[0.566s] [ 48%] Built target nav2_costmap_2d
[0.611s] [ 51%] Built target array_parser_test
[0.622s] [ 53%] Built target collision_footprint_test
[0.686s] [ 56%] Built target declare_parameter_test
[0.694s] [ 58%] Built target costmap_convesion_test
[0.762s] [ 60%] Built target costmap_filter_test
[0.781s] [ 63%] Built target keepout_filter_test
[0.813s] [ 65%] Built target speed_filter_test
[0.853s] [ 68%] Built target binary_filter_test
[0.882s] [ 70%] Built target copy_window_test
[0.930s] [ 73%] Built target costmap_filter_service_test
[0.939s] [ 78%] Built target denoise_layer_test
[1.005s] [ 80%] Built target footprint_tests_exec
[1.021s] [ 82%] Built target test_collision_checker_exec
[1.073s] [ 85%] Built target inflation_tests_exec
[1.109s] [ 87%] Built target obstacle_tests_exec
[1.146s] [ 90%] Built target range_tests_exec
[1.163s] [ 92%] Built target dyn_params_tests
[1.215s] [ 95%] Built target order_layer
[1.222s] [ 97%] Built target costmap_bresenham_2d
[1.262s] [100%] Built target plugin_api_order
[1.281s] Invoked command in '/home/hazem/GolfCar_ws/build/nav2_costmap_2d' returned '0': CMAKE_PREFIX_PATH=/home/hazem/GolfCar_ws/install/nav2_map_server:/home/hazem/GolfCar_ws/install/nav2_lifecycle_manager:/home/hazem/GolfCar_ws/install/nav2_util:/home/hazem/GolfCar_ws/install/nav2_voxel_grid:/home/hazem/GolfCar_ws/install/nav2_msgs:/home/hazem/GolfCar_ws/install/nav2_common:/home/hazem/GolfCar_ws/install/velodyne:/home/hazem/GolfCar_ws/install/velodyne_pointcloud:/home/hazem/GolfCar_ws/install/velodyne_driver:/home/hazem/GolfCar_ws/install/velodyne_msgs:/home/hazem/GolfCar_ws/install/velodyne_laserscan:/home/hazem/GolfCar_ws/install/pointcloud_to_laserscan:/home/hazem/GolfCar_ws/install/nav2_system_tests:/home/hazem/GolfCar_ws/install/nav2_bringup:/home/hazem/GolfCar_ws/install/navigation2:/home/hazem/GolfCar_ws/install/nav2_smoother:/home/hazem/GolfCar_ws/install/nav2_graceful_controller:/home/hazem/GolfCar_ws/install/nav2_dwb_controller:/home/hazem/GolfCar_ws/install/nav2_controller:/home/hazem/GolfCar_ws/install/dwb_plugins:/home/hazem/GolfCar_ws/install/dwb_critics:/home/hazem/GolfCar_ws/install/dwb_core:/home/hazem/GolfCar_ws/install/nav_2d_utils:/home/hazem/GolfCar_ws/install/dwb_msgs:/home/hazem/GolfCar_ws/install/nav_2d_msgs:/home/hazem/GolfCar_ws/install/nav2_waypoint_follower:/home/hazem/GolfCar_ws/install/nav2_theta_star_planner:/home/hazem/GolfCar_ws/install/nav2_smac_planner:/home/hazem/GolfCar_ws/install/nav2_rotation_shim_controller:/home/hazem/GolfCar_ws/install/nav2_regulated_pure_pursuit_controller:/home/hazem/GolfCar_ws/install/nav2_planner:/home/hazem/GolfCar_ws/install/nav2_navfn_planner:/home/hazem/GolfCar_ws/install/nav2_mppi_controller:/home/hazem/GolfCar_ws/install/nav2_constrained_smoother:/home/hazem/GolfCar_ws/install/nav2_bt_navigator:/home/hazem/GolfCar_ws/install/nav2_behaviors:/home/hazem/GolfCar_ws/install/nav2_core:/home/hazem/GolfCar_ws/install/nav2_collision_monitor:/home/hazem/GolfCar_ws/install/costmap_queue:/home/hazem/GolfCar_ws/install/nav2_costmap_2d:/home/hazem/GolfCar_ws/install/nav2_velocity_smoother:/home/hazem/GolfCar_ws/install/nav2_rviz_plugins:/home/hazem/GolfCar_ws/install/nav2_behavior_tree:/home/hazem/GolfCar_ws/install/nav2_amcl:/home/hazem/GolfCar_ws/install/golfcar_control:/home/hazem/GolfCar_ws/install/nav2_simple_commander:/opt/ros/humble LD_LIBRARY_PATH=/home/hazem/GolfCar_ws/install/nav2_map_server/lib:/home/hazem/GolfCar_ws/install/nav2_lifecycle_manager/lib:/home/hazem/GolfCar_ws/install/nav2_util/lib:/home/hazem/GolfCar_ws/install/nav2_voxel_grid/lib:/home/hazem/GolfCar_ws/install/nav2_msgs/lib:/home/hazem/GolfCar_ws/install/velodyne_pointcloud/lib:/home/hazem/GolfCar_ws/install/velodyne_driver/lib:/home/hazem/GolfCar_ws/install/velodyne_msgs/lib:/home/hazem/GolfCar_ws/install/velodyne_laserscan/lib:/home/hazem/GolfCar_ws/install/pointcloud_to_laserscan/lib:/home/hazem/GolfCar_ws/install/nav2_smoother/lib:/home/hazem/GolfCar_ws/install/nav2_graceful_controller/lib:/home/hazem/GolfCar_ws/install/nav2_controller/lib:/home/hazem/GolfCar_ws/install/dwb_plugins/lib:/home/hazem/GolfCar_ws/install/dwb_critics/lib:/home/hazem/GolfCar_ws/install/dwb_core/lib:/home/hazem/GolfCar_ws/install/nav_2d_utils/lib:/home/hazem/GolfCar_ws/install/dwb_msgs/lib:/home/hazem/GolfCar_ws/install/nav_2d_msgs/lib:/home/hazem/GolfCar_ws/install/nav2_waypoint_follower/lib:/home/hazem/GolfCar_ws/install/nav2_theta_star_planner/lib:/home/hazem/GolfCar_ws/install/nav2_smac_planner/lib:/home/hazem/GolfCar_ws/install/nav2_rotation_shim_controller/lib:/home/hazem/GolfCar_ws/install/nav2_regulated_pure_pursuit_controller/lib:/home/hazem/GolfCar_ws/install/nav2_planner/lib:/home/hazem/GolfCar_ws/install/nav2_navfn_planner/lib:/home/hazem/GolfCar_ws/install/nav2_mppi_controller/lib:/home/hazem/GolfCar_ws/install/nav2_constrained_smoother/lib:/home/hazem/GolfCar_ws/install/nav2_bt_navigator/lib:/home/hazem/GolfCar_ws/install/nav2_behaviors/lib:/home/hazem/GolfCar_ws/install/nav2_collision_monitor/lib:/home/hazem/GolfCar_ws/install/costmap_queue/lib:/home/hazem/GolfCar_ws/install/nav2_costmap_2d/lib:/home/hazem/GolfCar_ws/install/nav2_velocity_smoother/lib:/home/hazem/GolfCar_ws/install/nav2_rviz_plugins/lib:/home/hazem/GolfCar_ws/install/nav2_behavior_tree/lib:/home/hazem/GolfCar_ws/install/nav2_amcl/lib:/usr/lib/x86_64-linux-gnu/gazebo-11/plugins:/opt/ros/humble/opt/rviz_ogre_vendor/lib:/opt/ros/humble/lib/x86_64-linux-gnu:/opt/ros/humble/lib /usr/bin/cmake --build /home/hazem/GolfCar_ws/build/nav2_costmap_2d -- -j2 -l2
[1.580s] Invoking command in '/home/hazem/GolfCar_ws/build/nav2_costmap_2d': CMAKE_PREFIX_PATH=/home/hazem/GolfCar_ws/install/nav2_map_server:/home/hazem/GolfCar_ws/install/nav2_lifecycle_manager:/home/hazem/GolfCar_ws/install/nav2_util:/home/hazem/GolfCar_ws/install/nav2_voxel_grid:/home/hazem/GolfCar_ws/install/nav2_msgs:/home/hazem/GolfCar_ws/install/nav2_common:/home/hazem/GolfCar_ws/install/velodyne:/home/hazem/GolfCar_ws/install/velodyne_pointcloud:/home/hazem/GolfCar_ws/install/velodyne_driver:/home/hazem/GolfCar_ws/install/velodyne_msgs:/home/hazem/GolfCar_ws/install/velodyne_laserscan:/home/hazem/GolfCar_ws/install/pointcloud_to_laserscan:/home/hazem/GolfCar_ws/install/nav2_system_tests:/home/hazem/GolfCar_ws/install/nav2_bringup:/home/hazem/GolfCar_ws/install/navigation2:/home/hazem/GolfCar_ws/install/nav2_smoother:/home/hazem/GolfCar_ws/install/nav2_graceful_controller:/home/hazem/GolfCar_ws/install/nav2_dwb_controller:/home/hazem/GolfCar_ws/install/nav2_controller:/home/hazem/GolfCar_ws/install/dwb_plugins:/home/hazem/GolfCar_ws/install/dwb_critics:/home/hazem/GolfCar_ws/install/dwb_core:/home/hazem/GolfCar_ws/install/nav_2d_utils:/home/hazem/GolfCar_ws/install/dwb_msgs:/home/hazem/GolfCar_ws/install/nav_2d_msgs:/home/hazem/GolfCar_ws/install/nav2_waypoint_follower:/home/hazem/GolfCar_ws/install/nav2_theta_star_planner:/home/hazem/GolfCar_ws/install/nav2_smac_planner:/home/hazem/GolfCar_ws/install/nav2_rotation_shim_controller:/home/hazem/GolfCar_ws/install/nav2_regulated_pure_pursuit_controller:/home/hazem/GolfCar_ws/install/nav2_planner:/home/hazem/GolfCar_ws/install/nav2_navfn_planner:/home/hazem/GolfCar_ws/install/nav2_mppi_controller:/home/hazem/GolfCar_ws/install/nav2_constrained_smoother:/home/hazem/GolfCar_ws/install/nav2_bt_navigator:/home/hazem/GolfCar_ws/install/nav2_behaviors:/home/hazem/GolfCar_ws/install/nav2_core:/home/hazem/GolfCar_ws/install/nav2_collision_monitor:/home/hazem/GolfCar_ws/install/costmap_queue:/home/hazem/GolfCar_ws/install/nav2_costmap_2d:/home/hazem/GolfCar_ws/install/nav2_velocity_smoother:/home/hazem/GolfCar_ws/install/nav2_rviz_plugins:/home/hazem/GolfCar_ws/install/nav2_behavior_tree:/home/hazem/GolfCar_ws/install/nav2_amcl:/home/hazem/GolfCar_ws/install/golfcar_control:/home/hazem/GolfCar_ws/install/nav2_simple_commander:/opt/ros/humble LD_LIBRARY_PATH=/home/hazem/GolfCar_ws/install/nav2_map_server/lib:/home/hazem/GolfCar_ws/install/nav2_lifecycle_manager/lib:/home/hazem/GolfCar_ws/install/nav2_util/lib:/home/hazem/GolfCar_ws/install/nav2_voxel_grid/lib:/home/hazem/GolfCar_ws/install/nav2_msgs/lib:/home/hazem/GolfCar_ws/install/velodyne_pointcloud/lib:/home/hazem/GolfCar_ws/install/velodyne_driver/lib:/home/hazem/GolfCar_ws/install/velodyne_msgs/lib:/home/hazem/GolfCar_ws/install/velodyne_laserscan/lib:/home/hazem/GolfCar_ws/install/pointcloud_to_laserscan/lib:/home/hazem/GolfCar_ws/install/nav2_smoother/lib:/home/hazem/GolfCar_ws/install/nav2_graceful_controller/lib:/home/hazem/GolfCar_ws/install/nav2_controller/lib:/home/hazem/GolfCar_ws/install/dwb_plugins/lib:/home/hazem/GolfCar_ws/install/dwb_critics/lib:/home/hazem/GolfCar_ws/install/dwb_core/lib:/home/hazem/GolfCar_ws/install/nav_2d_utils/lib:/home/hazem/GolfCar_ws/install/dwb_msgs/lib:/home/hazem/GolfCar_ws/install/nav_2d_msgs/lib:/home/hazem/GolfCar_ws/install/nav2_waypoint_follower/lib:/home/hazem/GolfCar_ws/install/nav2_theta_star_planner/lib:/home/hazem/GolfCar_ws/install/nav2_smac_planner/lib:/home/hazem/GolfCar_ws/install/nav2_rotation_shim_controller/lib:/home/hazem/GolfCar_ws/install/nav2_regulated_pure_pursuit_controller/lib:/home/hazem/GolfCar_ws/install/nav2_planner/lib:/home/hazem/GolfCar_ws/install/nav2_navfn_planner/lib:/home/hazem/GolfCar_ws/install/nav2_mppi_controller/lib:/home/hazem/GolfCar_ws/install/nav2_constrained_smoother/lib:/home/hazem/GolfCar_ws/install/nav2_bt_navigator/lib:/home/hazem/GolfCar_ws/install/nav2_behaviors/lib:/home/hazem/GolfCar_ws/install/nav2_collision_monitor/lib:/home/hazem/GolfCar_ws/install/costmap_queue/lib:/home/hazem/GolfCar_ws/install/nav2_costmap_2d/lib:/home/hazem/GolfCar_ws/install/nav2_velocity_smoother/lib:/home/hazem/GolfCar_ws/install/nav2_rviz_plugins/lib:/home/hazem/GolfCar_ws/install/nav2_behavior_tree/lib:/home/hazem/GolfCar_ws/install/nav2_amcl/lib:/usr/lib/x86_64-linux-gnu/gazebo-11/plugins:/opt/ros/humble/opt/rviz_ogre_vendor/lib:/opt/ros/humble/lib/x86_64-linux-gnu:/opt/ros/humble/lib /usr/bin/cmake --install /home/hazem/GolfCar_ws/build/nav2_costmap_2d
[1.595s] -- Install configuration: "Release"
[1.596s] -- Up-to-date: /home/hazem/GolfCar_ws/install/nav2_costmap_2d/lib/liblayers.so
[1.597s] -- Up-to-date: /home/hazem/GolfCar_ws/install/nav2_costmap_2d/lib/libfilters.so
[1.597s] -- Up-to-date: /home/hazem/GolfCar_ws/install/nav2_costmap_2d/lib/libnav2_costmap_2d_core.so
[1.598s] -- Up-to-date: /home/hazem/GolfCar_ws/install/nav2_costmap_2d/lib/libnav2_costmap_2d_client.so
[1.598s] -- Up-to-date: /home/hazem/GolfCar_ws/install/nav2_costmap_2d/lib/nav2_costmap_2d/nav2_costmap_2d_markers
[1.599s] -- Up-to-date: /home/hazem/GolfCar_ws/install/nav2_costmap_2d/lib/nav2_costmap_2d/nav2_costmap_2d_cloud
[1.600s] -- Up-to-date: /home/hazem/GolfCar_ws/install/nav2_costmap_2d/lib/nav2_costmap_2d/nav2_costmap_2d
[1.600s] -- Up-to-date: /home/hazem/GolfCar_ws/install/nav2_costmap_2d/share/nav2_costmap_2d/costmap_plugins.xml
[1.600s] -- Up-to-date: /home/hazem/GolfCar_ws/install/nav2_costmap_2d/include/nav2_costmap_2d
[1.600s] -- Up-to-date: /home/hazem/GolfCar_ws/install/nav2_costmap_2d/include/nav2_costmap_2d/nav2_costmap_2d
[1.601s] -- Up-to-date: /home/hazem/GolfCar_ws/install/nav2_costmap_2d/include/nav2_costmap_2d/nav2_costmap_2d/costmap_2d_ros.hpp
[1.601s] -- Up-to-date: /home/hazem/GolfCar_ws/install/nav2_costmap_2d/include/nav2_costmap_2d/nav2_costmap_2d/obstacle_layer.hpp
[1.601s] -- Up-to-date: /home/hazem/GolfCar_ws/install/nav2_costmap_2d/include/nav2_costmap_2d/nav2_costmap_2d/footprint_subscriber.hpp
[1.601s] -- Up-to-date: /home/hazem/GolfCar_ws/install/nav2_costmap_2d/include/nav2_costmap_2d/nav2_costmap_2d/range_sensor_layer.hpp
[1.601s] -- Up-to-date: /home/hazem/GolfCar_ws/install/nav2_costmap_2d/include/nav2_costmap_2d/nav2_costmap_2d/costmap_math.hpp
[1.601s] -- Up-to-date: /home/hazem/GolfCar_ws/install/nav2_costmap_2d/include/nav2_costmap_2d/nav2_costmap_2d/observation.hpp
[1.602s] -- Up-to-date: /home/hazem/GolfCar_ws/install/nav2_costmap_2d/include/nav2_costmap_2d/nav2_costmap_2d/costmap_2d_publisher.hpp
[1.602s] -- Up-to-date: /home/hazem/GolfCar_ws/install/nav2_costmap_2d/include/nav2_costmap_2d/nav2_costmap_2d/costmap_subscriber.hpp
[1.602s] -- Up-to-date: /home/hazem/GolfCar_ws/install/nav2_costmap_2d/include/nav2_costmap_2d/nav2_costmap_2d/costmap_layer.hpp
[1.602s] -- Up-to-date: /home/hazem/GolfCar_ws/install/nav2_costmap_2d/include/nav2_costmap_2d/nav2_costmap_2d/inflation_layer.hpp
[1.602s] -- Up-to-date: /home/hazem/GolfCar_ws/install/nav2_costmap_2d/include/nav2_costmap_2d/nav2_costmap_2d/footprint_collision_checker.hpp
[1.602s] -- Up-to-date: /home/hazem/GolfCar_ws/install/nav2_costmap_2d/include/nav2_costmap_2d/nav2_costmap_2d/observation_buffer.hpp
[1.602s] -- Up-to-date: /home/hazem/GolfCar_ws/install/nav2_costmap_2d/include/nav2_costmap_2d/nav2_costmap_2d/voxel_layer.hpp
[1.603s] -- Up-to-date: /home/hazem/GolfCar_ws/install/nav2_costmap_2d/include/nav2_costmap_2d/nav2_costmap_2d/costmap_2d.hpp
[1.603s] -- Up-to-date: /home/hazem/GolfCar_ws/install/nav2_costmap_2d/include/nav2_costmap_2d/nav2_costmap_2d/footprint.hpp
[1.603s] -- Up-to-date: /home/hazem/GolfCar_ws/install/nav2_costmap_2d/include/nav2_costmap_2d/nav2_costmap_2d/layer.hpp
[1.603s] -- Up-to-date: /home/hazem/GolfCar_ws/install/nav2_costmap_2d/include/nav2_costmap_2d/nav2_costmap_2d/array_parser.hpp
[1.603s] -- Up-to-date: /home/hazem/GolfCar_ws/install/nav2_costmap_2d/include/nav2_costmap_2d/nav2_costmap_2d/exceptions.hpp
[1.603s] -- Up-to-date: /home/hazem/GolfCar_ws/install/nav2_costmap_2d/include/nav2_costmap_2d/nav2_costmap_2d/denoise
[1.604s] -- Up-to-date: /home/hazem/GolfCar_ws/install/nav2_costmap_2d/include/nav2_costmap_2d/nav2_costmap_2d/denoise/image_processing.hpp
[1.604s] -- Up-to-date: /home/hazem/GolfCar_ws/install/nav2_costmap_2d/include/nav2_costmap_2d/nav2_costmap_2d/denoise/image.hpp
[1.604s] -- Up-to-date: /home/hazem/GolfCar_ws/install/nav2_costmap_2d/include/nav2_costmap_2d/nav2_costmap_2d/clear_costmap_service.hpp
[1.604s] -- Up-to-date: /home/hazem/GolfCar_ws/install/nav2_costmap_2d/include/nav2_costmap_2d/nav2_costmap_2d/static_layer.hpp
[1.605s] -- Up-to-date: /home/hazem/GolfCar_ws/install/nav2_costmap_2d/include/nav2_costmap_2d/nav2_costmap_2d/costmap_filters
[1.605s] -- Up-to-date: /home/hazem/GolfCar_ws/install/nav2_costmap_2d/include/nav2_costmap_2d/nav2_costmap_2d/costmap_filters/costmap_filter.hpp
[1.605s] -- Up-to-date: /home/hazem/GolfCar_ws/install/nav2_costmap_2d/include/nav2_costmap_2d/nav2_costmap_2d/costmap_filters/filter_values.hpp
[1.605s] -- Up-to-date: /home/hazem/GolfCar_ws/install/nav2_costmap_2d/include/nav2_costmap_2d/nav2_costmap_2d/costmap_filters/speed_filter.hpp
[1.605s] -- Up-to-date: /home/hazem/GolfCar_ws/install/nav2_costmap_2d/include/nav2_costmap_2d/nav2_costmap_2d/costmap_filters/keepout_filter.hpp
[1.606s] -- Up-to-date: /home/hazem/GolfCar_ws/install/nav2_costmap_2d/include/nav2_costmap_2d/nav2_costmap_2d/costmap_filters/binary_filter.hpp
[1.606s] -- Up-to-date: /home/hazem/GolfCar_ws/install/nav2_costmap_2d/include/nav2_costmap_2d/nav2_costmap_2d/denoise_layer.hpp
[1.606s] -- Up-to-date: /home/hazem/GolfCar_ws/install/nav2_costmap_2d/include/nav2_costmap_2d/nav2_costmap_2d/cost_values.hpp
[1.606s] -- Up-to-date: /home/hazem/GolfCar_ws/install/nav2_costmap_2d/include/nav2_costmap_2d/nav2_costmap_2d/layered_costmap.hpp
[1.606s] -- Up-to-date: /home/hazem/GolfCar_ws/install/nav2_costmap_2d/include/nav2_costmap_2d/nav2_costmap_2d/costmap_topic_collision_checker.hpp
[1.607s] -- Up-to-date: /home/hazem/GolfCar_ws/install/nav2_costmap_2d/share/nav2_costmap_2d/test/regression/order_layer.xml
[1.607s] -- Up-to-date: /home/hazem/GolfCar_ws/install/nav2_costmap_2d/share/nav2_costmap_2d/environment/library_path.sh
[1.607s] -- Up-to-date: /home/hazem/GolfCar_ws/install/nav2_costmap_2d/share/nav2_costmap_2d/environment/library_path.dsv
[1.607s] -- Up-to-date: /home/hazem/GolfCar_ws/install/nav2_costmap_2d/share/nav2_costmap_2d/costmap_plugins.xml
[1.608s] -- Up-to-date: /home/hazem/GolfCar_ws/install/nav2_costmap_2d/share/ament_index/resource_index/package_run_dependencies/nav2_costmap_2d
[1.608s] -- Up-to-date: /home/hazem/GolfCar_ws/install/nav2_costmap_2d/share/ament_index/resource_index/parent_prefix_path/nav2_costmap_2d
[1.608s] -- Up-to-date: /home/hazem/GolfCar_ws/install/nav2_costmap_2d/share/nav2_costmap_2d/environment/ament_prefix_path.sh
[1.608s] -- Up-to-date: /home/hazem/GolfCar_ws/install/nav2_costmap_2d/share/nav2_costmap_2d/environment/ament_prefix_path.dsv
[1.608s] -- Up-to-date: /home/hazem/GolfCar_ws/install/nav2_costmap_2d/share/nav2_costmap_2d/environment/path.sh
[1.609s] -- Up-to-date: /home/hazem/GolfCar_ws/install/nav2_costmap_2d/share/nav2_costmap_2d/environment/path.dsv
[1.609s] -- Up-to-date: /home/hazem/GolfCar_ws/install/nav2_costmap_2d/share/nav2_costmap_2d/local_setup.bash
[1.609s] -- Up-to-date: /home/hazem/GolfCar_ws/install/nav2_costmap_2d/share/nav2_costmap_2d/local_setup.sh
[1.609s] -- Up-to-date: /home/hazem/GolfCar_ws/install/nav2_costmap_2d/share/nav2_costmap_2d/local_setup.zsh
[1.609s] -- Up-to-date: /home/hazem/GolfCar_ws/install/nav2_costmap_2d/share/nav2_costmap_2d/local_setup.dsv
[1.609s] -- Installing: /home/hazem/GolfCar_ws/install/nav2_costmap_2d/share/nav2_costmap_2d/package.dsv
[1.610s] -- Up-to-date: /home/hazem/GolfCar_ws/install/nav2_costmap_2d/share/ament_index/resource_index/packages/nav2_costmap_2d
[1.610s] -- Up-to-date: /home/hazem/GolfCar_ws/install/nav2_costmap_2d/share/ament_index/resource_index/nav2_costmap_2d__pluginlib__plugin/nav2_costmap_2d
[1.610s] -- Up-to-date: /home/hazem/GolfCar_ws/install/nav2_costmap_2d/share/nav2_costmap_2d/cmake/export_nav2_costmap_2dExport.cmake
[1.611s] -- Up-to-date: /home/hazem/GolfCar_ws/install/nav2_costmap_2d/share/nav2_costmap_2d/cmake/export_nav2_costmap_2dExport-release.cmake
[1.611s] -- Up-to-date: /home/hazem/GolfCar_ws/install/nav2_costmap_2d/share/nav2_costmap_2d/cmake/ament_cmake_export_targets-extras.cmake
[1.611s] -- Up-to-date: /home/hazem/GolfCar_ws/install/nav2_costmap_2d/share/nav2_costmap_2d/cmake/ament_cmake_export_dependencies-extras.cmake
[1.611s] -- Up-to-date: /home/hazem/GolfCar_ws/install/nav2_costmap_2d/share/nav2_costmap_2d/cmake/nav2_costmap_2dConfig.cmake
[1.611s] -- Up-to-date: /home/hazem/GolfCar_ws/install/nav2_costmap_2d/share/nav2_costmap_2d/cmake/nav2_costmap_2dConfig-version.cmake
[1.612s] -- Up-to-date: /home/hazem/GolfCar_ws/install/nav2_costmap_2d/share/nav2_costmap_2d/package.xml
[1.612s] -- Up-to-date: /home/hazem/GolfCar_ws/install/nav2_costmap_2d/lib/liborder_layer.so
[1.617s] Invoked command in '/home/hazem/GolfCar_ws/build/nav2_costmap_2d' returned '0': CMAKE_PREFIX_PATH=/home/hazem/GolfCar_ws/install/nav2_map_server:/home/hazem/GolfCar_ws/install/nav2_lifecycle_manager:/home/hazem/GolfCar_ws/install/nav2_util:/home/hazem/GolfCar_ws/install/nav2_voxel_grid:/home/hazem/GolfCar_ws/install/nav2_msgs:/home/hazem/GolfCar_ws/install/nav2_common:/home/hazem/GolfCar_ws/install/velodyne:/home/hazem/GolfCar_ws/install/velodyne_pointcloud:/home/hazem/GolfCar_ws/install/velodyne_driver:/home/hazem/GolfCar_ws/install/velodyne_msgs:/home/hazem/GolfCar_ws/install/velodyne_laserscan:/home/hazem/GolfCar_ws/install/pointcloud_to_laserscan:/home/hazem/GolfCar_ws/install/nav2_system_tests:/home/hazem/GolfCar_ws/install/nav2_bringup:/home/hazem/GolfCar_ws/install/navigation2:/home/hazem/GolfCar_ws/install/nav2_smoother:/home/hazem/GolfCar_ws/install/nav2_graceful_controller:/home/hazem/GolfCar_ws/install/nav2_dwb_controller:/home/hazem/GolfCar_ws/install/nav2_controller:/home/hazem/GolfCar_ws/install/dwb_plugins:/home/hazem/GolfCar_ws/install/dwb_critics:/home/hazem/GolfCar_ws/install/dwb_core:/home/hazem/GolfCar_ws/install/nav_2d_utils:/home/hazem/GolfCar_ws/install/dwb_msgs:/home/hazem/GolfCar_ws/install/nav_2d_msgs:/home/hazem/GolfCar_ws/install/nav2_waypoint_follower:/home/hazem/GolfCar_ws/install/nav2_theta_star_planner:/home/hazem/GolfCar_ws/install/nav2_smac_planner:/home/hazem/GolfCar_ws/install/nav2_rotation_shim_controller:/home/hazem/GolfCar_ws/install/nav2_regulated_pure_pursuit_controller:/home/hazem/GolfCar_ws/install/nav2_planner:/home/hazem/GolfCar_ws/install/nav2_navfn_planner:/home/hazem/GolfCar_ws/install/nav2_mppi_controller:/home/hazem/GolfCar_ws/install/nav2_constrained_smoother:/home/hazem/GolfCar_ws/install/nav2_bt_navigator:/home/hazem/GolfCar_ws/install/nav2_behaviors:/home/hazem/GolfCar_ws/install/nav2_core:/home/hazem/GolfCar_ws/install/nav2_collision_monitor:/home/hazem/GolfCar_ws/install/costmap_queue:/home/hazem/GolfCar_ws/install/nav2_costmap_2d:/home/hazem/GolfCar_ws/install/nav2_velocity_smoother:/home/hazem/GolfCar_ws/install/nav2_rviz_plugins:/home/hazem/GolfCar_ws/install/nav2_behavior_tree:/home/hazem/GolfCar_ws/install/nav2_amcl:/home/hazem/GolfCar_ws/install/golfcar_control:/home/hazem/GolfCar_ws/install/nav2_simple_commander:/opt/ros/humble LD_LIBRARY_PATH=/home/hazem/GolfCar_ws/install/nav2_map_server/lib:/home/hazem/GolfCar_ws/install/nav2_lifecycle_manager/lib:/home/hazem/GolfCar_ws/install/nav2_util/lib:/home/hazem/GolfCar_ws/install/nav2_voxel_grid/lib:/home/hazem/GolfCar_ws/install/nav2_msgs/lib:/home/hazem/GolfCar_ws/install/velodyne_pointcloud/lib:/home/hazem/GolfCar_ws/install/velodyne_driver/lib:/home/hazem/GolfCar_ws/install/velodyne_msgs/lib:/home/hazem/GolfCar_ws/install/velodyne_laserscan/lib:/home/hazem/GolfCar_ws/install/pointcloud_to_laserscan/lib:/home/hazem/GolfCar_ws/install/nav2_smoother/lib:/home/hazem/GolfCar_ws/install/nav2_graceful_controller/lib:/home/hazem/GolfCar_ws/install/nav2_controller/lib:/home/hazem/GolfCar_ws/install/dwb_plugins/lib:/home/hazem/GolfCar_ws/install/dwb_critics/lib:/home/hazem/GolfCar_ws/install/dwb_core/lib:/home/hazem/GolfCar_ws/install/nav_2d_utils/lib:/home/hazem/GolfCar_ws/install/dwb_msgs/lib:/home/hazem/GolfCar_ws/install/nav_2d_msgs/lib:/home/hazem/GolfCar_ws/install/nav2_waypoint_follower/lib:/home/hazem/GolfCar_ws/install/nav2_theta_star_planner/lib:/home/hazem/GolfCar_ws/install/nav2_smac_planner/lib:/home/hazem/GolfCar_ws/install/nav2_rotation_shim_controller/lib:/home/hazem/GolfCar_ws/install/nav2_regulated_pure_pursuit_controller/lib:/home/hazem/GolfCar_ws/install/nav2_planner/lib:/home/hazem/GolfCar_ws/install/nav2_navfn_planner/lib:/home/hazem/GolfCar_ws/install/nav2_mppi_controller/lib:/home/hazem/GolfCar_ws/install/nav2_constrained_smoother/lib:/home/hazem/GolfCar_ws/install/nav2_bt_navigator/lib:/home/hazem/GolfCar_ws/install/nav2_behaviors/lib:/home/hazem/GolfCar_ws/install/nav2_collision_monitor/lib:/home/hazem/GolfCar_ws/install/costmap_queue/lib:/home/hazem/GolfCar_ws/install/nav2_costmap_2d/lib:/home/hazem/GolfCar_ws/install/nav2_velocity_smoother/lib:/home/hazem/GolfCar_ws/install/nav2_rviz_plugins/lib:/home/hazem/GolfCar_ws/install/nav2_behavior_tree/lib:/home/hazem/GolfCar_ws/install/nav2_amcl/lib:/usr/lib/x86_64-linux-gnu/gazebo-11/plugins:/opt/ros/humble/opt/rviz_ogre_vendor/lib:/opt/ros/humble/lib/x86_64-linux-gnu:/opt/ros/humble/lib /usr/bin/cmake --install /home/hazem/GolfCar_ws/build/nav2_costmap_2d
