[ 25%] Built target nav2_rotation_shim_controller
[ 50%] Built target gtest_main
[ 75%] Built target gtest
[100%] Built target test_shim_controller
-- Install configuration: "Release"
-- Up-to-date: /home/hazem/GolfCar_ws/install/nav2_rotation_shim_controller/lib/libnav2_rotation_shim_controller.so
-- Up-to-date: /home/hazem/GolfCar_ws/install/nav2_rotation_shim_controller/include/
-- Up-to-date: /home/hazem/GolfCar_ws/install/nav2_rotation_shim_controller/include//nav2_rotation_shim_controller
-- Up-to-date: /home/hazem/GolfCar_ws/install/nav2_rotation_shim_controller/include//nav2_rotation_shim_controller/nav2_rotation_shim_controller.hpp
-- Up-to-date: /home/hazem/GolfCar_ws/install/nav2_rotation_shim_controller/share/nav2_rotation_shim_controller/environment/library_path.sh
-- Up-to-date: /home/hazem/GolfCar_ws/install/nav2_rotation_shim_controller/share/nav2_rotation_shim_controller/environment/library_path.dsv
-- Up-to-date: /home/hazem/GolfCar_ws/install/nav2_rotation_shim_controller/share/nav2_rotation_shim_controller/nav2_rotation_shim_controller.xml
-- Up-to-date: /home/hazem/GolfCar_ws/install/nav2_rotation_shim_controller/share/ament_index/resource_index/package_run_dependencies/nav2_rotation_shim_controller
-- Up-to-date: /home/hazem/GolfCar_ws/install/nav2_rotation_shim_controller/share/ament_index/resource_index/parent_prefix_path/nav2_rotation_shim_controller
-- Up-to-date: /home/hazem/GolfCar_ws/install/nav2_rotation_shim_controller/share/nav2_rotation_shim_controller/environment/ament_prefix_path.sh
-- Up-to-date: /home/hazem/GolfCar_ws/install/nav2_rotation_shim_controller/share/nav2_rotation_shim_controller/environment/ament_prefix_path.dsv
-- Up-to-date: /home/hazem/GolfCar_ws/install/nav2_rotation_shim_controller/share/nav2_rotation_shim_controller/environment/path.sh
-- Up-to-date: /home/hazem/GolfCar_ws/install/nav2_rotation_shim_controller/share/nav2_rotation_shim_controller/environment/path.dsv
-- Up-to-date: /home/hazem/GolfCar_ws/install/nav2_rotation_shim_controller/share/nav2_rotation_shim_controller/local_setup.bash
-- Up-to-date: /home/hazem/GolfCar_ws/install/nav2_rotation_shim_controller/share/nav2_rotation_shim_controller/local_setup.sh
-- Up-to-date: /home/hazem/GolfCar_ws/install/nav2_rotation_shim_controller/share/nav2_rotation_shim_controller/local_setup.zsh
-- Up-to-date: /home/hazem/GolfCar_ws/install/nav2_rotation_shim_controller/share/nav2_rotation_shim_controller/local_setup.dsv
-- Installing: /home/hazem/GolfCar_ws/install/nav2_rotation_shim_controller/share/nav2_rotation_shim_controller/package.dsv
-- Up-to-date: /home/hazem/GolfCar_ws/install/nav2_rotation_shim_controller/share/ament_index/resource_index/packages/nav2_rotation_shim_controller
-- Up-to-date: /home/hazem/GolfCar_ws/install/nav2_rotation_shim_controller/share/ament_index/resource_index/nav2_core__pluginlib__plugin/nav2_rotation_shim_controller
-- Up-to-date: /home/hazem/GolfCar_ws/install/nav2_rotation_shim_controller/share/nav2_rotation_shim_controller/cmake/ament_cmake_export_include_directories-extras.cmake
-- Up-to-date: /home/hazem/GolfCar_ws/install/nav2_rotation_shim_controller/share/nav2_rotation_shim_controller/cmake/ament_cmake_export_libraries-extras.cmake
-- Up-to-date: /home/hazem/GolfCar_ws/install/nav2_rotation_shim_controller/share/nav2_rotation_shim_controller/cmake/ament_cmake_export_dependencies-extras.cmake
-- Up-to-date: /home/hazem/GolfCar_ws/install/nav2_rotation_shim_controller/share/nav2_rotation_shim_controller/cmake/nav2_rotation_shim_controllerConfig.cmake
-- Up-to-date: /home/hazem/GolfCar_ws/install/nav2_rotation_shim_controller/share/nav2_rotation_shim_controller/cmake/nav2_rotation_shim_controllerConfig-version.cmake
-- Up-to-date: /home/hazem/GolfCar_ws/install/nav2_rotation_shim_controller/share/nav2_rotation_shim_controller/package.xml
