[ 16%] Built target velodyne_input
[ 33%] Built target gtest_main
[ 50%] Built target gtest
[ 66%] Built target velodyne_driver
[ 83%] Built target time_test
[100%] Built target velodyne_driver_node
-- Install configuration: ""
-- Up-to-date: /home/hazem/GolfCar_ws/install/velodyne_driver/lib/libvelodyne_driver.so
-- Up-to-date: /home/hazem/GolfCar_ws/install/velodyne_driver/lib/velodyne_driver/velodyne_driver_node
-- Up-to-date: /home/hazem/GolfCar_ws/install/velodyne_driver/include/velodyne_driver
-- Up-to-date: /home/hazem/GolfCar_ws/install/velodyne_driver/include/velodyne_driver/input.hpp
-- Up-to-date: /home/hazem/GolfCar_ws/install/velodyne_driver/include/velodyne_driver/time_conversion.hpp
-- Up-to-date: /home/hazem/GolfCar_ws/install/velodyne_driver/include/velodyne_driver/driver.hpp
-- Up-to-date: /home/hazem/GolfCar_ws/install/velodyne_driver/share/velodyne_driver/config
-- Up-to-date: /home/hazem/GolfCar_ws/install/velodyne_driver/share/velodyne_driver/config/VLP16-velodyne_driver_node-params.yaml
-- Up-to-date: /home/hazem/GolfCar_ws/install/velodyne_driver/share/velodyne_driver/config/VLS128-velodyne_driver_node-params.yaml
-- Up-to-date: /home/hazem/GolfCar_ws/install/velodyne_driver/share/velodyne_driver/config/VLP32C-velodyne_driver_node-params.yaml
-- Up-to-date: /home/hazem/GolfCar_ws/install/velodyne_driver/share/velodyne_driver/launch
-- Up-to-date: /home/hazem/GolfCar_ws/install/velodyne_driver/share/velodyne_driver/launch/velodyne_driver_node-VLP16-launch.py
-- Up-to-date: /home/hazem/GolfCar_ws/install/velodyne_driver/share/velodyne_driver/launch/velodyne_driver_node-VLP32C-launch.py
-- Up-to-date: /home/hazem/GolfCar_ws/install/velodyne_driver/share/velodyne_driver/launch/velodyne_driver_node-VLP32C-composed-launch.py
-- Up-to-date: /home/hazem/GolfCar_ws/install/velodyne_driver/share/velodyne_driver/launch/velodyne_driver_node-VLP16-composed-launch.py
-- Up-to-date: /home/hazem/GolfCar_ws/install/velodyne_driver/share/velodyne_driver/launch/velodyne_driver_node-VLS128-composed-launch.py
-- Up-to-date: /home/hazem/GolfCar_ws/install/velodyne_driver/share/velodyne_driver/launch/velodyne_driver_node-VLS128-launch.py
-- Up-to-date: /home/hazem/GolfCar_ws/install/velodyne_driver/lib/velodyne_driver/vdump
-- Up-to-date: /home/hazem/GolfCar_ws/install/velodyne_driver/share/ament_index/resource_index/package_run_dependencies/velodyne_driver
-- Up-to-date: /home/hazem/GolfCar_ws/install/velodyne_driver/share/ament_index/resource_index/parent_prefix_path/velodyne_driver
-- Up-to-date: /home/hazem/GolfCar_ws/install/velodyne_driver/share/velodyne_driver/environment/ament_prefix_path.sh
-- Up-to-date: /home/hazem/GolfCar_ws/install/velodyne_driver/share/velodyne_driver/environment/ament_prefix_path.dsv
-- Up-to-date: /home/hazem/GolfCar_ws/install/velodyne_driver/share/velodyne_driver/environment/path.sh
-- Up-to-date: /home/hazem/GolfCar_ws/install/velodyne_driver/share/velodyne_driver/environment/path.dsv
-- Up-to-date: /home/hazem/GolfCar_ws/install/velodyne_driver/share/velodyne_driver/local_setup.bash
-- Up-to-date: /home/hazem/GolfCar_ws/install/velodyne_driver/share/velodyne_driver/local_setup.sh
-- Up-to-date: /home/hazem/GolfCar_ws/install/velodyne_driver/share/velodyne_driver/local_setup.zsh
-- Up-to-date: /home/hazem/GolfCar_ws/install/velodyne_driver/share/velodyne_driver/local_setup.dsv
-- Installing: /home/hazem/GolfCar_ws/install/velodyne_driver/share/velodyne_driver/package.dsv
-- Up-to-date: /home/hazem/GolfCar_ws/install/velodyne_driver/share/ament_index/resource_index/packages/velodyne_driver
-- Up-to-date: /home/hazem/GolfCar_ws/install/velodyne_driver/share/ament_index/resource_index/rclcpp_components/velodyne_driver
-- Up-to-date: /home/hazem/GolfCar_ws/install/velodyne_driver/share/velodyne_driver/cmake/velodyne_driverConfig.cmake
-- Up-to-date: /home/hazem/GolfCar_ws/install/velodyne_driver/share/velodyne_driver/cmake/velodyne_driverConfig-version.cmake
-- Up-to-date: /home/hazem/GolfCar_ws/install/velodyne_driver/share/velodyne_driver/package.xml
-- Up-to-date: /home/hazem/GolfCar_ws/install/velodyne_driver/lib/libvelodyne_input.so
