[0.024s] Invoking command in '/home/hazem/GolfCar_ws/build/pointcloud_to_laserscan': CMAKE_PREFIX_PATH=${CMAKE_PREFIX_PATH}:/home/hazem/GolfCar_ws/install/nav2_simple_commander:/opt/ros/humble /usr/bin/cmake --build /home/hazem/GolfCar_ws/build/pointcloud_to_laserscan -- -j2 -l2
[0.139s] [ 20%] Built target laserscan_to_pointcloud
[0.184s] [ 40%] Built target laserscan_to_pointcloud_node
[0.231s] [ 60%] Built target pointcloud_to_laserscan_node
[0.279s] [ 80%] Built target pointcloud_to_laserscan
[0.323s] [100%] Built target dummy_pointcloud_publisher
[0.339s] Invoked command in '/home/hazem/GolfCar_ws/build/pointcloud_to_laserscan' returned '0': CMAKE_PREFIX_PATH=${CMAKE_PREFIX_PATH}:/home/hazem/GolfCar_ws/install/nav2_simple_commander:/opt/ros/humble /usr/bin/cmake --build /home/hazem/GolfCar_ws/build/pointcloud_to_laserscan -- -j2 -l2
[0.433s] Invoking command in '/home/hazem/GolfCar_ws/build/pointcloud_to_laserscan': CMAKE_PREFIX_PATH=${CMAKE_PREFIX_PATH}:/home/hazem/GolfCar_ws/install/nav2_simple_commander:/opt/ros/humble /usr/bin/cmake --install /home/hazem/GolfCar_ws/build/pointcloud_to_laserscan
[0.446s] -- Install configuration: ""
[0.447s] -- Up-to-date: /home/hazem/GolfCar_ws/install/pointcloud_to_laserscan/lib/pointcloud_to_laserscan/laserscan_to_pointcloud_node
[0.447s] -- Up-to-date: /home/hazem/GolfCar_ws/install/pointcloud_to_laserscan/lib/pointcloud_to_laserscan/pointcloud_to_laserscan_node
[0.447s] -- Up-to-date: /home/hazem/GolfCar_ws/install/pointcloud_to_laserscan/include
[0.447s] -- Up-to-date: /home/hazem/GolfCar_ws/install/pointcloud_to_laserscan/include/pointcloud_to_laserscan
[0.447s] -- Up-to-date: /home/hazem/GolfCar_ws/install/pointcloud_to_laserscan/include/pointcloud_to_laserscan/laserscan_to_pointcloud_node.hpp
[0.448s] -- Up-to-date: /home/hazem/GolfCar_ws/install/pointcloud_to_laserscan/include/pointcloud_to_laserscan/pointcloud_to_laserscan_node.hpp
[0.448s] -- Up-to-date: /home/hazem/GolfCar_ws/install/pointcloud_to_laserscan/include/pointcloud_to_laserscan/visibility_control.h
[0.448s] -- Up-to-date: /home/hazem/GolfCar_ws/install/pointcloud_to_laserscan/share/pointcloud_to_laserscan/environment/library_path.sh
[0.448s] -- Up-to-date: /home/hazem/GolfCar_ws/install/pointcloud_to_laserscan/share/pointcloud_to_laserscan/environment/library_path.dsv
[0.448s] -- Up-to-date: /home/hazem/GolfCar_ws/install/pointcloud_to_laserscan/lib/liblaserscan_to_pointcloud.so
[0.448s] -- Up-to-date: /home/hazem/GolfCar_ws/install/pointcloud_to_laserscan/lib/libpointcloud_to_laserscan.so
[0.449s] -- Up-to-date: /home/hazem/GolfCar_ws/install/pointcloud_to_laserscan/lib/pointcloud_to_laserscan/dummy_pointcloud_publisher
[0.449s] -- Up-to-date: /home/hazem/GolfCar_ws/install/pointcloud_to_laserscan/share/pointcloud_to_laserscan/launch
[0.449s] -- Up-to-date: /home/hazem/GolfCar_ws/install/pointcloud_to_laserscan/share/pointcloud_to_laserscan/launch/velodyne_transform_node-VLP16-launch.py
[0.449s] -- Up-to-date: /home/hazem/GolfCar_ws/install/pointcloud_to_laserscan/share/pointcloud_to_laserscan/launch/sample_laserscan_to_pointcloud_launch.py
[0.449s] -- Up-to-date: /home/hazem/GolfCar_ws/install/pointcloud_to_laserscan/share/pointcloud_to_laserscan/launch/sample_pointcloud_to_laserscan_launch.py
[0.450s] -- Up-to-date: /home/hazem/GolfCar_ws/install/pointcloud_to_laserscan/share/ament_index/resource_index/package_run_dependencies/pointcloud_to_laserscan
[0.450s] -- Up-to-date: /home/hazem/GolfCar_ws/install/pointcloud_to_laserscan/share/ament_index/resource_index/parent_prefix_path/pointcloud_to_laserscan
[0.450s] -- Up-to-date: /home/hazem/GolfCar_ws/install/pointcloud_to_laserscan/share/pointcloud_to_laserscan/environment/ament_prefix_path.sh
[0.450s] -- Up-to-date: /home/hazem/GolfCar_ws/install/pointcloud_to_laserscan/share/pointcloud_to_laserscan/environment/ament_prefix_path.dsv
[0.450s] -- Up-to-date: /home/hazem/GolfCar_ws/install/pointcloud_to_laserscan/share/pointcloud_to_laserscan/environment/path.sh
[0.450s] -- Up-to-date: /home/hazem/GolfCar_ws/install/pointcloud_to_laserscan/share/pointcloud_to_laserscan/environment/path.dsv
[0.450s] -- Up-to-date: /home/hazem/GolfCar_ws/install/pointcloud_to_laserscan/share/pointcloud_to_laserscan/local_setup.bash
[0.450s] -- Up-to-date: /home/hazem/GolfCar_ws/install/pointcloud_to_laserscan/share/pointcloud_to_laserscan/local_setup.sh
[0.450s] -- Up-to-date: /home/hazem/GolfCar_ws/install/pointcloud_to_laserscan/share/pointcloud_to_laserscan/local_setup.zsh
[0.450s] -- Up-to-date: /home/hazem/GolfCar_ws/install/pointcloud_to_laserscan/share/pointcloud_to_laserscan/local_setup.dsv
[0.450s] -- Installing: /home/hazem/GolfCar_ws/install/pointcloud_to_laserscan/share/pointcloud_to_laserscan/package.dsv
[0.450s] -- Up-to-date: /home/hazem/GolfCar_ws/install/pointcloud_to_laserscan/share/ament_index/resource_index/packages/pointcloud_to_laserscan
[0.450s] -- Up-to-date: /home/hazem/GolfCar_ws/install/pointcloud_to_laserscan/share/ament_index/resource_index/rclcpp_components/pointcloud_to_laserscan
[0.450s] -- Up-to-date: /home/hazem/GolfCar_ws/install/pointcloud_to_laserscan/share/pointcloud_to_laserscan/cmake/ament_cmake_export_dependencies-extras.cmake
[0.451s] -- Up-to-date: /home/hazem/GolfCar_ws/install/pointcloud_to_laserscan/share/pointcloud_to_laserscan/cmake/ament_cmake_export_include_directories-extras.cmake
[0.451s] -- Up-to-date: /home/hazem/GolfCar_ws/install/pointcloud_to_laserscan/share/pointcloud_to_laserscan/cmake/ament_cmake_export_libraries-extras.cmake
[0.451s] -- Up-to-date: /home/hazem/GolfCar_ws/install/pointcloud_to_laserscan/share/pointcloud_to_laserscan/cmake/pointcloud_to_laserscanConfig.cmake
[0.451s] -- Up-to-date: /home/hazem/GolfCar_ws/install/pointcloud_to_laserscan/share/pointcloud_to_laserscan/cmake/pointcloud_to_laserscanConfig-version.cmake
[0.451s] -- Up-to-date: /home/hazem/GolfCar_ws/install/pointcloud_to_laserscan/share/pointcloud_to_laserscan/package.xml
[0.452s] Invoked command in '/home/hazem/GolfCar_ws/build/pointcloud_to_laserscan' returned '0': CMAKE_PREFIX_PATH=${CMAKE_PREFIX_PATH}:/home/hazem/GolfCar_ws/install/nav2_simple_commander:/opt/ros/humble /usr/bin/cmake --install /home/hazem/GolfCar_ws/build/pointcloud_to_laserscan
