[ 50%] Built target velodyne_laserscan
[100%] Built target velodyne_laserscan_node
-- Install configuration: ""
-- Up-to-date: /home/hazem/GolfCar_ws/install/velodyne_laserscan/lib/libvelodyne_laserscan.so
-- Up-to-date: /home/hazem/GolfCar_ws/install/velodyne_laserscan/lib/velodyne_laserscan/velodyne_laserscan_node
-- Up-to-date: /home/hazem/GolfCar_ws/install/velodyne_laserscan/include/velodyne_laserscan
-- Up-to-date: /home/hazem/GolfCar_ws/install/velodyne_laserscan/include/velodyne_laserscan/velodyne_laserscan.hpp
-- Up-to-date: /home/hazem/GolfCar_ws/install/velodyne_laserscan/share/velodyne_laserscan/config
-- Up-to-date: /home/hazem/GolfCar_ws/install/velodyne_laserscan/share/velodyne_laserscan/config/default-velodyne_laserscan_node-params.yaml
-- Up-to-date: /home/hazem/GolfCar_ws/install/velodyne_laserscan/share/velodyne_laserscan/launch
-- Up-to-date: /home/hazem/GolfCar_ws/install/velodyne_laserscan/share/velodyne_laserscan/launch/velodyne_laserscan_node-composed-launch.py
-- Up-to-date: /home/hazem/GolfCar_ws/install/velodyne_laserscan/share/velodyne_laserscan/launch/velodyne_laserscan_node-launch.py
-- Up-to-date: /home/hazem/GolfCar_ws/install/velodyne_laserscan/share/ament_index/resource_index/package_run_dependencies/velodyne_laserscan
-- Up-to-date: /home/hazem/GolfCar_ws/install/velodyne_laserscan/share/ament_index/resource_index/parent_prefix_path/velodyne_laserscan
-- Up-to-date: /home/hazem/GolfCar_ws/install/velodyne_laserscan/share/velodyne_laserscan/environment/ament_prefix_path.sh
-- Up-to-date: /home/hazem/GolfCar_ws/install/velodyne_laserscan/share/velodyne_laserscan/environment/ament_prefix_path.dsv
-- Up-to-date: /home/hazem/GolfCar_ws/install/velodyne_laserscan/share/velodyne_laserscan/environment/path.sh
-- Up-to-date: /home/hazem/GolfCar_ws/install/velodyne_laserscan/share/velodyne_laserscan/environment/path.dsv
-- Up-to-date: /home/hazem/GolfCar_ws/install/velodyne_laserscan/share/velodyne_laserscan/local_setup.bash
-- Up-to-date: /home/hazem/GolfCar_ws/install/velodyne_laserscan/share/velodyne_laserscan/local_setup.sh
-- Up-to-date: /home/hazem/GolfCar_ws/install/velodyne_laserscan/share/velodyne_laserscan/local_setup.zsh
-- Up-to-date: /home/hazem/GolfCar_ws/install/velodyne_laserscan/share/velodyne_laserscan/local_setup.dsv
-- Installing: /home/hazem/GolfCar_ws/install/velodyne_laserscan/share/velodyne_laserscan/package.dsv
-- Up-to-date: /home/hazem/GolfCar_ws/install/velodyne_laserscan/share/ament_index/resource_index/packages/velodyne_laserscan
-- Up-to-date: /home/hazem/GolfCar_ws/install/velodyne_laserscan/share/ament_index/resource_index/rclcpp_components/velodyne_laserscan
-- Up-to-date: /home/hazem/GolfCar_ws/install/velodyne_laserscan/share/velodyne_laserscan/cmake/velodyne_laserscanConfig.cmake
-- Up-to-date: /home/hazem/GolfCar_ws/install/velodyne_laserscan/share/velodyne_laserscan/cmake/velodyne_laserscanConfig-version.cmake
-- Up-to-date: /home/hazem/GolfCar_ws/install/velodyne_laserscan/share/velodyne_laserscan/package.xml
