[0.016s] Invoking command in '/home/hazem/GolfCar_ws/build/velodyne_laserscan': CMAKE_PREFIX_PATH=${CMAKE_PREFIX_PATH}:/home/hazem/GolfCar_ws/install/nav2_simple_commander:/opt/ros/humble /usr/bin/cmake --build /home/hazem/GolfCar_ws/build/velodyne_laserscan -- -j2 -l2
[0.126s] [ 50%] Built target velodyne_laserscan
[0.193s] [100%] Built target velodyne_laserscan_node
[0.212s] Invoked command in '/home/hazem/GolfCar_ws/build/velodyne_laserscan' returned '0': CMAKE_PREFIX_PATH=${CMAKE_PREFIX_PATH}:/home/hazem/GolfCar_ws/install/nav2_simple_commander:/opt/ros/humble /usr/bin/cmake --build /home/hazem/GolfCar_ws/build/velodyne_laserscan -- -j2 -l2
[0.330s] Invoking command in '/home/hazem/GolfCar_ws/build/velodyne_laserscan': CMAKE_PREFIX_PATH=${CMAKE_PREFIX_PATH}:/home/hazem/GolfCar_ws/install/nav2_simple_commander:/opt/ros/humble /usr/bin/cmake --install /home/hazem/GolfCar_ws/build/velodyne_laserscan
[0.347s] -- Install configuration: ""
[0.348s] -- Up-to-date: /home/hazem/GolfCar_ws/install/velodyne_laserscan/lib/libvelodyne_laserscan.so
[0.348s] -- Up-to-date: /home/hazem/GolfCar_ws/install/velodyne_laserscan/lib/velodyne_laserscan/velodyne_laserscan_node
[0.348s] -- Up-to-date: /home/hazem/GolfCar_ws/install/velodyne_laserscan/include/velodyne_laserscan
[0.349s] -- Up-to-date: /home/hazem/GolfCar_ws/install/velodyne_laserscan/include/velodyne_laserscan/velodyne_laserscan.hpp
[0.349s] -- Up-to-date: /home/hazem/GolfCar_ws/install/velodyne_laserscan/share/velodyne_laserscan/config
[0.349s] -- Up-to-date: /home/hazem/GolfCar_ws/install/velodyne_laserscan/share/velodyne_laserscan/config/default-velodyne_laserscan_node-params.yaml
[0.349s] -- Up-to-date: /home/hazem/GolfCar_ws/install/velodyne_laserscan/share/velodyne_laserscan/launch
[0.349s] -- Up-to-date: /home/hazem/GolfCar_ws/install/velodyne_laserscan/share/velodyne_laserscan/launch/velodyne_laserscan_node-composed-launch.py
[0.349s] -- Up-to-date: /home/hazem/GolfCar_ws/install/velodyne_laserscan/share/velodyne_laserscan/launch/velodyne_laserscan_node-launch.py
[0.349s] -- Up-to-date: /home/hazem/GolfCar_ws/install/velodyne_laserscan/share/ament_index/resource_index/package_run_dependencies/velodyne_laserscan
[0.349s] -- Up-to-date: /home/hazem/GolfCar_ws/install/velodyne_laserscan/share/ament_index/resource_index/parent_prefix_path/velodyne_laserscan
[0.349s] -- Up-to-date: /home/hazem/GolfCar_ws/install/velodyne_laserscan/share/velodyne_laserscan/environment/ament_prefix_path.sh
[0.349s] -- Up-to-date: /home/hazem/GolfCar_ws/install/velodyne_laserscan/share/velodyne_laserscan/environment/ament_prefix_path.dsv
[0.350s] -- Up-to-date: /home/hazem/GolfCar_ws/install/velodyne_laserscan/share/velodyne_laserscan/environment/path.sh
[0.350s] -- Up-to-date: /home/hazem/GolfCar_ws/install/velodyne_laserscan/share/velodyne_laserscan/environment/path.dsv
[0.350s] -- Up-to-date: /home/hazem/GolfCar_ws/install/velodyne_laserscan/share/velodyne_laserscan/local_setup.bash
[0.350s] -- Up-to-date: /home/hazem/GolfCar_ws/install/velodyne_laserscan/share/velodyne_laserscan/local_setup.sh
[0.350s] -- Up-to-date: /home/hazem/GolfCar_ws/install/velodyne_laserscan/share/velodyne_laserscan/local_setup.zsh
[0.350s] -- Up-to-date: /home/hazem/GolfCar_ws/install/velodyne_laserscan/share/velodyne_laserscan/local_setup.dsv
[0.350s] -- Installing: /home/hazem/GolfCar_ws/install/velodyne_laserscan/share/velodyne_laserscan/package.dsv
[0.350s] -- Up-to-date: /home/hazem/GolfCar_ws/install/velodyne_laserscan/share/ament_index/resource_index/packages/velodyne_laserscan
[0.350s] -- Up-to-date: /home/hazem/GolfCar_ws/install/velodyne_laserscan/share/ament_index/resource_index/rclcpp_components/velodyne_laserscan
[0.350s] -- Up-to-date: /home/hazem/GolfCar_ws/install/velodyne_laserscan/share/velodyne_laserscan/cmake/velodyne_laserscanConfig.cmake
[0.350s] -- Up-to-date: /home/hazem/GolfCar_ws/install/velodyne_laserscan/share/velodyne_laserscan/cmake/velodyne_laserscanConfig-version.cmake
[0.351s] -- Up-to-date: /home/hazem/GolfCar_ws/install/velodyne_laserscan/share/velodyne_laserscan/package.xml
[0.352s] Invoked command in '/home/hazem/GolfCar_ws/build/velodyne_laserscan' returned '0': CMAKE_PREFIX_PATH=${CMAKE_PREFIX_PATH}:/home/hazem/GolfCar_ws/install/nav2_simple_commander:/opt/ros/humble /usr/bin/cmake --install /home/hazem/GolfCar_ws/build/velodyne_laserscan
